Namespace(accimage=False, annotation_path=PosixPath('/tudelft.net/staff-bulk/ewi/insy/VisionLab/ombrettastraff/instructional_videos/i3d_breakfast/data/processed/video_sets_split'), arch='resnet-18', batch_size=4, batchnorm_sync=False, begin_epoch=1, checkpoint=1, colorjitter=False, conv1_t_size=7, conv1_t_stride=1, dampening=0.0, dataset='breakfast', dist_url='tcp://127.0.0.1:23456', distributed=False, file_type='jpg', ft_begin_module='', inference=False, inference_batch_size=4, inference_crop=None, inference_no_average=True, inference_stride=16, inference_subset='val', input_type='rgb', learning_rate=0.1, lr_scheduler='multistep', manual_seed=42, mean=[0.4345, 0.4051, 0.3775], mean_dataset='kinetics', model='resnet', model_depth=18, momentum=0.9, multistep_milestones=[50, 100, 150], n_classes=10, n_epochs=200, n_input_channels=3, n_pretrain_classes=0, n_threads=1, n_val_samples=1, nesterov=False, no_cuda=False, no_hflip=True, no_max_pool=False, no_mean_norm=True, no_std_norm=True, no_train=False, no_val=False, optimizer='sgd', output_topk=5, overwrite_milestones=False, plateau_patience=10, pretrain_path=None, resnet_shortcut='B', resnet_widen_factor=1.0, resnext_cardinality=32, result_path=PosixPath('breakfast_shuffled_frames_results'), resume_path=None, root_path=None, sample_duration=512, sample_size=224, sample_t_stride=1, std=[0.2768, 0.2713, 0.2737], tensorboard=True, train_crop=None, train_crop_min_ratio=0.75, train_crop_min_scale=0.25, train_t_crop=None, value_scale=1, video_path=PosixPath('/tudelft.net/staff-bulk/ewi/insy/VisionLab/ombrettastraff/instructional_videos/i3d_breakfast/data/processed/uniform_512_frames_shuffled_raw.hdf5'), weight_decay=0.001, wide_resnet_k=2, world_size=-1)
DataParallel(
  (module): ResNet(
    (conv1): Conv3d(3, 64, kernel_size=(7, 7, 7), stride=(1, 2, 2), padding=(3, 3, 3), bias=False)
    (bn1): BatchNorm3d(64, eps=1e-05, momentum=0.1, affine=True, track_running_stats=True)
    (relu): ReLU(inplace=True)
    (maxpool): MaxPool3d(kernel_size=3, stride=2, padding=1, dilation=1, ceil_mode=False)
    (layer1): Sequential(
      (0): BasicBlock(
        (conv1): Conv3d(64, 64, kernel_size=(3, 3, 3), stride=(1, 1, 1), padding=(1, 1, 1), bias=False)
        (bn1): BatchNorm3d(64, eps=1e-05, momentum=0.1, affine=True, track_running_stats=True)
        (relu): ReLU(inplace=True)
        (conv2): Conv3d(64, 64, kernel_size=(3, 3, 3), stride=(1, 1, 1), padding=(1, 1, 1), bias=False)
        (bn2): BatchNorm3d(64, eps=1e-05, momentum=0.1, affine=True, track_running_stats=True)
      )
      (1): BasicBlock(
        (conv1): Conv3d(64, 64, kernel_size=(3, 3, 3), stride=(1, 1, 1), padding=(1, 1, 1), bias=False)
        (bn1): BatchNorm3d(64, eps=1e-05, momentum=0.1, affine=True, track_running_stats=True)
        (relu): ReLU(inplace=True)
        (conv2): Conv3d(64, 64, kernel_size=(3, 3, 3), stride=(1, 1, 1), padding=(1, 1, 1), bias=False)
        (bn2): BatchNorm3d(64, eps=1e-05, momentum=0.1, affine=True, track_running_stats=True)
      )
    )
    (layer2): Sequential(
      (0): BasicBlock(
        (conv1): Conv3d(64, 128, kernel_size=(3, 3, 3), stride=(2, 2, 2), padding=(1, 1, 1), bias=False)
        (bn1): BatchNorm3d(128, eps=1e-05, momentum=0.1, affine=True, track_running_stats=True)
        (relu): ReLU(inplace=True)
        (conv2): Conv3d(128, 128, kernel_size=(3, 3, 3), stride=(1, 1, 1), padding=(1, 1, 1), bias=False)
        (bn2): BatchNorm3d(128, eps=1e-05, momentum=0.1, affine=True, track_running_stats=True)
        (downsample): Sequential(
          (0): Conv3d(64, 128, kernel_size=(1, 1, 1), stride=(2, 2, 2), bias=False)
          (1): BatchNorm3d(128, eps=1e-05, momentum=0.1, affine=True, track_running_stats=True)
        )
      )
      (1): BasicBlock(
        (conv1): Conv3d(128, 128, kernel_size=(3, 3, 3), stride=(1, 1, 1), padding=(1, 1, 1), bias=False)
        (bn1): BatchNorm3d(128, eps=1e-05, momentum=0.1, affine=True, track_running_stats=True)
        (relu): ReLU(inplace=True)
        (conv2): Conv3d(128, 128, kernel_size=(3, 3, 3), stride=(1, 1, 1), padding=(1, 1, 1), bias=False)
        (bn2): BatchNorm3d(128, eps=1e-05, momentum=0.1, affine=True, track_running_stats=True)
      )
    )
    (layer3): Sequential(
      (0): BasicBlock(
        (conv1): Conv3d(128, 256, kernel_size=(3, 3, 3), stride=(2, 2, 2), padding=(1, 1, 1), bias=False)
        (bn1): BatchNorm3d(256, eps=1e-05, momentum=0.1, affine=True, track_running_stats=True)
        (relu): ReLU(inplace=True)
        (conv2): Conv3d(256, 256, kernel_size=(3, 3, 3), stride=(1, 1, 1), padding=(1, 1, 1), bias=False)
        (bn2): BatchNorm3d(256, eps=1e-05, momentum=0.1, affine=True, track_running_stats=True)
        (downsample): Sequential(
          (0): Conv3d(128, 256, kernel_size=(1, 1, 1), stride=(2, 2, 2), bias=False)
          (1): BatchNorm3d(256, eps=1e-05, momentum=0.1, affine=True, track_running_stats=True)
        )
      )
      (1): BasicBlock(
        (conv1): Conv3d(256, 256, kernel_size=(3, 3, 3), stride=(1, 1, 1), padding=(1, 1, 1), bias=False)
        (bn1): BatchNorm3d(256, eps=1e-05, momentum=0.1, affine=True, track_running_stats=True)
        (relu): ReLU(inplace=True)
        (conv2): Conv3d(256, 256, kernel_size=(3, 3, 3), stride=(1, 1, 1), padding=(1, 1, 1), bias=False)
        (bn2): BatchNorm3d(256, eps=1e-05, momentum=0.1, affine=True, track_running_stats=True)
      )
    )
    (layer4): Sequential(
      (0): BasicBlock(
        (conv1): Conv3d(256, 512, kernel_size=(3, 3, 3), stride=(2, 2, 2), padding=(1, 1, 1), bias=False)
        (bn1): BatchNorm3d(512, eps=1e-05, momentum=0.1, affine=True, track_running_stats=True)
        (relu): ReLU(inplace=True)
        (conv2): Conv3d(512, 512, kernel_size=(3, 3, 3), stride=(1, 1, 1), padding=(1, 1, 1), bias=False)
        (bn2): BatchNorm3d(512, eps=1e-05, momentum=0.1, affine=True, track_running_stats=True)
        (downsample): Sequential(
          (0): Conv3d(256, 512, kernel_size=(1, 1, 1), stride=(2, 2, 2), bias=False)
          (1): BatchNorm3d(512, eps=1e-05, momentum=0.1, affine=True, track_running_stats=True)
        )
      )
      (1): BasicBlock(
        (conv1): Conv3d(512, 512, kernel_size=(3, 3, 3), stride=(1, 1, 1), padding=(1, 1, 1), bias=False)
        (bn1): BatchNorm3d(512, eps=1e-05, momentum=0.1, affine=True, track_running_stats=True)
        (relu): ReLU(inplace=True)
        (conv2): Conv3d(512, 512, kernel_size=(3, 3, 3), stride=(1, 1, 1), padding=(1, 1, 1), bias=False)
        (bn2): BatchNorm3d(512, eps=1e-05, momentum=0.1, affine=True, track_running_stats=True)
      )
    )
    (avgpool): AdaptiveAvgPool3d(output_size=(1, 1, 1))
    (fc): Linear(in_features=512, out_features=10, bias=True)
  )
)
train at epoch 1
Epoch: [1][1/249]	Time 42.671 (42.671)	Data 20.330 (20.330)	Loss 2.3830 (2.3830)	Acc 0.000 (0.000)
Epoch: [1][2/249]	Time 2.925 (22.798)	Data 0.000 (10.165)	Loss 10.9074 (6.6452)	Acc 0.250 (0.125)
Epoch: [1][3/249]	Time 1.493 (15.697)	Data 0.000 (6.777)	Loss 16.1790 (9.8231)	Acc 0.000 (0.083)
Epoch: [1][4/249]	Time 17.446 (16.134)	Data 16.861 (9.298)	Loss 16.5508 (11.5051)	Acc 0.000 (0.062)
Epoch: [1][5/249]	Time 10.596 (15.026)	Data 10.042 (9.447)	Loss 9.9022 (11.1845)	Acc 0.000 (0.050)
Epoch: [1][6/249]	Time 11.164 (14.383)	Data 10.601 (9.639)	Loss 9.5452 (10.9113)	Acc 0.000 (0.042)
Epoch: [1][7/249]	Time 10.507 (13.829)	Data 9.946 (9.683)	Loss 13.3619 (11.2614)	Acc 0.000 (0.036)
Epoch: [1][8/249]	Time 10.721 (13.441)	Data 10.150 (9.741)	Loss 4.3810 (10.4013)	Acc 0.000 (0.031)
Epoch: [1][9/249]	Time 10.621 (13.127)	Data 10.065 (9.777)	Loss 12.5679 (10.6420)	Acc 0.000 (0.028)
Epoch: [1][10/249]	Time 10.204 (12.835)	Data 9.643 (9.764)	Loss 9.8993 (10.5678)	Acc 0.250 (0.050)
Epoch: [1][11/249]	Time 10.299 (12.604)	Data 9.745 (9.762)	Loss 8.2460 (10.3567)	Acc 0.000 (0.045)
Epoch: [1][12/249]	Time 10.251 (12.408)	Data 9.677 (9.755)	Loss 6.9699 (10.0745)	Acc 0.250 (0.062)
Epoch: [1][13/249]	Time 11.938 (12.372)	Data 11.362 (9.879)	Loss 3.5138 (9.5698)	Acc 0.250 (0.077)
Epoch: [1][14/249]	Time 11.270 (12.293)	Data 10.710 (9.938)	Loss 7.5539 (9.4258)	Acc 0.000 (0.071)
Epoch: [1][15/249]	Time 12.861 (12.331)	Data 12.304 (10.096)	Loss 14.5254 (9.7658)	Acc 0.000 (0.067)
Epoch: [1][16/249]	Time 12.116 (12.318)	Data 11.540 (10.186)	Loss 5.0486 (9.4710)	Acc 0.250 (0.078)
Epoch: [1][17/249]	Time 11.025 (12.242)	Data 10.462 (10.202)	Loss 6.8932 (9.3193)	Acc 0.000 (0.074)
Epoch: [1][18/249]	Time 10.457 (12.143)	Data 9.905 (10.186)	Loss 4.3416 (9.0428)	Acc 0.250 (0.083)
Epoch: [1][19/249]	Time 11.107 (12.088)	Data 10.550 (10.205)	Loss 2.4597 (8.6963)	Acc 0.250 (0.092)
Epoch: [1][20/249]	Time 10.572 (12.012)	Data 10.004 (10.195)	Loss 2.6106 (8.3920)	Acc 0.250 (0.100)
Epoch: [1][21/249]	Time 10.509 (11.941)	Data 9.934 (10.182)	Loss 2.2699 (8.1005)	Acc 0.250 (0.107)
Epoch: [1][22/249]	Time 10.644 (11.882)	Data 10.088 (10.178)	Loss 3.0420 (7.8706)	Acc 0.000 (0.102)
Epoch: [1][23/249]	Time 12.018 (11.888)	Data 11.460 (10.234)	Loss 2.9166 (7.6552)	Acc 0.000 (0.098)
Epoch: [1][24/249]	Time 10.998 (11.851)	Data 10.422 (10.242)	Loss 2.3301 (7.4333)	Acc 0.000 (0.094)
Epoch: [1][25/249]	Time 10.522 (11.798)	Data 9.945 (10.230)	Loss 2.2260 (7.2250)	Acc 0.250 (0.100)
Epoch: [1][26/249]	Time 10.860 (11.761)	Data 10.303 (10.233)	Loss 2.8450 (7.0565)	Acc 0.000 (0.096)
Epoch: [1][27/249]	Time 10.352 (11.709)	Data 9.793 (10.216)	Loss 2.2698 (6.8792)	Acc 0.250 (0.102)
Epoch: [1][28/249]	Time 11.207 (11.691)	Data 10.652 (10.232)	Loss 2.8103 (6.7339)	Acc 0.000 (0.098)
Epoch: [1][29/249]	Time 10.831 (11.662)	Data 10.255 (10.233)	Loss 2.2534 (6.5794)	Acc 0.000 (0.095)
Epoch: [1][30/249]	Time 11.308 (11.650)	Data 10.747 (10.250)	Loss 2.1817 (6.4328)	Acc 0.250 (0.100)
Epoch: [1][31/249]	Time 10.557 (11.615)	Data 9.999 (10.242)	Loss 2.1557 (6.2949)	Acc 0.250 (0.105)
Epoch: [1][32/249]	Time 10.962 (11.594)	Data 10.401 (10.247)	Loss 2.0864 (6.1633)	Acc 0.250 (0.109)
Epoch: [1][33/249]	Time 11.534 (11.592)	Data 10.970 (10.269)	Loss 2.3993 (6.0493)	Acc 0.000 (0.106)
Epoch: [1][34/249]	Time 10.279 (11.554)	Data 9.718 (10.252)	Loss 2.0991 (5.9331)	Acc 0.250 (0.110)
Epoch: [1][35/249]	Time 10.522 (11.524)	Data 9.969 (10.244)	Loss 2.7103 (5.8410)	Acc 0.000 (0.107)
Epoch: [1][36/249]	Time 10.466 (11.495)	Data 9.912 (10.235)	Loss 2.1703 (5.7391)	Acc 0.250 (0.111)
Epoch: [1][37/249]	Time 11.501 (11.495)	Data 10.900 (10.253)	Loss 2.7122 (5.6573)	Acc 0.000 (0.108)
Epoch: [1][38/249]	Time 11.117 (11.485)	Data 10.539 (10.261)	Loss 2.4387 (5.5726)	Acc 0.250 (0.112)
Epoch: [1][39/249]	Time 10.911 (11.470)	Data 10.354 (10.263)	Loss 2.4704 (5.4930)	Acc 0.000 (0.109)
Epoch: [1][40/249]	Time 10.589 (11.448)	Data 10.036 (10.257)	Loss 2.6042 (5.4208)	Acc 0.000 (0.106)
Epoch: [1][41/249]	Time 11.177 (11.442)	Data 10.618 (10.266)	Loss 1.8941 (5.3348)	Acc 0.500 (0.116)
Epoch: [1][42/249]	Time 11.898 (11.453)	Data 11.325 (10.291)	Loss 2.6875 (5.2717)	Acc 0.000 (0.113)
Epoch: [1][43/249]	Time 11.908 (11.463)	Data 11.346 (10.316)	Loss 2.3864 (5.2046)	Acc 0.000 (0.110)
Epoch: [1][44/249]	Time 12.001 (11.475)	Data 11.442 (10.341)	Loss 2.7424 (5.1487)	Acc 0.000 (0.108)
Epoch: [1][45/249]	Time 11.520 (11.476)	Data 10.965 (10.355)	Loss 2.4484 (5.0887)	Acc 0.000 (0.106)
Epoch: [1][46/249]	Time 11.773 (11.483)	Data 11.197 (10.374)	Loss 2.1853 (5.0256)	Acc 0.000 (0.103)
Epoch: [1][47/249]	Time 10.801 (11.468)	Data 10.245 (10.371)	Loss 2.0858 (4.9630)	Acc 0.000 (0.101)
Epoch: [1][48/249]	Time 11.234 (11.463)	Data 10.680 (10.377)	Loss 2.1800 (4.9050)	Acc 0.500 (0.109)
Epoch: [1][49/249]	Time 11.466 (11.464)	Data 10.907 (10.388)	Loss 2.3784 (4.8535)	Acc 0.000 (0.107)
Epoch: [1][50/249]	Time 11.756 (11.469)	Data 11.174 (10.404)	Loss 2.4131 (4.8047)	Acc 0.250 (0.110)
Epoch: [1][51/249]	Time 11.079 (11.462)	Data 10.521 (10.406)	Loss 2.1571 (4.7527)	Acc 0.250 (0.113)
Epoch: [1][52/249]	Time 11.886 (11.470)	Data 11.326 (10.424)	Loss 2.5976 (4.7113)	Acc 0.000 (0.111)
Epoch: [1][53/249]	Time 12.641 (11.492)	Data 12.080 (10.455)	Loss 2.2005 (4.6639)	Acc 0.000 (0.108)
Epoch: [1][54/249]	Time 10.901 (11.481)	Data 10.329 (10.453)	Loss 2.2593 (4.6194)	Acc 0.250 (0.111)
Epoch: [1][55/249]	Time 10.982 (11.472)	Data 10.430 (10.452)	Loss 2.2723 (4.5767)	Acc 0.250 (0.114)
Epoch: [1][56/249]	Time 11.407 (11.471)	Data 10.849 (10.459)	Loss 2.2637 (4.5354)	Acc 0.250 (0.116)
Epoch: [1][57/249]	Time 10.114 (11.447)	Data 9.556 (10.444)	Loss 2.4907 (4.4995)	Acc 0.000 (0.114)
Epoch: [1][58/249]	Time 11.010 (11.439)	Data 10.431 (10.443)	Loss 2.5394 (4.4658)	Acc 0.000 (0.112)
Epoch: [1][59/249]	Time 11.058 (11.433)	Data 10.505 (10.444)	Loss 2.5357 (4.4330)	Acc 0.000 (0.110)
Epoch: [1][60/249]	Time 9.959 (11.408)	Data 9.402 (10.427)	Loss 2.4888 (4.4006)	Acc 0.000 (0.108)
Epoch: [1][61/249]	Time 11.187 (11.405)	Data 10.627 (10.430)	Loss 2.5339 (4.3700)	Acc 0.000 (0.107)
Epoch: [1][62/249]	Time 10.340 (11.388)	Data 9.762 (10.420)	Loss 2.4502 (4.3391)	Acc 0.000 (0.105)
Epoch: [1][63/249]	Time 10.135 (11.368)	Data 9.561 (10.406)	Loss 2.2388 (4.3057)	Acc 0.250 (0.107)
Epoch: [1][64/249]	Time 10.817 (11.359)	Data 10.263 (10.404)	Loss 2.1718 (4.2724)	Acc 0.500 (0.113)
Epoch: [1][65/249]	Time 10.564 (11.347)	Data 10.004 (10.398)	Loss 2.3468 (4.2428)	Acc 0.000 (0.112)
Epoch: [1][66/249]	Time 10.657 (11.336)	Data 10.099 (10.393)	Loss 2.2579 (4.2127)	Acc 0.250 (0.114)
Epoch: [1][67/249]	Time 11.298 (11.336)	Data 10.721 (10.398)	Loss 2.1615 (4.1821)	Acc 0.250 (0.116)
Epoch: [1][68/249]	Time 10.925 (11.330)	Data 10.369 (10.397)	Loss 2.4625 (4.1568)	Acc 0.000 (0.114)
Epoch: [1][69/249]	Time 10.435 (11.317)	Data 9.880 (10.390)	Loss 2.5486 (4.1335)	Acc 0.000 (0.112)
Epoch: [1][70/249]	Time 11.266 (11.316)	Data 10.709 (10.395)	Loss 2.1545 (4.1052)	Acc 0.000 (0.111)
Epoch: [1][71/249]	Time 11.086 (11.313)	Data 10.506 (10.396)	Loss 2.2980 (4.0798)	Acc 0.250 (0.113)
Epoch: [1][72/249]	Time 10.256 (11.298)	Data 9.702 (10.386)	Loss 2.1397 (4.0528)	Acc 0.500 (0.118)
Epoch: [1][73/249]	Time 11.619 (11.303)	Data 11.068 (10.396)	Loss 2.3321 (4.0292)	Acc 0.000 (0.116)
Epoch: [1][74/249]	Time 10.661 (11.294)	Data 10.104 (10.392)	Loss 2.2119 (4.0047)	Acc 0.500 (0.122)
Epoch: [1][75/249]	Time 10.878 (11.288)	Data 10.304 (10.391)	Loss 2.2676 (3.9815)	Acc 0.000 (0.120)
Epoch: [1][76/249]	Time 10.705 (11.281)	Data 10.130 (10.387)	Loss 2.2072 (3.9582)	Acc 0.000 (0.118)
Epoch: [1][77/249]	Time 10.341 (11.269)	Data 9.785 (10.379)	Loss 2.3510 (3.9373)	Acc 0.000 (0.117)
Epoch: [1][78/249]	Time 10.679 (11.261)	Data 10.117 (10.376)	Loss 2.7267 (3.9218)	Acc 0.000 (0.115)
Epoch: [1][79/249]	Time 11.119 (11.259)	Data 10.561 (10.378)	Loss 2.0410 (3.8980)	Acc 0.250 (0.117)
Epoch: [1][80/249]	Time 10.732 (11.253)	Data 10.157 (10.376)	Loss 2.2079 (3.8769)	Acc 0.000 (0.116)
Epoch: [1][81/249]	Time 11.550 (11.256)	Data 10.991 (10.383)	Loss 2.1792 (3.8559)	Acc 0.000 (0.114)
Epoch: [1][82/249]	Time 10.919 (11.252)	Data 10.370 (10.383)	Loss 2.2966 (3.8369)	Acc 0.000 (0.113)
Epoch: [1][83/249]	Time 11.191 (11.251)	Data 10.636 (10.386)	Loss 2.7714 (3.8240)	Acc 0.000 (0.111)
Epoch: [1][84/249]	Time 11.205 (11.251)	Data 10.629 (10.389)	Loss 2.8708 (3.8127)	Acc 0.000 (0.110)
Epoch: [1][85/249]	Time 10.732 (11.245)	Data 10.170 (10.386)	Loss 2.6111 (3.7986)	Acc 0.000 (0.109)
Epoch: [1][86/249]	Time 10.450 (11.236)	Data 9.890 (10.381)	Loss 2.0709 (3.7785)	Acc 0.250 (0.110)
Epoch: [1][87/249]	Time 11.293 (11.236)	Data 10.737 (10.385)	Loss 2.4594 (3.7633)	Acc 0.000 (0.109)
Epoch: [1][88/249]	Time 10.942 (11.233)	Data 10.363 (10.385)	Loss 2.2948 (3.7466)	Acc 0.250 (0.111)
Epoch: [1][89/249]	Time 10.474 (11.224)	Data 9.917 (10.379)	Loss 2.2651 (3.7300)	Acc 0.000 (0.110)
Epoch: [1][90/249]	Time 10.843 (11.220)	Data 10.288 (10.378)	Loss 2.1418 (3.7123)	Acc 0.250 (0.111)
Epoch: [1][91/249]	Time 10.946 (11.217)	Data 10.388 (10.378)	Loss 2.2626 (3.6964)	Acc 0.000 (0.110)
Epoch: [1][92/249]	Time 10.634 (11.211)	Data 10.070 (10.375)	Loss 2.3743 (3.6820)	Acc 0.250 (0.111)
Epoch: [1][93/249]	Time 10.369 (11.202)	Data 9.794 (10.369)	Loss 2.7152 (3.6716)	Acc 0.000 (0.110)
Epoch: [1][94/249]	Time 10.495 (11.194)	Data 9.937 (10.364)	Loss 2.3032 (3.6571)	Acc 0.000 (0.109)
Epoch: [1][95/249]	Time 11.745 (11.200)	Data 11.188 (10.373)	Loss 2.4152 (3.6440)	Acc 0.000 (0.108)
Epoch: [1][96/249]	Time 10.819 (11.196)	Data 10.260 (10.372)	Loss 2.4009 (3.6310)	Acc 0.000 (0.107)
Epoch: [1][97/249]	Time 10.924 (11.193)	Data 10.342 (10.371)	Loss 2.1360 (3.6156)	Acc 0.250 (0.108)
Epoch: [1][98/249]	Time 10.407 (11.185)	Data 9.847 (10.366)	Loss 2.3504 (3.6027)	Acc 0.250 (0.110)
Epoch: [1][99/249]	Time 10.729 (11.181)	Data 10.170 (10.364)	Loss 2.3297 (3.5899)	Acc 0.000 (0.109)
Epoch: [1][100/249]	Time 10.832 (11.177)	Data 10.278 (10.363)	Loss 2.1966 (3.5759)	Acc 0.000 (0.107)
Epoch: [1][101/249]	Time 10.751 (11.173)	Data 10.176 (10.361)	Loss 2.1062 (3.5614)	Acc 0.250 (0.109)
Epoch: [1][102/249]	Time 10.452 (11.166)	Data 9.898 (10.357)	Loss 2.0011 (3.5461)	Acc 0.250 (0.110)
Epoch: [1][103/249]	Time 10.917 (11.163)	Data 10.361 (10.357)	Loss 2.1609 (3.5326)	Acc 0.500 (0.114)
Epoch: [1][104/249]	Time 11.060 (11.162)	Data 10.501 (10.358)	Loss 2.3613 (3.5214)	Acc 0.250 (0.115)
Epoch: [1][105/249]	Time 10.189 (11.153)	Data 9.631 (10.351)	Loss 2.5251 (3.5119)	Acc 0.000 (0.114)
Epoch: [1][106/249]	Time 10.821 (11.150)	Data 10.245 (10.350)	Loss 2.2009 (3.4995)	Acc 0.000 (0.113)
Epoch: [1][107/249]	Time 10.806 (11.147)	Data 10.250 (10.349)	Loss 2.5682 (3.4908)	Acc 0.000 (0.112)
Epoch: [1][108/249]	Time 11.070 (11.146)	Data 10.512 (10.351)	Loss 2.3322 (3.4801)	Acc 0.000 (0.111)
Epoch: [1][109/249]	Time 10.523 (11.140)	Data 9.970 (10.347)	Loss 2.5097 (3.4712)	Acc 0.000 (0.110)
Epoch: [1][110/249]	Time 10.685 (11.136)	Data 10.118 (10.345)	Loss 2.0335 (3.4581)	Acc 0.250 (0.111)
Epoch: [1][111/249]	Time 11.661 (11.141)	Data 11.100 (10.352)	Loss 2.3932 (3.4485)	Acc 0.000 (0.110)
Epoch: [1][112/249]	Time 10.146 (11.132)	Data 9.592 (10.345)	Loss 2.1119 (3.4366)	Acc 0.000 (0.109)
Epoch: [1][113/249]	Time 10.595 (11.127)	Data 10.037 (10.343)	Loss 2.5997 (3.4292)	Acc 0.000 (0.108)
Epoch: [1][114/249]	Time 10.019 (11.118)	Data 9.443 (10.335)	Loss 2.5393 (3.4214)	Acc 0.250 (0.110)
Epoch: [1][115/249]	Time 10.788 (11.115)	Data 10.230 (10.334)	Loss 2.3544 (3.4121)	Acc 0.000 (0.109)
Epoch: [1][116/249]	Time 10.841 (11.112)	Data 10.286 (10.333)	Loss 2.6414 (3.4054)	Acc 0.000 (0.108)
Epoch: [1][117/249]	Time 10.536 (11.107)	Data 9.981 (10.330)	Loss 2.4973 (3.3977)	Acc 0.000 (0.107)
Epoch: [1][118/249]	Time 10.502 (11.102)	Data 9.944 (10.327)	Loss 2.3271 (3.3886)	Acc 0.000 (0.106)
Epoch: [1][119/249]	Time 10.439 (11.097)	Data 9.864 (10.323)	Loss 2.1896 (3.3785)	Acc 0.000 (0.105)
Epoch: [1][120/249]	Time 11.004 (11.096)	Data 10.446 (10.324)	Loss 2.4714 (3.3710)	Acc 0.250 (0.106)
Epoch: [1][121/249]	Time 10.664 (11.092)	Data 10.108 (10.322)	Loss 2.7264 (3.3657)	Acc 0.000 (0.105)
Epoch: [1][122/249]	Time 10.437 (11.087)	Data 9.878 (10.319)	Loss 2.5604 (3.3591)	Acc 0.250 (0.107)
Epoch: [1][123/249]	Time 11.536 (11.091)	Data 10.969 (10.324)	Loss 2.2585 (3.3501)	Acc 0.000 (0.106)
Epoch: [1][124/249]	Time 11.231 (11.092)	Data 10.680 (10.327)	Loss 2.0367 (3.3395)	Acc 0.250 (0.107)
Epoch: [1][125/249]	Time 10.939 (11.091)	Data 10.375 (10.327)	Loss 2.2468 (3.3308)	Acc 0.000 (0.106)
Epoch: [1][126/249]	Time 10.486 (11.086)	Data 9.932 (10.324)	Loss 2.2942 (3.3225)	Acc 0.000 (0.105)
Epoch: [1][127/249]	Time 10.168 (11.079)	Data 9.567 (10.318)	Loss 2.4727 (3.3159)	Acc 0.250 (0.106)
Epoch: [1][128/249]	Time 10.791 (11.076)	Data 10.228 (10.317)	Loss 2.0913 (3.3063)	Acc 0.000 (0.105)
Epoch: [1][129/249]	Time 10.360 (11.071)	Data 9.804 (10.314)	Loss 2.5096 (3.3001)	Acc 0.000 (0.105)
Epoch: [1][130/249]	Time 9.966 (11.062)	Data 9.414 (10.307)	Loss 2.4850 (3.2938)	Acc 0.000 (0.104)
Epoch: [1][131/249]	Time 10.506 (11.058)	Data 9.946 (10.304)	Loss 2.3601 (3.2867)	Acc 0.000 (0.103)
Epoch: [1][132/249]	Time 10.561 (11.054)	Data 9.984 (10.301)	Loss 2.2825 (3.2791)	Acc 0.000 (0.102)
Epoch: [1][133/249]	Time 10.451 (11.050)	Data 9.898 (10.298)	Loss 2.2121 (3.2711)	Acc 0.250 (0.103)
Epoch: [1][134/249]	Time 11.390 (11.052)	Data 10.841 (10.302)	Loss 2.4033 (3.2646)	Acc 0.000 (0.103)
Epoch: [1][135/249]	Time 10.859 (11.051)	Data 10.304 (10.302)	Loss 2.0025 (3.2553)	Acc 0.500 (0.106)
Epoch: [1][136/249]	Time 10.257 (11.045)	Data 9.686 (10.298)	Loss 2.5081 (3.2498)	Acc 0.000 (0.105)
Epoch: [1][137/249]	Time 10.607 (11.042)	Data 10.050 (10.296)	Loss 2.3057 (3.2429)	Acc 0.250 (0.106)
Epoch: [1][138/249]	Time 10.631 (11.039)	Data 10.073 (10.294)	Loss 2.2844 (3.2359)	Acc 0.250 (0.107)
Epoch: [1][139/249]	Time 10.849 (11.037)	Data 10.291 (10.294)	Loss 2.3751 (3.2297)	Acc 0.000 (0.106)
Epoch: [1][140/249]	Time 10.533 (11.034)	Data 9.955 (10.292)	Loss 2.7640 (3.2264)	Acc 0.000 (0.105)
Epoch: [1][141/249]	Time 10.850 (11.032)	Data 10.288 (10.292)	Loss 2.2924 (3.2198)	Acc 0.000 (0.105)
Epoch: [1][142/249]	Time 10.586 (11.029)	Data 10.026 (10.290)	Loss 2.3864 (3.2139)	Acc 0.000 (0.104)
Epoch: [1][143/249]	Time 10.555 (11.026)	Data 9.997 (10.288)	Loss 2.4346 (3.2085)	Acc 0.000 (0.103)
Epoch: [1][144/249]	Time 10.677 (11.024)	Data 10.125 (10.287)	Loss 2.2482 (3.2018)	Acc 0.250 (0.104)
Epoch: [1][145/249]	Time 10.309 (11.019)	Data 9.738 (10.283)	Loss 2.1463 (3.1945)	Acc 0.500 (0.107)
Epoch: [1][146/249]	Time 10.911 (11.018)	Data 10.354 (10.284)	Loss 2.2375 (3.1880)	Acc 0.250 (0.108)
Epoch: [1][147/249]	Time 10.686 (11.016)	Data 10.126 (10.283)	Loss 2.4048 (3.1826)	Acc 0.000 (0.107)
Epoch: [1][148/249]	Time 11.172 (11.017)	Data 10.612 (10.285)	Loss 2.6232 (3.1789)	Acc 0.000 (0.106)
Epoch: [1][149/249]	Time 11.892 (11.023)	Data 11.313 (10.292)	Loss 2.4735 (3.1741)	Acc 0.000 (0.106)
Epoch: [1][150/249]	Time 10.920 (11.022)	Data 10.341 (10.292)	Loss 2.5186 (3.1697)	Acc 0.000 (0.105)
Epoch: [1][151/249]	Time 10.747 (11.020)	Data 10.193 (10.291)	Loss 2.3641 (3.1644)	Acc 0.000 (0.104)
Epoch: [1][152/249]	Time 10.599 (11.017)	Data 10.045 (10.290)	Loss 2.4656 (3.1598)	Acc 0.000 (0.104)
Epoch: [1][153/249]	Time 11.159 (11.018)	Data 10.587 (10.292)	Loss 2.6780 (3.1567)	Acc 0.000 (0.103)
Epoch: [1][154/249]	Time 10.299 (11.014)	Data 9.739 (10.288)	Loss 2.1215 (3.1499)	Acc 0.250 (0.104)
Epoch: [1][155/249]	Time 10.840 (11.012)	Data 10.285 (10.288)	Loss 2.1843 (3.1437)	Acc 0.250 (0.105)
Epoch: [1][156/249]	Time 9.897 (11.005)	Data 9.340 (10.282)	Loss 2.4348 (3.1392)	Acc 0.000 (0.104)
Epoch: [1][157/249]	Time 11.432 (11.008)	Data 10.879 (10.286)	Loss 2.5223 (3.1352)	Acc 0.000 (0.104)
Epoch: [1][158/249]	Time 10.501 (11.005)	Data 9.923 (10.284)	Loss 2.5049 (3.1313)	Acc 0.000 (0.103)
Epoch: [1][159/249]	Time 10.901 (11.004)	Data 10.350 (10.284)	Loss 2.1622 (3.1252)	Acc 0.500 (0.105)
Epoch: [1][160/249]	Time 10.830 (11.003)	Data 10.275 (10.284)	Loss 2.3793 (3.1205)	Acc 0.000 (0.105)
Epoch: [1][161/249]	Time 10.726 (11.001)	Data 10.170 (10.283)	Loss 2.0909 (3.1141)	Acc 0.000 (0.104)
Epoch: [1][162/249]	Time 10.540 (10.999)	Data 9.966 (10.281)	Loss 2.1393 (3.1081)	Acc 0.000 (0.103)
Epoch: [1][163/249]	Time 9.911 (10.992)	Data 9.346 (10.275)	Loss 2.3130 (3.1032)	Acc 0.000 (0.103)
Epoch: [1][164/249]	Time 10.448 (10.989)	Data 9.902 (10.273)	Loss 2.6783 (3.1006)	Acc 0.000 (0.102)
Epoch: [1][165/249]	Time 10.925 (10.988)	Data 10.367 (10.274)	Loss 2.1147 (3.0946)	Acc 0.250 (0.103)
Epoch: [1][166/249]	Time 10.529 (10.985)	Data 9.962 (10.272)	Loss 2.1368 (3.0889)	Acc 0.000 (0.102)
Epoch: [1][167/249]	Time 11.026 (10.986)	Data 10.449 (10.273)	Loss 2.4007 (3.0847)	Acc 0.000 (0.102)
Epoch: [1][168/249]	Time 10.816 (10.985)	Data 10.269 (10.273)	Loss 2.2587 (3.0798)	Acc 0.250 (0.103)
Epoch: [1][169/249]	Time 10.911 (10.984)	Data 10.352 (10.273)	Loss 2.1048 (3.0741)	Acc 0.250 (0.104)
Epoch: [1][170/249]	Time 10.816 (10.983)	Data 10.256 (10.273)	Loss 2.6038 (3.0713)	Acc 0.000 (0.103)
Epoch: [1][171/249]	Time 10.696 (10.982)	Data 10.119 (10.272)	Loss 2.2547 (3.0665)	Acc 0.000 (0.102)
Epoch: [1][172/249]	Time 10.863 (10.981)	Data 10.243 (10.272)	Loss 2.4744 (3.0631)	Acc 0.000 (0.102)
Epoch: [1][173/249]	Time 10.628 (10.979)	Data 10.068 (10.271)	Loss 2.5186 (3.0599)	Acc 0.000 (0.101)
Epoch: [1][174/249]	Time 10.656 (10.977)	Data 10.098 (10.270)	Loss 2.4717 (3.0566)	Acc 0.250 (0.102)
Epoch: [1][175/249]	Time 10.727 (10.976)	Data 10.154 (10.269)	Loss 2.3070 (3.0523)	Acc 0.250 (0.103)
Epoch: [1][176/249]	Time 11.134 (10.976)	Data 10.569 (10.271)	Loss 2.3389 (3.0482)	Acc 0.000 (0.102)
Epoch: [1][177/249]	Time 10.974 (10.976)	Data 10.416 (10.272)	Loss 2.6741 (3.0461)	Acc 0.000 (0.102)
Epoch: [1][178/249]	Time 10.595 (10.974)	Data 10.033 (10.271)	Loss 2.4828 (3.0429)	Acc 0.250 (0.103)
Epoch: [1][179/249]	Time 10.691 (10.973)	Data 10.112 (10.270)	Loss 2.2957 (3.0388)	Acc 0.250 (0.103)
Epoch: [1][180/249]	Time 10.599 (10.971)	Data 10.028 (10.268)	Loss 2.2783 (3.0345)	Acc 0.000 (0.103)
Epoch: [1][181/249]	Time 10.822 (10.970)	Data 10.266 (10.268)	Loss 2.3751 (3.0309)	Acc 0.000 (0.102)
Epoch: [1][182/249]	Time 11.017 (10.970)	Data 10.465 (10.269)	Loss 2.4008 (3.0274)	Acc 0.250 (0.103)
Epoch: [1][183/249]	Time 10.880 (10.970)	Data 10.324 (10.270)	Loss 2.4621 (3.0243)	Acc 0.000 (0.102)
Epoch: [1][184/249]	Time 10.694 (10.968)	Data 10.109 (10.269)	Loss 2.3081 (3.0204)	Acc 0.250 (0.103)
Epoch: [1][185/249]	Time 11.476 (10.971)	Data 10.898 (10.272)	Loss 2.1854 (3.0159)	Acc 0.000 (0.103)
Epoch: [1][186/249]	Time 10.745 (10.970)	Data 10.186 (10.272)	Loss 2.4638 (3.0130)	Acc 0.000 (0.102)
Epoch: [1][187/249]	Time 10.669 (10.968)	Data 10.111 (10.271)	Loss 1.9005 (3.0070)	Acc 0.500 (0.104)
Epoch: [1][188/249]	Time 10.668 (10.966)	Data 10.102 (10.270)	Loss 2.6029 (3.0049)	Acc 0.000 (0.104)
Epoch: [1][189/249]	Time 10.648 (10.965)	Data 10.073 (10.269)	Loss 2.3663 (3.0015)	Acc 0.250 (0.104)
Epoch: [1][190/249]	Time 10.472 (10.962)	Data 9.921 (10.267)	Loss 2.3574 (2.9981)	Acc 0.000 (0.104)
Epoch: [1][191/249]	Time 10.525 (10.960)	Data 9.972 (10.266)	Loss 2.2900 (2.9944)	Acc 0.000 (0.103)
Epoch: [1][192/249]	Time 11.247 (10.961)	Data 10.687 (10.268)	Loss 2.1455 (2.9900)	Acc 0.250 (0.104)
Epoch: [1][193/249]	Time 10.915 (10.961)	Data 10.339 (10.268)	Loss 2.3108 (2.9865)	Acc 0.000 (0.104)
Epoch: [1][194/249]	Time 10.233 (10.957)	Data 9.676 (10.265)	Loss 2.2290 (2.9825)	Acc 0.250 (0.104)
Epoch: [1][195/249]	Time 10.721 (10.956)	Data 10.166 (10.265)	Loss 2.2104 (2.9786)	Acc 0.000 (0.104)
Epoch: [1][196/249]	Time 10.627 (10.954)	Data 10.071 (10.264)	Loss 2.4546 (2.9759)	Acc 0.000 (0.103)
Epoch: [1][197/249]	Time 10.997 (10.955)	Data 10.425 (10.264)	Loss 2.3229 (2.9726)	Acc 0.000 (0.103)
Epoch: [1][198/249]	Time 10.000 (10.950)	Data 9.431 (10.260)	Loss 2.2005 (2.9687)	Acc 0.000 (0.102)
Epoch: [1][199/249]	Time 10.590 (10.948)	Data 10.034 (10.259)	Loss 2.2713 (2.9652)	Acc 0.250 (0.103)
Epoch: [1][200/249]	Time 11.020 (10.948)	Data 10.464 (10.260)	Loss 2.6597 (2.9637)	Acc 0.000 (0.102)
Epoch: [1][201/249]	Time 11.209 (10.950)	Data 10.644 (10.262)	Loss 2.1576 (2.9597)	Acc 0.000 (0.102)
Epoch: [1][202/249]	Time 10.221 (10.946)	Data 9.642 (10.259)	Loss 2.3952 (2.9569)	Acc 0.000 (0.101)
Epoch: [1][203/249]	Time 10.902 (10.946)	Data 10.345 (10.259)	Loss 2.4089 (2.9542)	Acc 0.000 (0.101)
Epoch: [1][204/249]	Time 11.543 (10.949)	Data 10.987 (10.263)	Loss 2.3845 (2.9514)	Acc 0.000 (0.100)
Epoch: [1][205/249]	Time 11.247 (10.950)	Data 10.649 (10.265)	Loss 2.0508 (2.9470)	Acc 0.000 (0.100)
Epoch: [1][206/249]	Time 10.341 (10.947)	Data 9.764 (10.262)	Loss 2.0133 (2.9424)	Acc 0.000 (0.100)
Epoch: [1][207/249]	Time 11.086 (10.948)	Data 10.528 (10.264)	Loss 2.8340 (2.9419)	Acc 0.000 (0.099)
Epoch: [1][208/249]	Time 11.627 (10.951)	Data 11.069 (10.268)	Loss 2.4667 (2.9396)	Acc 0.000 (0.099)
Epoch: [1][209/249]	Time 11.051 (10.952)	Data 10.475 (10.269)	Loss 2.3451 (2.9368)	Acc 0.000 (0.098)
Epoch: [1][210/249]	Time 11.019 (10.952)	Data 10.443 (10.269)	Loss 2.3513 (2.9340)	Acc 0.000 (0.098)
Epoch: [1][211/249]	Time 10.467 (10.950)	Data 9.896 (10.268)	Loss 2.0568 (2.9298)	Acc 0.000 (0.097)
Epoch: [1][212/249]	Time 10.351 (10.947)	Data 9.793 (10.265)	Loss 2.2475 (2.9266)	Acc 0.250 (0.098)
Epoch: [1][213/249]	Time 10.083 (10.943)	Data 9.525 (10.262)	Loss 2.2857 (2.9236)	Acc 0.000 (0.097)
Epoch: [1][214/249]	Time 10.672 (10.942)	Data 10.098 (10.261)	Loss 2.5982 (2.9221)	Acc 0.000 (0.097)
Epoch: [1][215/249]	Time 10.529 (10.940)	Data 9.963 (10.260)	Loss 2.2510 (2.9190)	Acc 0.000 (0.097)
Epoch: [1][216/249]	Time 10.712 (10.939)	Data 10.154 (10.259)	Loss 2.4905 (2.9170)	Acc 0.000 (0.096)
Epoch: [1][217/249]	Time 11.253 (10.940)	Data 10.700 (10.261)	Loss 2.0445 (2.9130)	Acc 0.250 (0.097)
Epoch: [1][218/249]	Time 10.939 (10.940)	Data 10.360 (10.262)	Loss 2.0610 (2.9091)	Acc 0.250 (0.097)
Epoch: [1][219/249]	Time 10.845 (10.940)	Data 10.273 (10.262)	Loss 2.7558 (2.9084)	Acc 0.000 (0.097)
Epoch: [1][220/249]	Time 10.474 (10.937)	Data 9.904 (10.260)	Loss 2.5867 (2.9069)	Acc 0.000 (0.097)
Epoch: [1][221/249]	Time 11.042 (10.938)	Data 10.484 (10.261)	Loss 2.3710 (2.9045)	Acc 0.250 (0.097)
Epoch: [1][222/249]	Time 10.626 (10.937)	Data 10.050 (10.260)	Loss 2.6718 (2.9034)	Acc 0.000 (0.097)
Epoch: [1][223/249]	Time 11.624 (10.940)	Data 11.047 (10.264)	Loss 2.0094 (2.8994)	Acc 0.250 (0.098)
Epoch: [1][224/249]	Time 11.121 (10.940)	Data 10.557 (10.265)	Loss 2.5450 (2.8978)	Acc 0.000 (0.097)
Epoch: [1][225/249]	Time 11.025 (10.941)	Data 10.467 (10.266)	Loss 1.9067 (2.8934)	Acc 0.500 (0.099)
Epoch: [1][226/249]	Time 11.422 (10.943)	Data 10.868 (10.269)	Loss 2.3046 (2.8908)	Acc 0.250 (0.100)
Epoch: [1][227/249]	Time 11.475 (10.945)	Data 10.904 (10.271)	Loss 2.3771 (2.8886)	Acc 0.250 (0.100)
Epoch: [1][228/249]	Time 11.217 (10.946)	Data 10.649 (10.273)	Loss 2.1977 (2.8855)	Acc 0.000 (0.100)
Epoch: [1][229/249]	Time 10.893 (10.946)	Data 10.340 (10.273)	Loss 2.2819 (2.8829)	Acc 0.250 (0.100)
Epoch: [1][230/249]	Time 10.968 (10.946)	Data 10.414 (10.274)	Loss 2.5716 (2.8815)	Acc 0.000 (0.100)
Epoch: [1][231/249]	Time 10.941 (10.946)	Data 10.364 (10.274)	Loss 2.5217 (2.8800)	Acc 0.000 (0.100)
Epoch: [1][232/249]	Time 11.143 (10.947)	Data 10.582 (10.276)	Loss 2.1209 (2.8767)	Acc 0.000 (0.099)
Epoch: [1][233/249]	Time 10.639 (10.946)	Data 10.083 (10.275)	Loss 2.1027 (2.8734)	Acc 0.000 (0.099)
Epoch: [1][234/249]	Time 11.030 (10.946)	Data 10.471 (10.276)	Loss 2.4342 (2.8715)	Acc 0.000 (0.098)
Epoch: [1][235/249]	Time 11.641 (10.949)	Data 11.075 (10.279)	Loss 2.2550 (2.8689)	Acc 0.000 (0.098)
Epoch: [1][236/249]	Time 10.694 (10.948)	Data 10.120 (10.278)	Loss 2.4083 (2.8669)	Acc 0.250 (0.099)
Epoch: [1][237/249]	Time 10.953 (10.948)	Data 10.378 (10.279)	Loss 2.1009 (2.8637)	Acc 0.250 (0.099)
Epoch: [1][238/249]	Time 10.641 (10.947)	Data 10.086 (10.278)	Loss 2.1754 (2.8608)	Acc 0.250 (0.100)
Epoch: [1][239/249]	Time 10.580 (10.945)	Data 9.974 (10.277)	Loss 2.5042 (2.8593)	Acc 0.000 (0.099)
Epoch: [1][240/249]	Time 10.685 (10.944)	Data 10.100 (10.276)	Loss 2.4228 (2.8575)	Acc 0.000 (0.099)
Epoch: [1][241/249]	Time 11.313 (10.946)	Data 10.737 (10.278)	Loss 2.0960 (2.8543)	Acc 0.250 (0.100)
Epoch: [1][242/249]	Time 12.500 (10.952)	Data 11.945 (10.285)	Loss 2.4633 (2.8527)	Acc 0.000 (0.099)
Epoch: [1][243/249]	Time 11.047 (10.953)	Data 10.488 (10.286)	Loss 2.3448 (2.8506)	Acc 0.000 (0.099)
Epoch: [1][244/249]	Time 11.055 (10.953)	Data 10.488 (10.286)	Loss 2.7079 (2.8501)	Acc 0.000 (0.098)
Epoch: [1][245/249]	Time 10.991 (10.953)	Data 10.422 (10.287)	Loss 2.3938 (2.8482)	Acc 0.000 (0.098)
Epoch: [1][246/249]	Time 10.984 (10.953)	Data 10.430 (10.288)	Loss 2.3427 (2.8461)	Acc 0.000 (0.098)
Epoch: [1][247/249]	Time 10.645 (10.952)	Data 10.087 (10.287)	Loss 2.0740 (2.8430)	Acc 0.000 (0.097)
Epoch: [1][248/249]	Time 8.300 (10.941)	Data 7.712 (10.276)	Loss 2.7721 (2.8427)	Acc 0.000 (0.097)
Epoch: [1][249/249]	Time 1.565 (10.904)	Data 0.548 (10.237)	Loss 2.6045 (2.8420)	Acc 0.000 (0.096)
validation at epoch 1
Epoch: [1][1/50]	Time 20.850 (20.850)	Data 20.359 (20.359)	Loss 2.4375 (2.4375)	Acc 0.250 (0.250)
Epoch: [1][2/50]	Time 10.215 (15.533)	Data 9.787 (15.073)	Loss 2.2267 (2.3321)	Acc 0.000 (0.125)
Epoch: [1][3/50]	Time 10.548 (13.871)	Data 10.105 (13.417)	Loss 2.7546 (2.4729)	Acc 0.000 (0.083)
Epoch: [1][4/50]	Time 10.040 (12.913)	Data 9.612 (12.466)	Loss 2.2308 (2.4124)	Acc 0.000 (0.062)
Epoch: [1][5/50]	Time 10.399 (12.410)	Data 9.971 (11.967)	Loss 2.7170 (2.4733)	Acc 0.250 (0.100)
Epoch: [1][6/50]	Time 11.790 (12.307)	Data 11.346 (11.863)	Loss 2.2103 (2.4295)	Acc 0.000 (0.083)
Epoch: [1][7/50]	Time 11.096 (12.134)	Data 10.651 (11.690)	Loss 2.7172 (2.4706)	Acc 0.250 (0.107)
Epoch: [1][8/50]	Time 10.594 (11.942)	Data 10.168 (11.500)	Loss 2.0998 (2.4242)	Acc 0.000 (0.094)
Epoch: [1][9/50]	Time 11.036 (11.841)	Data 10.610 (11.401)	Loss 2.7100 (2.4560)	Acc 0.250 (0.111)
Epoch: [1][10/50]	Time 10.912 (11.748)	Data 10.473 (11.308)	Loss 2.2019 (2.4306)	Acc 0.000 (0.100)
Epoch: [1][11/50]	Time 10.088 (11.597)	Data 9.660 (11.158)	Loss 2.4642 (2.4336)	Acc 0.250 (0.114)
Epoch: [1][12/50]	Time 10.681 (11.521)	Data 10.235 (11.081)	Loss 2.4460 (2.4347)	Acc 0.250 (0.125)
Epoch: [1][13/50]	Time 10.220 (11.421)	Data 9.792 (10.982)	Loss 2.3256 (2.4263)	Acc 0.000 (0.115)
Epoch: [1][14/50]	Time 10.840 (11.379)	Data 10.410 (10.941)	Loss 2.4377 (2.4271)	Acc 0.250 (0.125)
Epoch: [1][15/50]	Time 10.939 (11.350)	Data 10.509 (10.913)	Loss 2.4804 (2.4306)	Acc 0.000 (0.117)
Epoch: [1][16/50]	Time 10.605 (11.303)	Data 10.163 (10.866)	Loss 2.4352 (2.4309)	Acc 0.250 (0.125)
Epoch: [1][17/50]	Time 10.716 (11.269)	Data 10.291 (10.832)	Loss 2.2312 (2.4192)	Acc 0.000 (0.118)
Epoch: [1][18/50]	Time 10.764 (11.241)	Data 10.337 (10.804)	Loss 2.5820 (2.4282)	Acc 0.250 (0.125)
Epoch: [1][19/50]	Time 10.337 (11.193)	Data 9.897 (10.757)	Loss 2.2395 (2.4183)	Acc 0.000 (0.118)
Epoch: [1][20/50]	Time 9.827 (11.125)	Data 9.380 (10.688)	Loss 2.5556 (2.4252)	Acc 0.000 (0.113)
Epoch: [1][21/50]	Time 9.668 (11.056)	Data 9.242 (10.619)	Loss 2.0527 (2.4074)	Acc 0.250 (0.119)
Epoch: [1][22/50]	Time 9.119 (10.967)	Data 8.691 (10.531)	Loss 2.5771 (2.4151)	Acc 0.250 (0.125)
Epoch: [1][23/50]	Time 9.685 (10.912)	Data 9.260 (10.476)	Loss 2.1918 (2.4054)	Acc 0.000 (0.120)
Epoch: [1][24/50]	Time 10.456 (10.893)	Data 10.013 (10.457)	Loss 2.5049 (2.4096)	Acc 0.000 (0.115)
Epoch: [1][25/50]	Time 10.125 (10.862)	Data 9.678 (10.426)	Loss 2.4781 (2.4123)	Acc 0.000 (0.110)
Epoch: [1][26/50]	Time 10.707 (10.856)	Data 10.279 (10.420)	Loss 2.1649 (2.4028)	Acc 0.250 (0.115)
Epoch: [1][27/50]	Time 11.251 (10.871)	Data 10.824 (10.435)	Loss 2.2263 (2.3963)	Acc 0.000 (0.111)
Epoch: [1][28/50]	Time 11.293 (10.886)	Data 10.855 (10.450)	Loss 2.4423 (2.3979)	Acc 0.250 (0.116)
Epoch: [1][29/50]	Time 10.343 (10.867)	Data 9.897 (10.431)	Loss 2.0986 (2.3876)	Acc 0.000 (0.112)
Epoch: [1][30/50]	Time 10.360 (10.850)	Data 9.935 (10.414)	Loss 3.0042 (2.4081)	Acc 0.000 (0.108)
Epoch: [1][31/50]	Time 9.458 (10.805)	Data 9.032 (10.370)	Loss 2.1174 (2.3988)	Acc 0.000 (0.105)
Epoch: [1][32/50]	Time 9.018 (10.749)	Data 8.583 (10.314)	Loss 2.2546 (2.3943)	Acc 0.000 (0.102)
Epoch: [1][33/50]	Time 9.472 (10.711)	Data 9.040 (10.275)	Loss 2.4145 (2.3949)	Acc 0.250 (0.106)
Epoch: [1][34/50]	Time 10.035 (10.691)	Data 9.594 (10.255)	Loss 2.4625 (2.3969)	Acc 0.000 (0.103)
Epoch: [1][35/50]	Time 10.298 (10.680)	Data 9.870 (10.244)	Loss 2.1736 (2.3905)	Acc 0.250 (0.107)
Epoch: [1][36/50]	Time 10.188 (10.666)	Data 9.761 (10.231)	Loss 2.4790 (2.3929)	Acc 0.250 (0.111)
Epoch: [1][37/50]	Time 10.959 (10.674)	Data 10.513 (10.239)	Loss 2.0760 (2.3844)	Acc 0.000 (0.108)
Epoch: [1][38/50]	Time 10.942 (10.681)	Data 10.516 (10.246)	Loss 2.4617 (2.3864)	Acc 0.250 (0.112)
Epoch: [1][39/50]	Time 10.293 (10.671)	Data 9.848 (10.236)	Loss 2.2007 (2.3816)	Acc 0.000 (0.109)
Epoch: [1][40/50]	Time 10.213 (10.660)	Data 9.786 (10.224)	Loss 2.3154 (2.3800)	Acc 0.000 (0.106)
Epoch: [1][41/50]	Time 9.810 (10.639)	Data 9.377 (10.204)	Loss 2.1094 (2.3734)	Acc 0.000 (0.104)
Epoch: [1][42/50]	Time 9.788 (10.619)	Data 9.350 (10.183)	Loss 2.6618 (2.3803)	Acc 0.250 (0.107)
Epoch: [1][43/50]	Time 9.402 (10.590)	Data 8.962 (10.155)	Loss 2.1287 (2.3744)	Acc 0.250 (0.110)
Epoch: [1][44/50]	Time 9.792 (10.572)	Data 9.367 (10.137)	Loss 2.5132 (2.3776)	Acc 0.000 (0.108)
Epoch: [1][45/50]	Time 10.285 (10.566)	Data 9.858 (10.131)	Loss 2.3254 (2.3764)	Acc 0.250 (0.111)
Epoch: [1][46/50]	Time 9.973 (10.553)	Data 9.528 (10.118)	Loss 2.1533 (2.3716)	Acc 0.250 (0.114)
Epoch: [1][47/50]	Time 11.087 (10.564)	Data 10.660 (10.129)	Loss 2.5370 (2.3751)	Acc 0.000 (0.112)
Epoch: [1][48/50]	Time 10.881 (10.571)	Data 10.440 (10.136)	Loss 2.1517 (2.3704)	Acc 0.250 (0.115)
Epoch: [1][49/50]	Time 4.203 (10.441)	Data 3.730 (10.005)	Loss 2.2263 (2.3675)	Acc 0.000 (0.112)
Epoch: [1][50/50]	Time 0.405 (10.240)	Data 0.000 (9.805)	Loss 3.1786 (2.3716)	Acc 0.000 (0.112)
train at epoch 2
