Namespace(accimage=False, annotation_path=PosixPath('/tudelft.net/staff-bulk/ewi/insy/VisionLab/ombrettastraff/UCF-101/json_annotations/ucf101_01.json'), arch='resnet-50', batch_size=16, batchnorm_sync=False, begin_epoch=1, checkpoint=10, colorjitter=False, conv1_t_size=7, conv1_t_stride=1, dampening=0.0, dataset='ucf101', dist_url='tcp://127.0.0.1:23456', distributed=False, file_type='jpg', ft_begin_module='', inference=False, inference_batch_size=16, inference_crop=None, inference_no_average=False, inference_stride=16, inference_subset='val', input_type='rgb', learning_rate=0.1, lr_scheduler='multistep', manual_seed=1, mean=[0.4345, 0.4051, 0.3775], mean_dataset='kinetics', model='resnet', model_depth=50, momentum=0.9, multistep_milestones=[50, 100, 150], n_classes=101, n_epochs=3, n_input_channels=3, n_pretrain_classes=0, n_threads=2, n_val_samples=3, nesterov=False, no_cuda=False, no_hflip=False, no_max_pool=False, no_mean_norm=False, no_std_norm=False, no_train=False, no_val=False, optimizer='sgd', output_topk=5, overwrite_milestones=False, plateau_patience=10, pretrain_path=None, resnet_shortcut='B', resnet_widen_factor=1.0, resnext_cardinality=32, result_path=PosixPath('/tudelft.net/staff-bulk/ewi/insy/VisionLab/ombrettastraff/3D-ResNets-PyTorch/results/UCF101'), resume_path=None, root_path=PosixPath('/tudelft.net/staff-bulk/ewi/insy/VisionLab/ombrettastraff'), sample_duration=32, sample_size=112, sample_t_stride=1, std=[0.2768, 0.2713, 0.2737], tensorboard=False, train_crop=None, train_crop_min_ratio=0.75, train_crop_min_scale=0.25, train_t_crop='random', value_scale=1, video_path=PosixPath('/tudelft.net/staff-bulk/ewi/insy/VisionLab/ombrettastraff/UCF-101/jpg'), weight_decay=0.001, wide_resnet_k=2, world_size=-1)
DataParallel(
  (module): ResNet(
    (conv1): Conv3d(3, 64, kernel_size=(7, 7, 7), stride=(1, 2, 2), padding=(3, 3, 3), bias=False)
    (bn1): BatchNorm3d(64, eps=1e-05, momentum=0.1, affine=True, track_running_stats=True)
    (relu): ReLU(inplace=True)
    (maxpool): MaxPool3d(kernel_size=3, stride=2, padding=1, dilation=1, ceil_mode=False)
    (layer1): Sequential(
      (0): Bottleneck(
        (conv1): Conv3d(64, 64, kernel_size=(1, 1, 1), stride=(1, 1, 1), bias=False)
        (bn1): BatchNorm3d(64, eps=1e-05, momentum=0.1, affine=True, track_running_stats=True)
        (conv2): Conv3d(64, 64, kernel_size=(3, 3, 3), stride=(1, 1, 1), padding=(1, 1, 1), bias=False)
        (bn2): BatchNorm3d(64, eps=1e-05, momentum=0.1, affine=True, track_running_stats=True)
        (conv3): Conv3d(64, 256, kernel_size=(1, 1, 1), stride=(1, 1, 1), bias=False)
        (bn3): BatchNorm3d(256, eps=1e-05, momentum=0.1, affine=True, track_running_stats=True)
        (relu): ReLU(inplace=True)
        (downsample): Sequential(
          (0): Conv3d(64, 256, kernel_size=(1, 1, 1), stride=(1, 1, 1), bias=False)
          (1): BatchNorm3d(256, eps=1e-05, momentum=0.1, affine=True, track_running_stats=True)
        )
      )
      (1): Bottleneck(
        (conv1): Conv3d(256, 64, kernel_size=(1, 1, 1), stride=(1, 1, 1), bias=False)
        (bn1): BatchNorm3d(64, eps=1e-05, momentum=0.1, affine=True, track_running_stats=True)
        (conv2): Conv3d(64, 64, kernel_size=(3, 3, 3), stride=(1, 1, 1), padding=(1, 1, 1), bias=False)
        (bn2): BatchNorm3d(64, eps=1e-05, momentum=0.1, affine=True, track_running_stats=True)
        (conv3): Conv3d(64, 256, kernel_size=(1, 1, 1), stride=(1, 1, 1), bias=False)
        (bn3): BatchNorm3d(256, eps=1e-05, momentum=0.1, affine=True, track_running_stats=True)
        (relu): ReLU(inplace=True)
      )
      (2): Bottleneck(
        (conv1): Conv3d(256, 64, kernel_size=(1, 1, 1), stride=(1, 1, 1), bias=False)
        (bn1): BatchNorm3d(64, eps=1e-05, momentum=0.1, affine=True, track_running_stats=True)
        (conv2): Conv3d(64, 64, kernel_size=(3, 3, 3), stride=(1, 1, 1), padding=(1, 1, 1), bias=False)
        (bn2): BatchNorm3d(64, eps=1e-05, momentum=0.1, affine=True, track_running_stats=True)
        (conv3): Conv3d(64, 256, kernel_size=(1, 1, 1), stride=(1, 1, 1), bias=False)
        (bn3): BatchNorm3d(256, eps=1e-05, momentum=0.1, affine=True, track_running_stats=True)
        (relu): ReLU(inplace=True)
      )
    )
    (layer2): Sequential(
      (0): Bottleneck(
        (conv1): Conv3d(256, 128, kernel_size=(1, 1, 1), stride=(1, 1, 1), bias=False)
        (bn1): BatchNorm3d(128, eps=1e-05, momentum=0.1, affine=True, track_running_stats=True)
        (conv2): Conv3d(128, 128, kernel_size=(3, 3, 3), stride=(2, 2, 2), padding=(1, 1, 1), bias=False)
        (bn2): BatchNorm3d(128, eps=1e-05, momentum=0.1, affine=True, track_running_stats=True)
        (conv3): Conv3d(128, 512, kernel_size=(1, 1, 1), stride=(1, 1, 1), bias=False)
        (bn3): BatchNorm3d(512, eps=1e-05, momentum=0.1, affine=True, track_running_stats=True)
        (relu): ReLU(inplace=True)
        (downsample): Sequential(
          (0): Conv3d(256, 512, kernel_size=(1, 1, 1), stride=(2, 2, 2), bias=False)
          (1): BatchNorm3d(512, eps=1e-05, momentum=0.1, affine=True, track_running_stats=True)
        )
      )
      (1): Bottleneck(
        (conv1): Conv3d(512, 128, kernel_size=(1, 1, 1), stride=(1, 1, 1), bias=False)
        (bn1): BatchNorm3d(128, eps=1e-05, momentum=0.1, affine=True, track_running_stats=True)
        (conv2): Conv3d(128, 128, kernel_size=(3, 3, 3), stride=(1, 1, 1), padding=(1, 1, 1), bias=False)
        (bn2): BatchNorm3d(128, eps=1e-05, momentum=0.1, affine=True, track_running_stats=True)
        (conv3): Conv3d(128, 512, kernel_size=(1, 1, 1), stride=(1, 1, 1), bias=False)
        (bn3): BatchNorm3d(512, eps=1e-05, momentum=0.1, affine=True, track_running_stats=True)
        (relu): ReLU(inplace=True)
      )
      (2): Bottleneck(
        (conv1): Conv3d(512, 128, kernel_size=(1, 1, 1), stride=(1, 1, 1), bias=False)
        (bn1): BatchNorm3d(128, eps=1e-05, momentum=0.1, affine=True, track_running_stats=True)
        (conv2): Conv3d(128, 128, kernel_size=(3, 3, 3), stride=(1, 1, 1), padding=(1, 1, 1), bias=False)
        (bn2): BatchNorm3d(128, eps=1e-05, momentum=0.1, affine=True, track_running_stats=True)
        (conv3): Conv3d(128, 512, kernel_size=(1, 1, 1), stride=(1, 1, 1), bias=False)
        (bn3): BatchNorm3d(512, eps=1e-05, momentum=0.1, affine=True, track_running_stats=True)
        (relu): ReLU(inplace=True)
      )
      (3): Bottleneck(
        (conv1): Conv3d(512, 128, kernel_size=(1, 1, 1), stride=(1, 1, 1), bias=False)
        (bn1): BatchNorm3d(128, eps=1e-05, momentum=0.1, affine=True, track_running_stats=True)
        (conv2): Conv3d(128, 128, kernel_size=(3, 3, 3), stride=(1, 1, 1), padding=(1, 1, 1), bias=False)
        (bn2): BatchNorm3d(128, eps=1e-05, momentum=0.1, affine=True, track_running_stats=True)
        (conv3): Conv3d(128, 512, kernel_size=(1, 1, 1), stride=(1, 1, 1), bias=False)
        (bn3): BatchNorm3d(512, eps=1e-05, momentum=0.1, affine=True, track_running_stats=True)
        (relu): ReLU(inplace=True)
      )
    )
    (layer3): Sequential(
      (0): Bottleneck(
        (conv1): Conv3d(512, 256, kernel_size=(1, 1, 1), stride=(1, 1, 1), bias=False)
        (bn1): BatchNorm3d(256, eps=1e-05, momentum=0.1, affine=True, track_running_stats=True)
        (conv2): Conv3d(256, 256, kernel_size=(3, 3, 3), stride=(2, 2, 2), padding=(1, 1, 1), bias=False)
        (bn2): BatchNorm3d(256, eps=1e-05, momentum=0.1, affine=True, track_running_stats=True)
        (conv3): Conv3d(256, 1024, kernel_size=(1, 1, 1), stride=(1, 1, 1), bias=False)
        (bn3): BatchNorm3d(1024, eps=1e-05, momentum=0.1, affine=True, track_running_stats=True)
        (relu): ReLU(inplace=True)
        (downsample): Sequential(
          (0): Conv3d(512, 1024, kernel_size=(1, 1, 1), stride=(2, 2, 2), bias=False)
          (1): BatchNorm3d(1024, eps=1e-05, momentum=0.1, affine=True, track_running_stats=True)
        )
      )
      (1): Bottleneck(
        (conv1): Conv3d(1024, 256, kernel_size=(1, 1, 1), stride=(1, 1, 1), bias=False)
        (bn1): BatchNorm3d(256, eps=1e-05, momentum=0.1, affine=True, track_running_stats=True)
        (conv2): Conv3d(256, 256, kernel_size=(3, 3, 3), stride=(1, 1, 1), padding=(1, 1, 1), bias=False)
        (bn2): BatchNorm3d(256, eps=1e-05, momentum=0.1, affine=True, track_running_stats=True)
        (conv3): Conv3d(256, 1024, kernel_size=(1, 1, 1), stride=(1, 1, 1), bias=False)
        (bn3): BatchNorm3d(1024, eps=1e-05, momentum=0.1, affine=True, track_running_stats=True)
        (relu): ReLU(inplace=True)
      )
      (2): Bottleneck(
        (conv1): Conv3d(1024, 256, kernel_size=(1, 1, 1), stride=(1, 1, 1), bias=False)
        (bn1): BatchNorm3d(256, eps=1e-05, momentum=0.1, affine=True, track_running_stats=True)
        (conv2): Conv3d(256, 256, kernel_size=(3, 3, 3), stride=(1, 1, 1), padding=(1, 1, 1), bias=False)
        (bn2): BatchNorm3d(256, eps=1e-05, momentum=0.1, affine=True, track_running_stats=True)
        (conv3): Conv3d(256, 1024, kernel_size=(1, 1, 1), stride=(1, 1, 1), bias=False)
        (bn3): BatchNorm3d(1024, eps=1e-05, momentum=0.1, affine=True, track_running_stats=True)
        (relu): ReLU(inplace=True)
      )
      (3): Bottleneck(
        (conv1): Conv3d(1024, 256, kernel_size=(1, 1, 1), stride=(1, 1, 1), bias=False)
        (bn1): BatchNorm3d(256, eps=1e-05, momentum=0.1, affine=True, track_running_stats=True)
        (conv2): Conv3d(256, 256, kernel_size=(3, 3, 3), stride=(1, 1, 1), padding=(1, 1, 1), bias=False)
        (bn2): BatchNorm3d(256, eps=1e-05, momentum=0.1, affine=True, track_running_stats=True)
        (conv3): Conv3d(256, 1024, kernel_size=(1, 1, 1), stride=(1, 1, 1), bias=False)
        (bn3): BatchNorm3d(1024, eps=1e-05, momentum=0.1, affine=True, track_running_stats=True)
        (relu): ReLU(inplace=True)
      )
      (4): Bottleneck(
        (conv1): Conv3d(1024, 256, kernel_size=(1, 1, 1), stride=(1, 1, 1), bias=False)
        (bn1): BatchNorm3d(256, eps=1e-05, momentum=0.1, affine=True, track_running_stats=True)
        (conv2): Conv3d(256, 256, kernel_size=(3, 3, 3), stride=(1, 1, 1), padding=(1, 1, 1), bias=False)
        (bn2): BatchNorm3d(256, eps=1e-05, momentum=0.1, affine=True, track_running_stats=True)
        (conv3): Conv3d(256, 1024, kernel_size=(1, 1, 1), stride=(1, 1, 1), bias=False)
        (bn3): BatchNorm3d(1024, eps=1e-05, momentum=0.1, affine=True, track_running_stats=True)
        (relu): ReLU(inplace=True)
      )
      (5): Bottleneck(
        (conv1): Conv3d(1024, 256, kernel_size=(1, 1, 1), stride=(1, 1, 1), bias=False)
        (bn1): BatchNorm3d(256, eps=1e-05, momentum=0.1, affine=True, track_running_stats=True)
        (conv2): Conv3d(256, 256, kernel_size=(3, 3, 3), stride=(1, 1, 1), padding=(1, 1, 1), bias=False)
        (bn2): BatchNorm3d(256, eps=1e-05, momentum=0.1, affine=True, track_running_stats=True)
        (conv3): Conv3d(256, 1024, kernel_size=(1, 1, 1), stride=(1, 1, 1), bias=False)
        (bn3): BatchNorm3d(1024, eps=1e-05, momentum=0.1, affine=True, track_running_stats=True)
        (relu): ReLU(inplace=True)
      )
    )
    (layer4): Sequential(
      (0): Bottleneck(
        (conv1): Conv3d(1024, 512, kernel_size=(1, 1, 1), stride=(1, 1, 1), bias=False)
        (bn1): BatchNorm3d(512, eps=1e-05, momentum=0.1, affine=True, track_running_stats=True)
        (conv2): Conv3d(512, 512, kernel_size=(3, 3, 3), stride=(2, 2, 2), padding=(1, 1, 1), bias=False)
        (bn2): BatchNorm3d(512, eps=1e-05, momentum=0.1, affine=True, track_running_stats=True)
        (conv3): Conv3d(512, 2048, kernel_size=(1, 1, 1), stride=(1, 1, 1), bias=False)
        (bn3): BatchNorm3d(2048, eps=1e-05, momentum=0.1, affine=True, track_running_stats=True)
        (relu): ReLU(inplace=True)
        (downsample): Sequential(
          (0): Conv3d(1024, 2048, kernel_size=(1, 1, 1), stride=(2, 2, 2), bias=False)
          (1): BatchNorm3d(2048, eps=1e-05, momentum=0.1, affine=True, track_running_stats=True)
        )
      )
      (1): Bottleneck(
        (conv1): Conv3d(2048, 512, kernel_size=(1, 1, 1), stride=(1, 1, 1), bias=False)
        (bn1): BatchNorm3d(512, eps=1e-05, momentum=0.1, affine=True, track_running_stats=True)
        (conv2): Conv3d(512, 512, kernel_size=(3, 3, 3), stride=(1, 1, 1), padding=(1, 1, 1), bias=False)
        (bn2): BatchNorm3d(512, eps=1e-05, momentum=0.1, affine=True, track_running_stats=True)
        (conv3): Conv3d(512, 2048, kernel_size=(1, 1, 1), stride=(1, 1, 1), bias=False)
        (bn3): BatchNorm3d(2048, eps=1e-05, momentum=0.1, affine=True, track_running_stats=True)
        (relu): ReLU(inplace=True)
      )
      (2): Bottleneck(
        (conv1): Conv3d(2048, 512, kernel_size=(1, 1, 1), stride=(1, 1, 1), bias=False)
        (bn1): BatchNorm3d(512, eps=1e-05, momentum=0.1, affine=True, track_running_stats=True)
        (conv2): Conv3d(512, 512, kernel_size=(3, 3, 3), stride=(1, 1, 1), padding=(1, 1, 1), bias=False)
        (bn2): BatchNorm3d(512, eps=1e-05, momentum=0.1, affine=True, track_running_stats=True)
        (conv3): Conv3d(512, 2048, kernel_size=(1, 1, 1), stride=(1, 1, 1), bias=False)
        (bn3): BatchNorm3d(2048, eps=1e-05, momentum=0.1, affine=True, track_running_stats=True)
        (relu): ReLU(inplace=True)
      )
    )
    (avgpool): AdaptiveAvgPool3d(output_size=(1, 1, 1))
    (fc): Linear(in_features=2048, out_features=101, bias=True)
  )
)
dataset loading [0/9537]
dataset loading [1907/9537]
dataset loading [3814/9537]
dataset loading [5721/9537]
dataset loading [7628/9537]
dataset loading [9535/9537]
dataset loading [0/3783]
dataset loading [756/3783]
dataset loading [1512/3783]
dataset loading [2268/3783]
dataset loading [3024/3783]
dataset loading [3780/3783]
train at epoch 1
Epoch: [1][1/597]	Time 16.910 (16.910)	Data 5.393 (5.393)	Loss 4.7158 (4.7158)	Acc 0.000 (0.000)
Epoch: [1][2/597]	Time 0.443 (8.676)	Data 0.000 (2.697)	Loss 22.6820 (13.6989)	Acc 0.062 (0.031)
Epoch: [1][3/597]	Time 0.676 (6.010)	Data 0.000 (1.798)	Loss 19.3272 (15.5750)	Acc 0.000 (0.021)
Epoch: [1][4/597]	Time 0.683 (4.678)	Data 0.000 (1.348)	Loss 31.6835 (19.6021)	Acc 0.000 (0.016)
Epoch: [1][5/597]	Time 0.714 (3.885)	Data 0.000 (1.079)	Loss 24.0286 (20.4874)	Acc 0.000 (0.013)
Epoch: [1][6/597]	Time 9.083 (4.751)	Data 8.695 (2.348)	Loss 17.0969 (19.9223)	Acc 0.000 (0.010)
Epoch: [1][7/597]	Time 0.985 (4.213)	Data 0.621 (2.101)	Loss 19.1221 (19.8080)	Acc 0.000 (0.009)
Epoch: [1][8/597]	Time 10.820 (5.039)	Data 10.445 (3.144)	Loss 11.9416 (18.8247)	Acc 0.000 (0.008)
Epoch: [1][9/597]	Time 1.034 (4.594)	Data 0.597 (2.861)	Loss 18.3097 (18.7675)	Acc 0.000 (0.007)
Epoch: [1][10/597]	Time 11.729 (5.308)	Data 11.344 (3.709)	Loss 17.1856 (18.6093)	Acc 0.000 (0.006)
Epoch: [1][11/597]	Time 0.694 (4.888)	Data 0.000 (3.372)	Loss 16.1947 (18.3898)	Acc 0.000 (0.006)
Epoch: [1][12/597]	Time 10.617 (5.366)	Data 10.236 (3.944)	Loss 10.3325 (17.7184)	Acc 0.000 (0.005)
Epoch: [1][13/597]	Time 0.682 (5.005)	Data 0.000 (3.641)	Loss 14.9638 (17.5065)	Acc 0.000 (0.005)
Epoch: [1][14/597]	Time 11.330 (5.457)	Data 10.950 (4.163)	Loss 11.3141 (17.0642)	Acc 0.000 (0.004)
Epoch: [1][15/597]	Time 1.330 (5.182)	Data 0.963 (3.950)	Loss 6.4134 (16.3541)	Acc 0.000 (0.004)
Epoch: [1][16/597]	Time 10.330 (5.504)	Data 9.964 (4.326)	Loss 6.0438 (15.7097)	Acc 0.000 (0.004)
Epoch: [1][17/597]	Time 1.543 (5.271)	Data 1.175 (4.140)	Loss 6.7869 (15.1848)	Acc 0.000 (0.004)
Epoch: [1][18/597]	Time 9.740 (5.519)	Data 9.355 (4.430)	Loss 4.6914 (14.6019)	Acc 0.062 (0.007)
Epoch: [1][19/597]	Time 3.235 (5.399)	Data 2.870 (4.348)	Loss 8.2320 (14.2666)	Acc 0.000 (0.007)
Epoch: [1][20/597]	Time 9.384 (5.598)	Data 8.998 (4.580)	Loss 7.0966 (13.9081)	Acc 0.000 (0.006)
Epoch: [1][21/597]	Time 1.428 (5.400)	Data 1.060 (4.413)	Loss 10.4704 (13.7444)	Acc 0.000 (0.006)
Epoch: [1][22/597]	Time 10.740 (5.642)	Data 10.352 (4.683)	Loss 11.2743 (13.6321)	Acc 0.000 (0.006)
Epoch: [1][23/597]	Time 1.075 (5.444)	Data 0.707 (4.510)	Loss 7.0397 (13.3455)	Acc 0.000 (0.005)
Epoch: [1][24/597]	Time 10.484 (5.654)	Data 10.056 (4.741)	Loss 6.6144 (13.0650)	Acc 0.000 (0.005)
Epoch: [1][25/597]	Time 1.792 (5.499)	Data 1.425 (4.608)	Loss 5.8180 (12.7752)	Acc 0.000 (0.005)
Epoch: [1][26/597]	Time 9.059 (5.636)	Data 8.661 (4.764)	Loss 6.9938 (12.5528)	Acc 0.000 (0.005)
Epoch: [1][27/597]	Time 3.836 (5.570)	Data 3.468 (4.716)	Loss 5.9619 (12.3087)	Acc 0.000 (0.005)
Epoch: [1][28/597]	Time 7.173 (5.627)	Data 6.786 (4.790)	Loss 7.7047 (12.1443)	Acc 0.062 (0.007)
Epoch: [1][29/597]	Time 3.154 (5.542)	Data 2.787 (4.721)	Loss 5.3917 (11.9114)	Acc 0.062 (0.009)
Epoch: [1][30/597]	Time 7.798 (5.617)	Data 7.410 (4.811)	Loss 5.5071 (11.6979)	Acc 0.000 (0.008)
Epoch: [1][31/597]	Time 3.816 (5.559)	Data 3.445 (4.767)	Loss 5.4125 (11.4952)	Acc 0.062 (0.010)
Epoch: [1][32/597]	Time 8.999 (5.666)	Data 8.631 (4.887)	Loss 4.9480 (11.2906)	Acc 0.000 (0.010)
Epoch: [1][33/597]	Time 3.386 (5.597)	Data 3.016 (4.831)	Loss 4.5054 (11.0850)	Acc 0.000 (0.009)
Epoch: [1][34/597]	Time 8.473 (5.682)	Data 8.084 (4.926)	Loss 5.0502 (10.9075)	Acc 0.000 (0.009)
Epoch: [1][35/597]	Time 2.444 (5.589)	Data 2.075 (4.845)	Loss 7.0419 (10.7970)	Acc 0.000 (0.009)
Epoch: [1][36/597]	Time 8.434 (5.668)	Data 8.045 (4.934)	Loss 5.7014 (10.6555)	Acc 0.000 (0.009)
Epoch: [1][37/597]	Time 2.657 (5.587)	Data 2.252 (4.861)	Loss 5.4899 (10.5159)	Acc 0.000 (0.008)
Epoch: [1][38/597]	Time 9.987 (5.703)	Data 9.588 (4.986)	Loss 4.9304 (10.3689)	Acc 0.000 (0.008)
Epoch: [1][39/597]	Time 2.260 (5.614)	Data 1.892 (4.906)	Loss 4.8513 (10.2274)	Acc 0.000 (0.008)
Epoch: [1][40/597]	Time 9.269 (5.706)	Data 8.900 (5.006)	Loss 5.8620 (10.1183)	Acc 0.000 (0.008)
Epoch: [1][41/597]	Time 1.950 (5.614)	Data 1.581 (4.923)	Loss 6.5696 (10.0317)	Acc 0.000 (0.008)
Epoch: [1][42/597]	Time 9.712 (5.712)	Data 9.322 (5.027)	Loss 4.9851 (9.9116)	Acc 0.062 (0.009)
Epoch: [1][43/597]	Time 1.147 (5.606)	Data 0.778 (4.929)	Loss 4.6280 (9.7887)	Acc 0.000 (0.009)
Epoch: [1][44/597]	Time 10.745 (5.722)	Data 10.237 (5.049)	Loss 4.7038 (9.6731)	Acc 0.062 (0.010)
Epoch: [1][45/597]	Time 0.685 (5.610)	Data 0.000 (4.937)	Loss 6.9736 (9.6131)	Acc 0.062 (0.011)
Epoch: [1][46/597]	Time 10.688 (5.721)	Data 10.287 (5.053)	Loss 4.7902 (9.5083)	Acc 0.000 (0.011)
Epoch: [1][47/597]	Time 0.714 (5.614)	Data 0.346 (4.953)	Loss 4.7805 (9.4077)	Acc 0.000 (0.011)
Epoch: [1][48/597]	Time 11.367 (5.734)	Data 10.937 (5.078)	Loss 4.5651 (9.3068)	Acc 0.000 (0.010)
Epoch: [1][49/597]	Time 0.683 (5.631)	Data 0.000 (4.974)	Loss 4.7997 (9.2148)	Acc 0.000 (0.010)
Epoch: [1][50/597]	Time 11.770 (5.754)	Data 11.184 (5.098)	Loss 4.9828 (9.1302)	Acc 0.000 (0.010)
Epoch: [1][51/597]	Time 0.699 (5.655)	Data 0.000 (4.998)	Loss 5.0020 (9.0492)	Acc 0.000 (0.010)
Epoch: [1][52/597]	Time 10.650 (5.751)	Data 10.208 (5.099)	Loss 4.7439 (8.9665)	Acc 0.000 (0.010)
Epoch: [1][53/597]	Time 0.694 (5.655)	Data 0.243 (5.007)	Loss 4.6543 (8.8851)	Acc 0.000 (0.009)
Epoch: [1][54/597]	Time 10.807 (5.751)	Data 10.314 (5.105)	Loss 4.6680 (8.8070)	Acc 0.000 (0.009)
Epoch: [1][55/597]	Time 0.689 (5.659)	Data 0.000 (5.012)	Loss 4.7319 (8.7329)	Acc 0.000 (0.009)
Epoch: [1][56/597]	Time 11.208 (5.758)	Data 10.785 (5.116)	Loss 4.5327 (8.6579)	Acc 0.000 (0.009)
Epoch: [1][57/597]	Time 0.718 (5.669)	Data 0.300 (5.031)	Loss 4.7334 (8.5891)	Acc 0.000 (0.009)
Epoch: [1][58/597]	Time 10.005 (5.744)	Data 9.561 (5.109)	Loss 4.6704 (8.5215)	Acc 0.000 (0.009)
Epoch: [1][59/597]	Time 0.695 (5.659)	Data 0.205 (5.026)	Loss 4.5484 (8.4541)	Acc 0.000 (0.008)
Epoch: [1][60/597]	Time 10.942 (5.747)	Data 10.407 (5.116)	Loss 4.6323 (8.3904)	Acc 0.000 (0.008)
Epoch: [1][61/597]	Time 0.688 (5.664)	Data 0.000 (5.032)	Loss 4.6606 (8.3293)	Acc 0.000 (0.008)
Epoch: [1][62/597]	Time 11.578 (5.759)	Data 11.188 (5.131)	Loss 4.5028 (8.2676)	Acc 0.000 (0.008)
Epoch: [1][63/597]	Time 0.685 (5.679)	Data 0.000 (5.050)	Loss 4.6380 (8.2100)	Acc 0.000 (0.008)
Epoch: [1][64/597]	Time 11.030 (5.762)	Data 10.661 (5.137)	Loss 4.5895 (8.1534)	Acc 0.000 (0.008)
Epoch: [1][65/597]	Time 0.707 (5.684)	Data 0.000 (5.058)	Loss 4.5854 (8.0985)	Acc 0.062 (0.009)
Epoch: [1][66/597]	Time 10.067 (5.751)	Data 9.685 (5.128)	Loss 4.6086 (8.0456)	Acc 0.000 (0.009)
Epoch: [1][67/597]	Time 0.708 (5.676)	Data 0.000 (5.052)	Loss 5.4283 (8.0066)	Acc 0.062 (0.009)
Epoch: [1][68/597]	Time 11.299 (5.758)	Data 10.897 (5.138)	Loss 5.5490 (7.9704)	Acc 0.000 (0.009)
Epoch: [1][69/597]	Time 0.689 (5.685)	Data 0.000 (5.063)	Loss 4.4929 (7.9200)	Acc 0.000 (0.009)
Epoch: [1][70/597]	Time 10.847 (5.758)	Data 10.441 (5.140)	Loss 5.4291 (7.8844)	Acc 0.000 (0.009)
Epoch: [1][71/597]	Time 0.686 (5.687)	Data 0.000 (5.068)	Loss 6.0155 (7.8581)	Acc 0.000 (0.009)
Epoch: [1][72/597]	Time 10.054 (5.748)	Data 9.686 (5.132)	Loss 4.6030 (7.8129)	Acc 0.062 (0.010)
Epoch: [1][73/597]	Time 0.689 (5.678)	Data 0.000 (5.062)	Loss 4.5067 (7.7676)	Acc 0.000 (0.009)
Epoch: [1][74/597]	Time 10.763 (5.747)	Data 10.374 (5.133)	Loss 4.6042 (7.7249)	Acc 0.000 (0.009)
Epoch: [1][75/597]	Time 0.718 (5.680)	Data 0.000 (5.065)	Loss 4.6633 (7.6841)	Acc 0.000 (0.009)
Epoch: [1][76/597]	Time 11.138 (5.752)	Data 10.719 (5.139)	Loss 4.6828 (7.6446)	Acc 0.000 (0.009)
Epoch: [1][77/597]	Time 0.682 (5.686)	Data 0.000 (5.073)	Loss 4.7720 (7.6073)	Acc 0.000 (0.009)
Epoch: [1][78/597]	Time 10.107 (5.743)	Data 9.726 (5.132)	Loss 5.0608 (7.5746)	Acc 0.000 (0.009)
Epoch: [1][79/597]	Time 0.686 (5.679)	Data 0.000 (5.067)	Loss 4.7353 (7.5387)	Acc 0.000 (0.009)
Epoch: [1][80/597]	Time 10.390 (5.738)	Data 10.024 (5.129)	Loss 4.5828 (7.5017)	Acc 0.000 (0.009)
Epoch: [1][81/597]	Time 0.692 (5.675)	Data 0.000 (5.066)	Loss 4.6327 (7.4663)	Acc 0.000 (0.008)
Epoch: [1][82/597]	Time 9.869 (5.726)	Data 9.481 (5.120)	Loss 4.6612 (7.4321)	Acc 0.000 (0.008)
Epoch: [1][83/597]	Time 0.697 (5.666)	Data 0.000 (5.058)	Loss 4.6510 (7.3986)	Acc 0.062 (0.009)
Epoch: [1][84/597]	Time 10.414 (5.722)	Data 10.030 (5.117)	Loss 4.8690 (7.3685)	Acc 0.000 (0.009)
Epoch: [1][85/597]	Time 0.687 (5.663)	Data 0.000 (5.057)	Loss 4.6648 (7.3367)	Acc 0.062 (0.010)
Epoch: [1][86/597]	Time 10.442 (5.719)	Data 10.057 (5.115)	Loss 4.5267 (7.3040)	Acc 0.000 (0.009)
Epoch: [1][87/597]	Time 0.692 (5.661)	Data 0.000 (5.057)	Loss 4.5793 (7.2727)	Acc 0.000 (0.009)
Epoch: [1][88/597]	Time 9.823 (5.708)	Data 9.455 (5.106)	Loss 4.7036 (7.2435)	Acc 0.000 (0.009)
Epoch: [1][89/597]	Time 0.686 (5.652)	Data 0.000 (5.049)	Loss 4.7023 (7.2149)	Acc 0.000 (0.009)
Epoch: [1][90/597]	Time 10.678 (5.708)	Data 10.295 (5.107)	Loss 4.6830 (7.1868)	Acc 0.000 (0.009)
Epoch: [1][91/597]	Time 0.692 (5.653)	Data 0.000 (5.051)	Loss 4.6577 (7.1590)	Acc 0.000 (0.009)
Epoch: [1][92/597]	Time 10.620 (5.707)	Data 10.219 (5.107)	Loss 4.5708 (7.1309)	Acc 0.000 (0.009)
Epoch: [1][93/597]	Time 0.705 (5.653)	Data 0.000 (5.053)	Loss 4.5861 (7.1035)	Acc 0.000 (0.009)
Epoch: [1][94/597]	Time 10.674 (5.706)	Data 10.294 (5.108)	Loss 4.5641 (7.0765)	Acc 0.000 (0.009)
Epoch: [1][95/597]	Time 0.685 (5.653)	Data 0.000 (5.055)	Loss 4.6762 (7.0512)	Acc 0.062 (0.009)
Epoch: [1][96/597]	Time 11.023 (5.709)	Data 10.635 (5.113)	Loss 4.6374 (7.0261)	Acc 0.000 (0.009)
Epoch: [1][97/597]	Time 0.687 (5.657)	Data 0.000 (5.060)	Loss 4.6340 (7.0014)	Acc 0.000 (0.009)
Epoch: [1][98/597]	Time 11.037 (5.712)	Data 10.648 (5.117)	Loss 4.6359 (6.9773)	Acc 0.062 (0.010)
Epoch: [1][99/597]	Time 0.702 (5.662)	Data 0.000 (5.065)	Loss 4.8855 (6.9561)	Acc 0.000 (0.009)
Epoch: [1][100/597]	Time 10.881 (5.714)	Data 10.457 (5.119)	Loss 4.6144 (6.9327)	Acc 0.000 (0.009)
Epoch: [1][101/597]	Time 0.742 (5.665)	Data 0.000 (5.069)	Loss 4.6838 (6.9105)	Acc 0.000 (0.009)
Epoch: [1][102/597]	Time 10.580 (5.713)	Data 10.192 (5.119)	Loss 4.6228 (6.8880)	Acc 0.000 (0.009)
Epoch: [1][103/597]	Time 0.687 (5.664)	Data 0.000 (5.069)	Loss 4.6061 (6.8659)	Acc 0.000 (0.009)
Epoch: [1][104/597]	Time 10.897 (5.714)	Data 10.525 (5.122)	Loss 4.5324 (6.8434)	Acc 0.062 (0.010)
Epoch: [1][105/597]	Time 0.688 (5.667)	Data 0.000 (5.073)	Loss 4.6250 (6.8223)	Acc 0.000 (0.010)
Epoch: [1][106/597]	Time 10.512 (5.712)	Data 10.116 (5.120)	Loss 4.6626 (6.8019)	Acc 0.000 (0.009)
Epoch: [1][107/597]	Time 0.708 (5.665)	Data 0.000 (5.072)	Loss 4.7309 (6.7826)	Acc 0.000 (0.009)
Epoch: [1][108/597]	Time 11.024 (5.715)	Data 10.641 (5.124)	Loss 4.5508 (6.7619)	Acc 0.000 (0.009)
Epoch: [1][109/597]	Time 0.716 (5.669)	Data 0.000 (5.077)	Loss 4.6267 (6.7423)	Acc 0.125 (0.010)
Epoch: [1][110/597]	Time 10.314 (5.711)	Data 9.924 (5.121)	Loss 4.7607 (6.7243)	Acc 0.062 (0.011)
Epoch: [1][111/597]	Time 0.688 (5.666)	Data 0.000 (5.075)	Loss 4.8001 (6.7070)	Acc 0.000 (0.011)
Epoch: [1][112/597]	Time 10.690 (5.711)	Data 10.303 (5.122)	Loss 4.5459 (6.6877)	Acc 0.000 (0.011)
Epoch: [1][113/597]	Time 0.689 (5.667)	Data 0.000 (5.076)	Loss 4.6106 (6.6693)	Acc 0.000 (0.011)
Epoch: [1][114/597]	Time 9.602 (5.701)	Data 9.215 (5.113)	Loss 4.6478 (6.6516)	Acc 0.000 (0.010)
Epoch: [1][115/597]	Time 0.704 (5.658)	Data 0.000 (5.068)	Loss 4.5045 (6.6329)	Acc 0.000 (0.010)
Epoch: [1][116/597]	Time 10.405 (5.699)	Data 10.018 (5.111)	Loss 4.6177 (6.6155)	Acc 0.000 (0.010)
Epoch: [1][117/597]	Time 0.698 (5.656)	Data 0.000 (5.067)	Loss 4.5729 (6.5981)	Acc 0.062 (0.011)
Epoch: [1][118/597]	Time 10.372 (5.696)	Data 10.000 (5.109)	Loss 4.5535 (6.5807)	Acc 0.000 (0.011)
Epoch: [1][119/597]	Time 0.693 (5.654)	Data 0.000 (5.066)	Loss 4.5707 (6.5639)	Acc 0.062 (0.011)
Epoch: [1][120/597]	Time 10.934 (5.698)	Data 10.544 (5.112)	Loss 4.5759 (6.5473)	Acc 0.000 (0.011)
Epoch: [1][121/597]	Time 0.695 (5.656)	Data 0.000 (5.069)	Loss 4.5672 (6.5309)	Acc 0.000 (0.011)
Epoch: [1][122/597]	Time 11.085 (5.701)	Data 10.698 (5.116)	Loss 4.5538 (6.5147)	Acc 0.000 (0.011)
Epoch: [1][123/597]	Time 0.700 (5.660)	Data 0.000 (5.074)	Loss 4.7819 (6.5006)	Acc 0.000 (0.011)
Epoch: [1][124/597]	Time 10.515 (5.699)	Data 10.127 (5.115)	Loss 4.6170 (6.4854)	Acc 0.000 (0.011)
Epoch: [1][125/597]	Time 0.694 (5.659)	Data 0.000 (5.074)	Loss 4.6317 (6.4706)	Acc 0.000 (0.011)
Epoch: [1][126/597]	Time 10.519 (5.698)	Data 10.148 (5.114)	Loss 4.7041 (6.4566)	Acc 0.000 (0.010)
Epoch: [1][127/597]	Time 0.716 (5.659)	Data 0.000 (5.074)	Loss 4.6428 (6.4423)	Acc 0.000 (0.010)
Epoch: [1][128/597]	Time 10.424 (5.696)	Data 10.029 (5.113)	Loss 4.6398 (6.4282)	Acc 0.000 (0.010)
Epoch: [1][129/597]	Time 0.689 (5.657)	Data 0.000 (5.073)	Loss 4.6289 (6.4143)	Acc 0.000 (0.010)
Epoch: [1][130/597]	Time 10.086 (5.691)	Data 9.592 (5.108)	Loss 4.6067 (6.4004)	Acc 0.000 (0.010)
Epoch: [1][131/597]	Time 0.691 (5.653)	Data 0.000 (5.069)	Loss 4.8821 (6.3888)	Acc 0.000 (0.010)
Epoch: [1][132/597]	Time 11.472 (5.697)	Data 11.091 (5.114)	Loss 4.6281 (6.3754)	Acc 0.062 (0.010)
Epoch: [1][133/597]	Time 0.688 (5.659)	Data 0.000 (5.076)	Loss 4.6115 (6.3622)	Acc 0.000 (0.010)
Epoch: [1][134/597]	Time 10.681 (5.697)	Data 10.178 (5.114)	Loss 4.6401 (6.3493)	Acc 0.000 (0.010)
Epoch: [1][135/597]	Time 0.689 (5.660)	Data 0.000 (5.076)	Loss 4.6063 (6.3364)	Acc 0.000 (0.010)
Epoch: [1][136/597]	Time 11.147 (5.700)	Data 10.761 (5.118)	Loss 4.5923 (6.3236)	Acc 0.000 (0.010)
Epoch: [1][137/597]	Time 0.905 (5.665)	Data 0.535 (5.084)	Loss 4.5926 (6.3110)	Acc 0.000 (0.010)
Epoch: [1][138/597]	Time 10.986 (5.704)	Data 10.482 (5.124)	Loss 4.5748 (6.2984)	Acc 0.000 (0.010)
Epoch: [1][139/597]	Time 0.692 (5.668)	Data 0.000 (5.087)	Loss 4.5839 (6.2860)	Acc 0.062 (0.010)
Epoch: [1][140/597]	Time 10.638 (5.703)	Data 10.113 (5.123)	Loss 4.6258 (6.2742)	Acc 0.000 (0.010)
Epoch: [1][141/597]	Time 0.692 (5.668)	Data 0.000 (5.086)	Loss 4.5532 (6.2620)	Acc 0.000 (0.010)
Epoch: [1][142/597]	Time 11.206 (5.707)	Data 10.792 (5.126)	Loss 4.5622 (6.2500)	Acc 0.062 (0.011)
Epoch: [1][143/597]	Time 0.687 (5.672)	Data 0.000 (5.091)	Loss 4.6260 (6.2387)	Acc 0.000 (0.010)
Epoch: [1][144/597]	Time 11.056 (5.709)	Data 10.671 (5.129)	Loss 4.6341 (6.2275)	Acc 0.000 (0.010)
Epoch: [1][145/597]	Time 0.686 (5.674)	Data 0.000 (5.094)	Loss 4.6185 (6.2164)	Acc 0.000 (0.010)
Epoch: [1][146/597]	Time 9.888 (5.703)	Data 9.485 (5.124)	Loss 4.6379 (6.2056)	Acc 0.062 (0.011)
Epoch: [1][147/597]	Time 1.119 (5.672)	Data 0.731 (5.094)	Loss 4.6107 (6.1948)	Acc 0.000 (0.011)
Epoch: [1][148/597]	Time 9.483 (5.698)	Data 9.096 (5.121)	Loss 4.7236 (6.1848)	Acc 0.000 (0.011)
Epoch: [1][149/597]	Time 1.938 (5.672)	Data 1.567 (5.097)	Loss 4.6175 (6.1743)	Acc 0.000 (0.010)
Epoch: [1][150/597]	Time 9.485 (5.698)	Data 9.112 (5.124)	Loss 4.6319 (6.1640)	Acc 0.000 (0.010)
Epoch: [1][151/597]	Time 2.145 (5.674)	Data 1.778 (5.102)	Loss 4.5779 (6.1535)	Acc 0.000 (0.010)
Epoch: [1][152/597]	Time 9.224 (5.698)	Data 8.826 (5.126)	Loss 4.4401 (6.1422)	Acc 0.062 (0.011)
Epoch: [1][153/597]	Time 2.270 (5.675)	Data 1.904 (5.105)	Loss 4.5436 (6.1318)	Acc 0.125 (0.011)
Epoch: [1][154/597]	Time 8.724 (5.695)	Data 8.334 (5.126)	Loss 4.5902 (6.1218)	Acc 0.062 (0.012)
Epoch: [1][155/597]	Time 2.494 (5.674)	Data 2.121 (5.107)	Loss 4.5277 (6.1115)	Acc 0.062 (0.012)
Epoch: [1][156/597]	Time 8.042 (5.690)	Data 7.651 (5.123)	Loss 4.6914 (6.1024)	Acc 0.000 (0.012)
Epoch: [1][157/597]	Time 2.805 (5.671)	Data 2.391 (5.106)	Loss 4.6329 (6.0930)	Acc 0.000 (0.012)
Epoch: [1][158/597]	Time 8.261 (5.688)	Data 7.890 (5.123)	Loss 4.6065 (6.0836)	Acc 0.000 (0.012)
Epoch: [1][159/597]	Time 2.973 (5.671)	Data 2.605 (5.108)	Loss 4.5825 (6.0742)	Acc 0.000 (0.012)
Epoch: [1][160/597]	Time 8.594 (5.689)	Data 8.210 (5.127)	Loss 4.6494 (6.0653)	Acc 0.000 (0.012)
Epoch: [1][161/597]	Time 3.353 (5.674)	Data 2.983 (5.114)	Loss 4.6495 (6.0565)	Acc 0.000 (0.012)
Epoch: [1][162/597]	Time 7.924 (5.688)	Data 7.534 (5.129)	Loss 4.5988 (6.0475)	Acc 0.000 (0.012)
Epoch: [1][163/597]	Time 3.560 (5.675)	Data 3.174 (5.117)	Loss 4.6206 (6.0387)	Acc 0.062 (0.012)
Epoch: [1][164/597]	Time 8.512 (5.692)	Data 8.127 (5.135)	Loss 4.6173 (6.0301)	Acc 0.000 (0.012)
Epoch: [1][165/597]	Time 2.700 (5.674)	Data 2.329 (5.118)	Loss 4.7188 (6.0221)	Acc 0.000 (0.012)
Epoch: [1][166/597]	Time 8.558 (5.692)	Data 8.188 (5.136)	Loss 4.5846 (6.0135)	Acc 0.000 (0.012)
Epoch: [1][167/597]	Time 2.215 (5.671)	Data 1.843 (5.117)	Loss 4.6842 (6.0055)	Acc 0.000 (0.012)
Epoch: [1][168/597]	Time 9.176 (5.692)	Data 8.789 (5.139)	Loss 4.5192 (5.9966)	Acc 0.000 (0.012)
Epoch: [1][169/597]	Time 2.748 (5.674)	Data 2.379 (5.122)	Loss 4.6289 (5.9886)	Acc 0.000 (0.011)
Epoch: [1][170/597]	Time 8.115 (5.689)	Data 7.727 (5.138)	Loss 4.7423 (5.9812)	Acc 0.000 (0.011)
Epoch: [1][171/597]	Time 2.871 (5.672)	Data 2.500 (5.122)	Loss 4.6437 (5.9734)	Acc 0.000 (0.011)
Epoch: [1][172/597]	Time 7.964 (5.686)	Data 7.575 (5.136)	Loss 4.5446 (5.9651)	Acc 0.062 (0.012)
Epoch: [1][173/597]	Time 3.204 (5.671)	Data 2.805 (5.123)	Loss 4.6969 (5.9578)	Acc 0.000 (0.012)
Epoch: [1][174/597]	Time 8.365 (5.687)	Data 7.995 (5.139)	Loss 4.5635 (5.9498)	Acc 0.000 (0.011)
Epoch: [1][175/597]	Time 3.285 (5.673)	Data 2.904 (5.127)	Loss 4.5727 (5.9419)	Acc 0.062 (0.012)
Epoch: [1][176/597]	Time 8.523 (5.689)	Data 8.137 (5.144)	Loss 4.6289 (5.9344)	Acc 0.000 (0.012)
Epoch: [1][177/597]	Time 3.077 (5.674)	Data 2.709 (5.130)	Loss 4.6336 (5.9271)	Acc 0.000 (0.012)
Epoch: [1][178/597]	Time 7.487 (5.685)	Data 7.075 (5.141)	Loss 4.6263 (5.9198)	Acc 0.000 (0.012)
Epoch: [1][179/597]	Time 4.677 (5.679)	Data 4.309 (5.136)	Loss 4.7263 (5.9131)	Acc 0.000 (0.012)
Epoch: [1][180/597]	Time 6.418 (5.683)	Data 6.027 (5.141)	Loss 4.6064 (5.9058)	Acc 0.000 (0.011)
Epoch: [1][181/597]	Time 5.009 (5.679)	Data 4.638 (5.139)	Loss 4.5681 (5.8984)	Acc 0.000 (0.011)
Epoch: [1][182/597]	Time 7.133 (5.687)	Data 6.744 (5.147)	Loss 4.5870 (5.8912)	Acc 0.000 (0.011)
Epoch: [1][183/597]	Time 4.515 (5.681)	Data 4.146 (5.142)	Loss 4.6083 (5.8842)	Acc 0.000 (0.011)
Epoch: [1][184/597]	Time 7.542 (5.691)	Data 7.153 (5.153)	Loss 4.7038 (5.8778)	Acc 0.000 (0.011)
Epoch: [1][185/597]	Time 4.114 (5.682)	Data 3.745 (5.145)	Loss 4.5720 (5.8708)	Acc 0.000 (0.011)
Epoch: [1][186/597]	Time 8.038 (5.695)	Data 7.635 (5.159)	Loss 4.6062 (5.8640)	Acc 0.000 (0.011)
Epoch: [1][187/597]	Time 3.141 (5.681)	Data 2.744 (5.146)	Loss 4.5776 (5.8571)	Acc 0.000 (0.011)
Epoch: [1][188/597]	Time 8.742 (5.698)	Data 8.351 (5.163)	Loss 4.6301 (5.8506)	Acc 0.000 (0.011)
Epoch: [1][189/597]	Time 2.451 (5.681)	Data 2.084 (5.146)	Loss 4.6415 (5.8442)	Acc 0.000 (0.011)
Epoch: [1][190/597]	Time 9.492 (5.701)	Data 9.122 (5.167)	Loss 4.5342 (5.8373)	Acc 0.062 (0.011)
Epoch: [1][191/597]	Time 2.277 (5.683)	Data 1.906 (5.150)	Loss 4.5811 (5.8307)	Acc 0.000 (0.011)
Epoch: [1][192/597]	Time 8.936 (5.700)	Data 8.540 (5.168)	Loss 4.6363 (5.8245)	Acc 0.000 (0.011)
Epoch: [1][193/597]	Time 2.666 (5.684)	Data 2.296 (5.153)	Loss 4.6602 (5.8184)	Acc 0.062 (0.011)
Epoch: [1][194/597]	Time 10.217 (5.707)	Data 9.828 (5.177)	Loss 4.5760 (5.8120)	Acc 0.062 (0.012)
Epoch: [1][195/597]	Time 1.607 (5.686)	Data 1.239 (5.157)	Loss 4.6069 (5.8058)	Acc 0.000 (0.012)
Epoch: [1][196/597]	Time 10.229 (5.709)	Data 9.842 (5.181)	Loss 4.5592 (5.7995)	Acc 0.000 (0.011)
Epoch: [1][197/597]	Time 1.688 (5.689)	Data 1.314 (5.161)	Loss 4.6340 (5.7936)	Acc 0.000 (0.011)
Epoch: [1][198/597]	Time 10.804 (5.715)	Data 10.371 (5.188)	Loss 4.5751 (5.7874)	Acc 0.000 (0.011)
Epoch: [1][199/597]	Time 0.711 (5.690)	Data 0.343 (5.163)	Loss 4.5765 (5.7813)	Acc 0.000 (0.011)
Epoch: [1][200/597]	Time 11.085 (5.717)	Data 10.700 (5.191)	Loss 4.7109 (5.7760)	Acc 0.000 (0.011)
Epoch: [1][201/597]	Time 1.038 (5.693)	Data 0.668 (5.168)	Loss 4.5887 (5.7701)	Acc 0.000 (0.011)
Epoch: [1][202/597]	Time 10.632 (5.718)	Data 10.189 (5.193)	Loss 4.6392 (5.7645)	Acc 0.000 (0.011)
Epoch: [1][203/597]	Time 0.852 (5.694)	Data 0.440 (5.170)	Loss 4.5590 (5.7585)	Acc 0.000 (0.011)
Epoch: [1][204/597]	Time 11.469 (5.722)	Data 10.924 (5.198)	Loss 4.6157 (5.7529)	Acc 0.000 (0.011)
Epoch: [1][205/597]	Time 0.695 (5.698)	Data 0.000 (5.173)	Loss 5.2358 (5.7504)	Acc 0.062 (0.011)
Epoch: [1][206/597]	Time 10.863 (5.723)	Data 10.396 (5.198)	Loss 4.5965 (5.7448)	Acc 0.000 (0.011)
Epoch: [1][207/597]	Time 0.650 (5.698)	Data 0.000 (5.173)	Loss 4.6283 (5.7394)	Acc 0.000 (0.011)
Epoch: [1][208/597]	Time 10.796 (5.723)	Data 10.405 (5.198)	Loss 4.5540 (5.7337)	Acc 0.000 (0.011)
Epoch: [1][209/597]	Time 0.948 (5.700)	Data 0.575 (5.176)	Loss 4.9669 (5.7300)	Acc 0.000 (0.011)
Epoch: [1][210/597]	Time 11.268 (5.726)	Data 10.864 (5.203)	Loss 4.5278 (5.7243)	Acc 0.000 (0.011)
Epoch: [1][211/597]	Time 0.962 (5.704)	Data 0.593 (5.181)	Loss 4.7200 (5.7196)	Acc 0.000 (0.011)
Epoch: [1][212/597]	Time 10.259 (5.725)	Data 9.872 (5.203)	Loss 4.6976 (5.7147)	Acc 0.000 (0.011)
Epoch: [1][213/597]	Time 1.362 (5.705)	Data 0.994 (5.184)	Loss 4.6064 (5.7095)	Acc 0.000 (0.011)
Epoch: [1][214/597]	Time 10.779 (5.729)	Data 10.413 (5.208)	Loss 4.6793 (5.7047)	Acc 0.000 (0.011)
Epoch: [1][215/597]	Time 1.488 (5.709)	Data 1.118 (5.189)	Loss 4.6164 (5.6997)	Acc 0.000 (0.011)
Epoch: [1][216/597]	Time 9.999 (5.729)	Data 9.611 (5.209)	Loss 4.6431 (5.6948)	Acc 0.062 (0.011)
Epoch: [1][217/597]	Time 1.881 (5.711)	Data 1.489 (5.192)	Loss 4.5639 (5.6896)	Acc 0.000 (0.011)
Epoch: [1][218/597]	Time 9.560 (5.729)	Data 9.170 (5.211)	Loss 4.5702 (5.6844)	Acc 0.062 (0.011)
Epoch: [1][219/597]	Time 2.564 (5.714)	Data 2.195 (5.197)	Loss 4.5666 (5.6793)	Acc 0.000 (0.011)
Epoch: [1][220/597]	Time 8.643 (5.728)	Data 8.255 (5.211)	Loss 4.6888 (5.6748)	Acc 0.000 (0.011)
Epoch: [1][221/597]	Time 2.568 (5.713)	Data 2.196 (5.197)	Loss 4.5454 (5.6697)	Acc 0.000 (0.011)
Epoch: [1][222/597]	Time 8.244 (5.725)	Data 7.874 (5.209)	Loss 4.5508 (5.6647)	Acc 0.000 (0.011)
Epoch: [1][223/597]	Time 3.608 (5.715)	Data 3.239 (5.200)	Loss 4.6080 (5.6599)	Acc 0.000 (0.011)
Epoch: [1][224/597]	Time 8.826 (5.729)	Data 8.442 (5.215)	Loss 4.6446 (5.6554)	Acc 0.000 (0.011)
Epoch: [1][225/597]	Time 2.895 (5.716)	Data 2.524 (5.203)	Loss 4.6490 (5.6509)	Acc 0.000 (0.011)
Epoch: [1][226/597]	Time 8.351 (5.728)	Data 7.965 (5.215)	Loss 4.7152 (5.6468)	Acc 0.000 (0.011)
Epoch: [1][227/597]	Time 2.201 (5.713)	Data 1.831 (5.200)	Loss 4.5088 (5.6418)	Acc 0.000 (0.011)
Epoch: [1][228/597]	Time 9.141 (5.728)	Data 8.753 (5.216)	Loss 4.8679 (5.6384)	Acc 0.000 (0.011)
Epoch: [1][229/597]	Time 1.655 (5.710)	Data 1.288 (5.199)	Loss 4.5577 (5.6337)	Acc 0.062 (0.011)
Epoch: [1][230/597]	Time 9.630 (5.727)	Data 9.253 (5.216)	Loss 4.4608 (5.6286)	Acc 0.000 (0.011)
Epoch: [1][231/597]	Time 0.943 (5.706)	Data 0.564 (5.196)	Loss 4.6455 (5.6243)	Acc 0.000 (0.011)
Epoch: [1][232/597]	Time 10.874 (5.728)	Data 10.434 (5.219)	Loss 4.6433 (5.6201)	Acc 0.000 (0.011)
Epoch: [1][233/597]	Time 0.693 (5.707)	Data 0.260 (5.197)	Loss 4.6916 (5.6161)	Acc 0.000 (0.011)
Epoch: [1][234/597]	Time 11.496 (5.732)	Data 11.056 (5.222)	Loss 4.6812 (5.6121)	Acc 0.000 (0.011)
Epoch: [1][235/597]	Time 0.712 (5.710)	Data 0.084 (5.200)	Loss 4.6128 (5.6078)	Acc 0.000 (0.011)
Epoch: [1][236/597]	Time 12.051 (5.737)	Data 11.662 (5.228)	Loss 4.6887 (5.6039)	Acc 0.000 (0.011)
Epoch: [1][237/597]	Time 0.724 (5.716)	Data 0.000 (5.206)	Loss 4.5940 (5.5997)	Acc 0.000 (0.011)
Epoch: [1][238/597]	Time 11.100 (5.739)	Data 10.730 (5.229)	Loss 4.5333 (5.5952)	Acc 0.000 (0.011)
Epoch: [1][239/597]	Time 0.687 (5.717)	Data 0.000 (5.207)	Loss 4.6495 (5.5912)	Acc 0.000 (0.010)
Epoch: [1][240/597]	Time 11.025 (5.739)	Data 10.650 (5.230)	Loss 4.5951 (5.5871)	Acc 0.000 (0.010)
Epoch: [1][241/597]	Time 0.689 (5.719)	Data 0.000 (5.208)	Loss 4.5818 (5.5829)	Acc 0.000 (0.010)
Epoch: [1][242/597]	Time 11.011 (5.740)	Data 10.625 (5.230)	Loss 4.5700 (5.5787)	Acc 0.000 (0.010)
Epoch: [1][243/597]	Time 0.701 (5.720)	Data 0.000 (5.209)	Loss 4.6053 (5.5747)	Acc 0.000 (0.010)
Epoch: [1][244/597]	Time 10.211 (5.738)	Data 9.795 (5.228)	Loss 4.5400 (5.5705)	Acc 0.000 (0.010)
Epoch: [1][245/597]	Time 0.698 (5.717)	Data 0.277 (5.208)	Loss 4.5221 (5.5662)	Acc 0.000 (0.010)
Epoch: [1][246/597]	Time 11.620 (5.741)	Data 11.251 (5.232)	Loss 4.6990 (5.5627)	Acc 0.000 (0.010)
Epoch: [1][247/597]	Time 0.689 (5.721)	Data 0.000 (5.211)	Loss 4.5977 (5.5588)	Acc 0.000 (0.010)
Epoch: [1][248/597]	Time 10.168 (5.739)	Data 9.773 (5.229)	Loss 4.6174 (5.5550)	Acc 0.000 (0.010)
Epoch: [1][249/597]	Time 0.683 (5.719)	Data 0.000 (5.208)	Loss 4.6549 (5.5514)	Acc 0.000 (0.010)
Epoch: [1][250/597]	Time 10.861 (5.739)	Data 10.475 (5.229)	Loss 4.4962 (5.5471)	Acc 0.062 (0.010)
Epoch: [1][251/597]	Time 0.694 (5.719)	Data 0.000 (5.209)	Loss 4.6003 (5.5434)	Acc 0.000 (0.010)
Epoch: [1][252/597]	Time 10.818 (5.739)	Data 10.427 (5.229)	Loss 4.5888 (5.5396)	Acc 0.000 (0.010)
Epoch: [1][253/597]	Time 0.695 (5.719)	Data 0.000 (5.209)	Loss 4.6519 (5.5361)	Acc 0.000 (0.010)
Epoch: [1][254/597]	Time 10.400 (5.738)	Data 10.031 (5.228)	Loss 4.5297 (5.5321)	Acc 0.000 (0.010)
Epoch: [1][255/597]	Time 0.686 (5.718)	Data 0.000 (5.207)	Loss 4.5972 (5.5285)	Acc 0.062 (0.010)
Epoch: [1][256/597]	Time 11.312 (5.740)	Data 10.925 (5.229)	Loss 4.7091 (5.5253)	Acc 0.000 (0.010)
Epoch: [1][257/597]	Time 0.686 (5.720)	Data 0.000 (5.209)	Loss 4.6097 (5.5217)	Acc 0.000 (0.010)
Epoch: [1][258/597]	Time 11.469 (5.743)	Data 11.086 (5.232)	Loss 4.6076 (5.5181)	Acc 0.000 (0.010)
Epoch: [1][259/597]	Time 0.692 (5.723)	Data 0.000 (5.212)	Loss 4.7137 (5.5150)	Acc 0.000 (0.010)
Epoch: [1][260/597]	Time 11.598 (5.746)	Data 11.208 (5.235)	Loss 4.6368 (5.5117)	Acc 0.000 (0.010)
Epoch: [1][261/597]	Time 0.704 (5.726)	Data 0.000 (5.215)	Loss 4.7207 (5.5086)	Acc 0.000 (0.010)
Epoch: [1][262/597]	Time 11.320 (5.748)	Data 10.949 (5.237)	Loss 4.6025 (5.5052)	Acc 0.000 (0.010)
Epoch: [1][263/597]	Time 0.688 (5.728)	Data 0.000 (5.217)	Loss 4.6170 (5.5018)	Acc 0.000 (0.010)
Epoch: [1][264/597]	Time 12.241 (5.753)	Data 11.849 (5.242)	Loss 4.5635 (5.4982)	Acc 0.000 (0.010)
Epoch: [1][265/597]	Time 0.693 (5.734)	Data 0.000 (5.222)	Loss 4.8522 (5.4958)	Acc 0.000 (0.010)
Epoch: [1][266/597]	Time 11.847 (5.757)	Data 11.457 (5.245)	Loss 4.5814 (5.4924)	Acc 0.062 (0.010)
Epoch: [1][267/597]	Time 0.705 (5.738)	Data 0.000 (5.226)	Loss 4.6002 (5.4890)	Acc 0.000 (0.010)
Epoch: [1][268/597]	Time 11.243 (5.759)	Data 10.871 (5.247)	Loss 4.5946 (5.4857)	Acc 0.000 (0.010)
Epoch: [1][269/597]	Time 0.685 (5.740)	Data 0.000 (5.227)	Loss 4.5423 (5.4822)	Acc 0.000 (0.010)
Epoch: [1][270/597]	Time 10.899 (5.759)	Data 10.530 (5.247)	Loss 4.5432 (5.4787)	Acc 0.000 (0.010)
Epoch: [1][271/597]	Time 0.689 (5.740)	Data 0.000 (5.228)	Loss 4.7419 (5.4760)	Acc 0.062 (0.010)
Epoch: [1][272/597]	Time 10.562 (5.758)	Data 10.170 (5.246)	Loss 4.5748 (5.4727)	Acc 0.000 (0.010)
Epoch: [1][273/597]	Time 0.685 (5.739)	Data 0.000 (5.227)	Loss 4.5766 (5.4694)	Acc 0.000 (0.010)
Epoch: [1][274/597]	Time 10.805 (5.758)	Data 10.435 (5.246)	Loss 4.5903 (5.4662)	Acc 0.062 (0.010)
Epoch: [1][275/597]	Time 0.692 (5.739)	Data 0.000 (5.227)	Loss 4.6634 (5.4633)	Acc 0.062 (0.010)
Epoch: [1][276/597]	Time 11.055 (5.759)	Data 10.662 (5.246)	Loss 4.5889 (5.4601)	Acc 0.000 (0.010)
Epoch: [1][277/597]	Time 0.703 (5.740)	Data 0.000 (5.227)	Loss 4.7006 (5.4574)	Acc 0.000 (0.010)
Epoch: [1][278/597]	Time 10.543 (5.758)	Data 10.174 (5.245)	Loss 4.6419 (5.4544)	Acc 0.000 (0.010)
Epoch: [1][279/597]	Time 0.687 (5.739)	Data 0.000 (5.226)	Loss 4.5754 (5.4513)	Acc 0.062 (0.011)
Epoch: [1][280/597]	Time 10.538 (5.757)	Data 10.141 (5.244)	Loss 4.5551 (5.4481)	Acc 0.000 (0.010)
Epoch: [1][281/597]	Time 0.687 (5.739)	Data 0.000 (5.225)	Loss 4.6289 (5.4452)	Acc 0.000 (0.010)
Epoch: [1][282/597]	Time 10.989 (5.757)	Data 10.622 (5.244)	Loss 4.5823 (5.4421)	Acc 0.062 (0.011)
Epoch: [1][283/597]	Time 0.689 (5.739)	Data 0.000 (5.226)	Loss 4.6034 (5.4391)	Acc 0.062 (0.011)
Epoch: [1][284/597]	Time 10.896 (5.757)	Data 10.506 (5.244)	Loss 4.5802 (5.4361)	Acc 0.000 (0.011)
Epoch: [1][285/597]	Time 0.696 (5.740)	Data 0.000 (5.226)	Loss 4.5402 (5.4330)	Acc 0.062 (0.011)
Epoch: [1][286/597]	Time 11.190 (5.759)	Data 10.821 (5.246)	Loss 4.6087 (5.4301)	Acc 0.000 (0.011)
Epoch: [1][287/597]	Time 0.706 (5.741)	Data 0.000 (5.227)	Loss 4.5245 (5.4269)	Acc 0.000 (0.011)
Epoch: [1][288/597]	Time 11.593 (5.761)	Data 11.202 (5.248)	Loss 4.5358 (5.4238)	Acc 0.000 (0.011)
Epoch: [1][289/597]	Time 0.693 (5.744)	Data 0.000 (5.230)	Loss 4.5874 (5.4209)	Acc 0.000 (0.011)
Epoch: [1][290/597]	Time 10.944 (5.762)	Data 10.551 (5.248)	Loss 4.6926 (5.4184)	Acc 0.000 (0.011)
Epoch: [1][291/597]	Time 0.686 (5.744)	Data 0.000 (5.230)	Loss 4.5731 (5.4155)	Acc 0.062 (0.011)
Epoch: [1][292/597]	Time 10.357 (5.760)	Data 9.951 (5.246)	Loss 4.6879 (5.4130)	Acc 0.000 (0.011)
Epoch: [1][293/597]	Time 0.695 (5.743)	Data 0.000 (5.228)	Loss 4.6481 (5.4104)	Acc 0.000 (0.011)
Epoch: [1][294/597]	Time 10.995 (5.761)	Data 10.625 (5.247)	Loss 4.6834 (5.4079)	Acc 0.000 (0.011)
Epoch: [1][295/597]	Time 0.687 (5.744)	Data 0.000 (5.229)	Loss 4.6046 (5.4052)	Acc 0.000 (0.011)
Epoch: [1][296/597]	Time 11.200 (5.762)	Data 10.810 (5.248)	Loss 4.5426 (5.4023)	Acc 0.000 (0.011)
Epoch: [1][297/597]	Time 0.687 (5.745)	Data 0.000 (5.230)	Loss 4.6281 (5.3997)	Acc 0.000 (0.011)
Epoch: [1][298/597]	Time 11.298 (5.764)	Data 10.928 (5.249)	Loss 4.5476 (5.3968)	Acc 0.000 (0.011)
Epoch: [1][299/597]	Time 0.689 (5.747)	Data 0.000 (5.232)	Loss 4.5094 (5.3939)	Acc 0.000 (0.011)
Epoch: [1][300/597]	Time 11.427 (5.765)	Data 11.042 (5.251)	Loss 4.5577 (5.3911)	Acc 0.062 (0.011)
Epoch: [1][301/597]	Time 0.692 (5.749)	Data 0.000 (5.234)	Loss 4.6059 (5.3885)	Acc 0.000 (0.011)
Epoch: [1][302/597]	Time 10.224 (5.763)	Data 9.857 (5.249)	Loss 4.5993 (5.3859)	Acc 0.062 (0.011)
Epoch: [1][303/597]	Time 0.685 (5.747)	Data 0.000 (5.232)	Loss 4.5660 (5.3832)	Acc 0.000 (0.011)
Epoch: [1][304/597]	Time 11.403 (5.765)	Data 11.019 (5.251)	Loss 4.6332 (5.3807)	Acc 0.000 (0.011)
Epoch: [1][305/597]	Time 0.686 (5.749)	Data 0.000 (5.233)	Loss 4.6980 (5.3785)	Acc 0.000 (0.011)
Epoch: [1][306/597]	Time 10.392 (5.764)	Data 10.011 (5.249)	Loss 4.5947 (5.3759)	Acc 0.000 (0.011)
Epoch: [1][307/597]	Time 0.693 (5.747)	Data 0.000 (5.232)	Loss 4.6183 (5.3734)	Acc 0.000 (0.011)
Epoch: [1][308/597]	Time 10.822 (5.764)	Data 10.434 (5.249)	Loss 4.6172 (5.3710)	Acc 0.000 (0.011)
Epoch: [1][309/597]	Time 0.694 (5.747)	Data 0.000 (5.232)	Loss 4.5650 (5.3684)	Acc 0.062 (0.011)
Epoch: [1][310/597]	Time 9.746 (5.760)	Data 9.377 (5.245)	Loss 4.6686 (5.3661)	Acc 0.000 (0.011)
Epoch: [1][311/597]	Time 0.688 (5.744)	Data 0.000 (5.228)	Loss 4.5133 (5.3634)	Acc 0.000 (0.011)
Epoch: [1][312/597]	Time 11.265 (5.762)	Data 10.875 (5.246)	Loss 4.6938 (5.3612)	Acc 0.000 (0.011)
Epoch: [1][313/597]	Time 0.716 (5.746)	Data 0.000 (5.230)	Loss 4.6169 (5.3588)	Acc 0.000 (0.011)
Epoch: [1][314/597]	Time 9.708 (5.758)	Data 9.338 (5.243)	Loss 4.7161 (5.3568)	Acc 0.000 (0.011)
Epoch: [1][315/597]	Time 0.701 (5.742)	Data 0.000 (5.226)	Loss 4.6203 (5.3544)	Acc 0.000 (0.011)
Epoch: [1][316/597]	Time 10.119 (5.756)	Data 9.730 (5.240)	Loss 4.5747 (5.3520)	Acc 0.000 (0.011)
Epoch: [1][317/597]	Time 0.700 (5.740)	Data 0.000 (5.224)	Loss 4.6712 (5.3498)	Acc 0.000 (0.011)
Epoch: [1][318/597]	Time 10.740 (5.756)	Data 10.354 (5.240)	Loss 4.6555 (5.3477)	Acc 0.000 (0.011)
Epoch: [1][319/597]	Time 0.687 (5.740)	Data 0.000 (5.224)	Loss 4.6893 (5.3456)	Acc 0.000 (0.011)
Epoch: [1][320/597]	Time 10.501 (5.755)	Data 10.111 (5.239)	Loss 4.6320 (5.3434)	Acc 0.000 (0.011)
Epoch: [1][321/597]	Time 0.687 (5.739)	Data 0.000 (5.223)	Loss 4.5238 (5.3408)	Acc 0.000 (0.011)
Epoch: [1][322/597]	Time 9.754 (5.751)	Data 9.365 (5.235)	Loss 4.6543 (5.3387)	Acc 0.000 (0.010)
Epoch: [1][323/597]	Time 0.706 (5.736)	Data 0.000 (5.219)	Loss 4.6224 (5.3365)	Acc 0.000 (0.010)
Epoch: [1][324/597]	Time 9.893 (5.749)	Data 9.504 (5.232)	Loss 4.6441 (5.3343)	Acc 0.000 (0.010)
Epoch: [1][325/597]	Time 0.700 (5.733)	Data 0.000 (5.216)	Loss 4.6537 (5.3322)	Acc 0.000 (0.010)
Epoch: [1][326/597]	Time 9.862 (5.746)	Data 9.474 (5.229)	Loss 4.5532 (5.3298)	Acc 0.062 (0.011)
Epoch: [1][327/597]	Time 0.688 (5.730)	Data 0.000 (5.213)	Loss 4.6055 (5.3276)	Acc 0.062 (0.011)
Epoch: [1][328/597]	Time 10.916 (5.746)	Data 10.525 (5.230)	Loss 4.5832 (5.3253)	Acc 0.000 (0.011)
Epoch: [1][329/597]	Time 0.705 (5.731)	Data 0.000 (5.214)	Loss 4.4966 (5.3228)	Acc 0.000 (0.011)
Epoch: [1][330/597]	Time 10.786 (5.746)	Data 10.398 (5.229)	Loss 4.7492 (5.3211)	Acc 0.000 (0.011)
Epoch: [1][331/597]	Time 0.696 (5.731)	Data 0.000 (5.214)	Loss 4.7464 (5.3194)	Acc 0.000 (0.011)
Epoch: [1][332/597]	Time 10.933 (5.746)	Data 10.561 (5.230)	Loss 4.6085 (5.3172)	Acc 0.000 (0.011)
Epoch: [1][333/597]	Time 0.697 (5.731)	Data 0.000 (5.214)	Loss 4.5751 (5.3150)	Acc 0.125 (0.011)
Epoch: [1][334/597]	Time 10.839 (5.747)	Data 10.452 (5.230)	Loss 4.6924 (5.3131)	Acc 0.000 (0.011)
Epoch: [1][335/597]	Time 0.696 (5.732)	Data 0.000 (5.214)	Loss 4.6323 (5.3111)	Acc 0.000 (0.011)
Epoch: [1][336/597]	Time 11.018 (5.747)	Data 10.626 (5.230)	Loss 4.5638 (5.3089)	Acc 0.000 (0.011)
Epoch: [1][337/597]	Time 0.689 (5.732)	Data 0.000 (5.215)	Loss 4.5684 (5.3067)	Acc 0.000 (0.011)
Epoch: [1][338/597]	Time 10.514 (5.746)	Data 10.128 (5.229)	Loss 4.5509 (5.3044)	Acc 0.062 (0.011)
Epoch: [1][339/597]	Time 0.693 (5.732)	Data 0.000 (5.214)	Loss 4.5701 (5.3023)	Acc 0.000 (0.011)
Epoch: [1][340/597]	Time 10.779 (5.746)	Data 10.410 (5.229)	Loss 4.5607 (5.3001)	Acc 0.000 (0.011)
Epoch: [1][341/597]	Time 0.685 (5.732)	Data 0.000 (5.214)	Loss 4.6172 (5.2981)	Acc 0.000 (0.011)
Epoch: [1][342/597]	Time 10.463 (5.745)	Data 10.075 (5.228)	Loss 4.6082 (5.2961)	Acc 0.000 (0.011)
Epoch: [1][343/597]	Time 0.699 (5.731)	Data 0.000 (5.213)	Loss 4.5790 (5.2940)	Acc 0.062 (0.011)
Epoch: [1][344/597]	Time 11.426 (5.747)	Data 11.038 (5.230)	Loss 4.5892 (5.2919)	Acc 0.000 (0.011)
Epoch: [1][345/597]	Time 0.687 (5.733)	Data 0.000 (5.214)	Loss 4.6636 (5.2901)	Acc 0.000 (0.011)
Epoch: [1][346/597]	Time 10.978 (5.748)	Data 10.597 (5.230)	Loss 4.5865 (5.2881)	Acc 0.000 (0.011)
Epoch: [1][347/597]	Time 0.694 (5.733)	Data 0.000 (5.215)	Loss 4.5560 (5.2860)	Acc 0.000 (0.011)
Epoch: [1][348/597]	Time 11.531 (5.750)	Data 11.164 (5.232)	Loss 4.5994 (5.2840)	Acc 0.062 (0.011)
Epoch: [1][349/597]	Time 0.691 (5.735)	Data 0.000 (5.217)	Loss 4.5571 (5.2819)	Acc 0.000 (0.011)
Epoch: [1][350/597]	Time 10.520 (5.749)	Data 10.133 (5.231)	Loss 4.5833 (5.2799)	Acc 0.000 (0.011)
Epoch: [1][351/597]	Time 0.695 (5.735)	Data 0.000 (5.216)	Loss 4.6188 (5.2780)	Acc 0.000 (0.011)
Epoch: [1][352/597]	Time 11.505 (5.751)	Data 11.121 (5.233)	Loss 4.5949 (5.2761)	Acc 0.062 (0.011)
Epoch: [1][353/597]	Time 0.688 (5.737)	Data 0.000 (5.218)	Loss 4.5621 (5.2741)	Acc 0.000 (0.011)
Epoch: [1][354/597]	Time 10.148 (5.749)	Data 9.761 (5.231)	Loss 4.5277 (5.2720)	Acc 0.062 (0.011)
Epoch: [1][355/597]	Time 0.692 (5.735)	Data 0.000 (5.216)	Loss 4.5922 (5.2700)	Acc 0.062 (0.011)
Epoch: [1][356/597]	Time 10.373 (5.748)	Data 10.008 (5.230)	Loss 4.5655 (5.2681)	Acc 0.000 (0.011)
Epoch: [1][357/597]	Time 0.699 (5.734)	Data 0.000 (5.215)	Loss 4.5580 (5.2661)	Acc 0.000 (0.011)
Epoch: [1][358/597]	Time 10.372 (5.747)	Data 9.984 (5.228)	Loss 4.5855 (5.2642)	Acc 0.000 (0.011)
Epoch: [1][359/597]	Time 0.710 (5.733)	Data 0.000 (5.214)	Loss 4.6400 (5.2624)	Acc 0.000 (0.011)
Epoch: [1][360/597]	Time 10.664 (5.746)	Data 10.274 (5.228)	Loss 4.6449 (5.2607)	Acc 0.000 (0.011)
Epoch: [1][361/597]	Time 0.704 (5.732)	Data 0.000 (5.213)	Loss 4.6792 (5.2591)	Acc 0.000 (0.011)
Epoch: [1][362/597]	Time 11.030 (5.747)	Data 10.640 (5.228)	Loss 4.6556 (5.2574)	Acc 0.000 (0.011)
Epoch: [1][363/597]	Time 0.693 (5.733)	Data 0.000 (5.214)	Loss 4.5864 (5.2556)	Acc 0.000 (0.011)
Epoch: [1][364/597]	Time 10.906 (5.747)	Data 10.537 (5.229)	Loss 4.6128 (5.2538)	Acc 0.000 (0.011)
Epoch: [1][365/597]	Time 0.692 (5.733)	Data 0.000 (5.214)	Loss 4.6247 (5.2521)	Acc 0.000 (0.011)
Epoch: [1][366/597]	Time 10.582 (5.747)	Data 10.197 (5.228)	Loss 4.5783 (5.2503)	Acc 0.000 (0.011)
Epoch: [1][367/597]	Time 0.691 (5.733)	Data 0.000 (5.214)	Loss 4.5670 (5.2484)	Acc 0.000 (0.011)
Epoch: [1][368/597]	Time 10.979 (5.747)	Data 10.579 (5.228)	Loss 4.5113 (5.2464)	Acc 0.000 (0.011)
Epoch: [1][369/597]	Time 0.693 (5.733)	Data 0.000 (5.214)	Loss 4.5005 (5.2444)	Acc 0.000 (0.011)
Epoch: [1][370/597]	Time 9.705 (5.744)	Data 9.318 (5.225)	Loss 4.4986 (5.2424)	Acc 0.000 (0.011)
Epoch: [1][371/597]	Time 0.690 (5.731)	Data 0.000 (5.211)	Loss 4.4947 (5.2403)	Acc 0.062 (0.011)
Epoch: [1][372/597]	Time 9.948 (5.742)	Data 9.578 (5.223)	Loss 4.5698 (5.2385)	Acc 0.062 (0.011)
Epoch: [1][373/597]	Time 0.688 (5.728)	Data 0.000 (5.209)	Loss 4.6903 (5.2371)	Acc 0.000 (0.011)
Epoch: [1][374/597]	Time 10.781 (5.742)	Data 10.391 (5.223)	Loss 4.5539 (5.2352)	Acc 0.000 (0.011)
Epoch: [1][375/597]	Time 0.697 (5.728)	Data 0.000 (5.209)	Loss 4.7060 (5.2338)	Acc 0.000 (0.011)
Epoch: [1][376/597]	Time 10.519 (5.741)	Data 10.123 (5.222)	Loss 4.6343 (5.2322)	Acc 0.000 (0.011)
Epoch: [1][377/597]	Time 0.688 (5.728)	Data 0.000 (5.208)	Loss 4.5116 (5.2303)	Acc 0.000 (0.011)
Epoch: [1][378/597]	Time 10.192 (5.740)	Data 9.823 (5.220)	Loss 4.5245 (5.2285)	Acc 0.000 (0.011)
Epoch: [1][379/597]	Time 0.687 (5.726)	Data 0.000 (5.206)	Loss 4.5729 (5.2267)	Acc 0.000 (0.011)
Epoch: [1][380/597]	Time 10.687 (5.739)	Data 10.300 (5.220)	Loss 4.5692 (5.2250)	Acc 0.000 (0.011)
Epoch: [1][381/597]	Time 0.691 (5.726)	Data 0.000 (5.206)	Loss 4.5983 (5.2234)	Acc 0.000 (0.011)
Epoch: [1][382/597]	Time 10.121 (5.738)	Data 9.733 (5.218)	Loss 4.6398 (5.2218)	Acc 0.000 (0.011)
Epoch: [1][383/597]	Time 0.687 (5.724)	Data 0.000 (5.204)	Loss 4.5911 (5.2202)	Acc 0.000 (0.011)
Epoch: [1][384/597]	Time 10.496 (5.737)	Data 10.103 (5.217)	Loss 4.5669 (5.2185)	Acc 0.000 (0.011)
Epoch: [1][385/597]	Time 0.686 (5.724)	Data 0.000 (5.204)	Loss 4.5552 (5.2168)	Acc 0.062 (0.011)
Epoch: [1][386/597]	Time 9.224 (5.733)	Data 8.850 (5.213)	Loss 4.6107 (5.2152)	Acc 0.000 (0.011)
Epoch: [1][387/597]	Time 0.691 (5.720)	Data 0.000 (5.200)	Loss 4.5552 (5.2135)	Acc 0.062 (0.011)
Epoch: [1][388/597]	Time 9.669 (5.730)	Data 9.282 (5.210)	Loss 4.6596 (5.2121)	Acc 0.000 (0.011)
Epoch: [1][389/597]	Time 0.692 (5.717)	Data 0.000 (5.197)	Loss 4.5010 (5.2102)	Acc 0.000 (0.011)
Epoch: [1][390/597]	Time 9.765 (5.727)	Data 9.387 (5.207)	Loss 4.6284 (5.2087)	Acc 0.000 (0.011)
Epoch: [1][391/597]	Time 0.692 (5.714)	Data 0.000 (5.194)	Loss 4.5633 (5.2071)	Acc 0.000 (0.011)
Epoch: [1][392/597]	Time 10.689 (5.727)	Data 10.301 (5.207)	Loss 4.5578 (5.2054)	Acc 0.000 (0.011)
Epoch: [1][393/597]	Time 0.690 (5.714)	Data 0.000 (5.194)	Loss 4.6169 (5.2039)	Acc 0.062 (0.011)
Epoch: [1][394/597]	Time 10.813 (5.727)	Data 10.430 (5.207)	Loss 4.6672 (5.2026)	Acc 0.000 (0.011)
Epoch: [1][395/597]	Time 0.691 (5.714)	Data 0.000 (5.194)	Loss 4.5106 (5.2008)	Acc 0.000 (0.011)
Epoch: [1][396/597]	Time 10.202 (5.726)	Data 9.831 (5.206)	Loss 4.5953 (5.1993)	Acc 0.000 (0.011)
Epoch: [1][397/597]	Time 0.690 (5.713)	Data 0.000 (5.193)	Loss 4.6867 (5.1980)	Acc 0.000 (0.011)
Epoch: [1][398/597]	Time 11.619 (5.728)	Data 11.237 (5.208)	Loss 4.5751 (5.1964)	Acc 0.000 (0.011)
Epoch: [1][399/597]	Time 0.707 (5.715)	Data 0.000 (5.195)	Loss 4.6508 (5.1951)	Acc 0.000 (0.011)
Epoch: [1][400/597]	Time 10.159 (5.727)	Data 9.779 (5.206)	Loss 4.6344 (5.1937)	Acc 0.000 (0.011)
Epoch: [1][401/597]	Time 0.688 (5.714)	Data 0.000 (5.193)	Loss 4.7533 (5.1926)	Acc 0.000 (0.011)
Epoch: [1][402/597]	Time 9.006 (5.722)	Data 8.632 (5.202)	Loss 4.6548 (5.1912)	Acc 0.000 (0.011)
Epoch: [1][403/597]	Time 0.689 (5.710)	Data 0.000 (5.189)	Loss 4.4791 (5.1895)	Acc 0.000 (0.011)
Epoch: [1][404/597]	Time 10.736 (5.722)	Data 10.367 (5.202)	Loss 4.5624 (5.1879)	Acc 0.000 (0.011)
Epoch: [1][405/597]	Time 0.693 (5.710)	Data 0.000 (5.189)	Loss 4.6379 (5.1865)	Acc 0.000 (0.011)
Epoch: [1][406/597]	Time 10.877 (5.722)	Data 10.491 (5.202)	Loss 4.5944 (5.1851)	Acc 0.000 (0.011)
Epoch: [1][407/597]	Time 0.716 (5.710)	Data 0.000 (5.189)	Loss 4.6318 (5.1837)	Acc 0.000 (0.011)
Epoch: [1][408/597]	Time 10.682 (5.722)	Data 10.293 (5.202)	Loss 4.6097 (5.1823)	Acc 0.000 (0.011)
Epoch: [1][409/597]	Time 0.692 (5.710)	Data 0.000 (5.189)	Loss 4.5573 (5.1808)	Acc 0.000 (0.011)
Epoch: [1][410/597]	Time 9.937 (5.720)	Data 9.527 (5.199)	Loss 4.5278 (5.1792)	Acc 0.000 (0.011)
Epoch: [1][411/597]	Time 0.689 (5.708)	Data 0.000 (5.187)	Loss 4.5267 (5.1776)	Acc 0.000 (0.010)
Epoch: [1][412/597]	Time 10.708 (5.720)	Data 10.216 (5.199)	Loss 4.5664 (5.1761)	Acc 0.000 (0.010)
Epoch: [1][413/597]	Time 0.688 (5.708)	Data 0.000 (5.186)	Loss 4.5578 (5.1746)	Acc 0.000 (0.010)
Epoch: [1][414/597]	Time 10.829 (5.720)	Data 10.390 (5.199)	Loss 4.5683 (5.1732)	Acc 0.000 (0.010)
Epoch: [1][415/597]	Time 0.678 (5.708)	Data 0.000 (5.186)	Loss 4.4298 (5.1714)	Acc 0.000 (0.010)
Epoch: [1][416/597]	Time 10.619 (5.720)	Data 10.234 (5.199)	Loss 4.5263 (5.1698)	Acc 0.062 (0.011)
Epoch: [1][417/597]	Time 1.987 (5.711)	Data 1.617 (5.190)	Loss 4.4573 (5.1681)	Acc 0.125 (0.011)
Epoch: [1][418/597]	Time 9.800 (5.721)	Data 9.406 (5.200)	Loss 4.4977 (5.1665)	Acc 0.000 (0.011)
Epoch: [1][419/597]	Time 2.204 (5.712)	Data 1.830 (5.192)	Loss 4.6906 (5.1654)	Acc 0.000 (0.011)
Epoch: [1][420/597]	Time 8.361 (5.719)	Data 7.990 (5.199)	Loss 4.5433 (5.1639)	Acc 0.062 (0.011)
Epoch: [1][421/597]	Time 3.667 (5.714)	Data 3.284 (5.194)	Loss 4.6216 (5.1626)	Acc 0.000 (0.011)
Epoch: [1][422/597]	Time 8.207 (5.720)	Data 7.839 (5.200)	Loss 4.5833 (5.1612)	Acc 0.000 (0.011)
Epoch: [1][423/597]	Time 3.526 (5.715)	Data 3.139 (5.196)	Loss 4.6665 (5.1601)	Acc 0.000 (0.011)
Epoch: [1][424/597]	Time 7.987 (5.720)	Data 7.600 (5.201)	Loss 4.5331 (5.1586)	Acc 0.000 (0.011)
Epoch: [1][425/597]	Time 2.571 (5.713)	Data 2.204 (5.194)	Loss 4.6496 (5.1574)	Acc 0.000 (0.011)
Epoch: [1][426/597]	Time 8.556 (5.719)	Data 8.167 (5.201)	Loss 4.5953 (5.1561)	Acc 0.000 (0.011)
Epoch: [1][427/597]	Time 2.300 (5.711)	Data 1.911 (5.193)	Loss 4.5182 (5.1546)	Acc 0.062 (0.011)
Epoch: [1][428/597]	Time 9.338 (5.720)	Data 8.971 (5.202)	Loss 4.6423 (5.1534)	Acc 0.000 (0.011)
Epoch: [1][429/597]	Time 1.613 (5.710)	Data 1.243 (5.193)	Loss 4.5783 (5.1520)	Acc 0.000 (0.011)
Epoch: [1][430/597]	Time 8.336 (5.716)	Data 7.953 (5.199)	Loss 4.6919 (5.1510)	Acc 0.000 (0.011)
Epoch: [1][431/597]	Time 2.359 (5.708)	Data 1.990 (5.192)	Loss 4.6122 (5.1497)	Acc 0.000 (0.011)
Epoch: [1][432/597]	Time 8.994 (5.716)	Data 8.604 (5.200)	Loss 4.5619 (5.1484)	Acc 0.062 (0.011)
Epoch: [1][433/597]	Time 2.253 (5.708)	Data 1.884 (5.192)	Loss 4.4972 (5.1469)	Acc 0.062 (0.011)
Epoch: [1][434/597]	Time 8.250 (5.714)	Data 7.882 (5.198)	Loss 4.4639 (5.1453)	Acc 0.125 (0.011)
Epoch: [1][435/597]	Time 2.479 (5.706)	Data 2.112 (5.191)	Loss 4.5615 (5.1439)	Acc 0.062 (0.011)
Epoch: [1][436/597]	Time 8.515 (5.713)	Data 8.129 (5.198)	Loss 4.5923 (5.1427)	Acc 0.000 (0.011)
Epoch: [1][437/597]	Time 2.955 (5.707)	Data 2.587 (5.192)	Loss 4.5696 (5.1414)	Acc 0.062 (0.011)
Epoch: [1][438/597]	Time 9.144 (5.714)	Data 8.754 (5.200)	Loss 4.6287 (5.1402)	Acc 0.000 (0.011)
Epoch: [1][439/597]	Time 1.859 (5.706)	Data 1.492 (5.192)	Loss 4.6320 (5.1390)	Acc 0.000 (0.011)
Epoch: [1][440/597]	Time 8.897 (5.713)	Data 8.503 (5.199)	Loss 4.5210 (5.1376)	Acc 0.000 (0.011)
Epoch: [1][441/597]	Time 2.376 (5.705)	Data 1.990 (5.192)	Loss 4.5955 (5.1364)	Acc 0.000 (0.011)
Epoch: [1][442/597]	Time 9.241 (5.713)	Data 8.873 (5.200)	Loss 4.5064 (5.1350)	Acc 0.000 (0.011)
Epoch: [1][443/597]	Time 2.318 (5.706)	Data 1.916 (5.193)	Loss 4.6386 (5.1339)	Acc 0.000 (0.011)
Epoch: [1][444/597]	Time 8.613 (5.712)	Data 8.226 (5.200)	Loss 4.5638 (5.1326)	Acc 0.000 (0.011)
Epoch: [1][445/597]	Time 2.473 (5.705)	Data 2.105 (5.193)	Loss 4.6142 (5.1314)	Acc 0.000 (0.011)
Epoch: [1][446/597]	Time 8.135 (5.710)	Data 7.746 (5.199)	Loss 4.5968 (5.1302)	Acc 0.000 (0.011)
Epoch: [1][447/597]	Time 3.153 (5.705)	Data 2.784 (5.193)	Loss 4.6611 (5.1292)	Acc 0.000 (0.011)
Epoch: [1][448/597]	Time 8.342 (5.711)	Data 7.957 (5.199)	Loss 4.5704 (5.1279)	Acc 0.000 (0.011)
Epoch: [1][449/597]	Time 3.270 (5.705)	Data 2.903 (5.194)	Loss 4.7459 (5.1271)	Acc 0.000 (0.011)
Epoch: [1][450/597]	Time 8.079 (5.710)	Data 7.692 (5.200)	Loss 4.5376 (5.1257)	Acc 0.000 (0.011)
Epoch: [1][451/597]	Time 2.444 (5.703)	Data 2.075 (5.193)	Loss 4.5327 (5.1244)	Acc 0.000 (0.011)
Epoch: [1][452/597]	Time 7.446 (5.707)	Data 7.053 (5.197)	Loss 4.7815 (5.1237)	Acc 0.062 (0.011)
Epoch: [1][453/597]	Time 3.963 (5.703)	Data 3.596 (5.193)	Loss 4.5752 (5.1225)	Acc 0.062 (0.011)
Epoch: [1][454/597]	Time 7.078 (5.706)	Data 6.695 (5.197)	Loss 4.5972 (5.1213)	Acc 0.000 (0.011)
Epoch: [1][455/597]	Time 3.999 (5.702)	Data 3.630 (5.193)	Loss 4.5621 (5.1201)	Acc 0.000 (0.011)
Epoch: [1][456/597]	Time 7.448 (5.706)	Data 7.062 (5.197)	Loss 4.5263 (5.1188)	Acc 0.062 (0.011)
Epoch: [1][457/597]	Time 3.812 (5.702)	Data 3.422 (5.193)	Loss 4.6183 (5.1177)	Acc 0.000 (0.011)
Epoch: [1][458/597]	Time 7.294 (5.706)	Data 6.914 (5.197)	Loss 4.7196 (5.1168)	Acc 0.000 (0.011)
Epoch: [1][459/597]	Time 3.447 (5.701)	Data 3.068 (5.193)	Loss 4.5877 (5.1157)	Acc 0.000 (0.011)
Epoch: [1][460/597]	Time 7.762 (5.705)	Data 7.395 (5.197)	Loss 4.5606 (5.1145)	Acc 0.000 (0.011)
Epoch: [1][461/597]	Time 3.553 (5.701)	Data 3.161 (5.193)	Loss 4.6525 (5.1135)	Acc 0.000 (0.011)
Epoch: [1][462/597]	Time 7.502 (5.704)	Data 7.133 (5.197)	Loss 4.5360 (5.1122)	Acc 0.000 (0.011)
Epoch: [1][463/597]	Time 3.245 (5.699)	Data 2.878 (5.192)	Loss 4.5011 (5.1109)	Acc 0.062 (0.011)
Epoch: [1][464/597]	Time 8.388 (5.705)	Data 8.003 (5.198)	Loss 4.6463 (5.1099)	Acc 0.062 (0.011)
Epoch: [1][465/597]	Time 3.001 (5.699)	Data 2.628 (5.193)	Loss 4.6011 (5.1088)	Acc 0.000 (0.011)
Epoch: [1][466/597]	Time 7.516 (5.703)	Data 7.123 (5.197)	Loss 4.5349 (5.1076)	Acc 0.062 (0.012)
Epoch: [1][467/597]	Time 2.944 (5.697)	Data 2.576 (5.191)	Loss 4.6295 (5.1065)	Acc 0.000 (0.012)
Epoch: [1][468/597]	Time 7.385 (5.701)	Data 7.017 (5.195)	Loss 4.5265 (5.1053)	Acc 0.000 (0.011)
Epoch: [1][469/597]	Time 3.689 (5.696)	Data 3.325 (5.191)	Loss 4.7035 (5.1044)	Acc 0.000 (0.011)
Epoch: [1][470/597]	Time 6.607 (5.698)	Data 6.211 (5.193)	Loss 4.6006 (5.1034)	Acc 0.000 (0.011)
Epoch: [1][471/597]	Time 4.495 (5.696)	Data 4.127 (5.191)	Loss 4.5444 (5.1022)	Acc 0.000 (0.011)
Epoch: [1][472/597]	Time 6.312 (5.697)	Data 5.923 (5.193)	Loss 4.6183 (5.1012)	Acc 0.000 (0.011)
Epoch: [1][473/597]	Time 3.270 (5.692)	Data 2.882 (5.188)	Loss 4.6114 (5.1001)	Acc 0.000 (0.011)
Epoch: [1][474/597]	Time 7.432 (5.696)	Data 7.045 (5.192)	Loss 4.6893 (5.0992)	Acc 0.000 (0.011)
Epoch: [1][475/597]	Time 2.998 (5.690)	Data 2.629 (5.186)	Loss 4.5481 (5.0981)	Acc 0.000 (0.011)
Epoch: [1][476/597]	Time 8.037 (5.695)	Data 7.646 (5.191)	Loss 4.7064 (5.0973)	Acc 0.000 (0.011)
Epoch: [1][477/597]	Time 2.885 (5.689)	Data 2.515 (5.186)	Loss 4.4971 (5.0960)	Acc 0.062 (0.011)
Epoch: [1][478/597]	Time 8.023 (5.694)	Data 7.634 (5.191)	Loss 4.6106 (5.0950)	Acc 0.000 (0.011)
Epoch: [1][479/597]	Time 2.079 (5.686)	Data 1.713 (5.184)	Loss 4.5901 (5.0939)	Acc 0.000 (0.011)
Epoch: [1][480/597]	Time 7.814 (5.691)	Data 7.444 (5.188)	Loss 4.6408 (5.0930)	Acc 0.000 (0.011)
Epoch: [1][481/597]	Time 3.086 (5.685)	Data 2.713 (5.183)	Loss 4.5907 (5.0919)	Acc 0.000 (0.011)
Epoch: [1][482/597]	Time 7.030 (5.688)	Data 6.645 (5.186)	Loss 4.6437 (5.0910)	Acc 0.000 (0.011)
Epoch: [1][483/597]	Time 3.517 (5.684)	Data 3.136 (5.182)	Loss 4.6821 (5.0902)	Acc 0.000 (0.011)
Epoch: [1][484/597]	Time 6.751 (5.686)	Data 6.363 (5.184)	Loss 4.5663 (5.0891)	Acc 0.000 (0.011)
Epoch: [1][485/597]	Time 4.145 (5.683)	Data 3.775 (5.182)	Loss 4.5663 (5.0880)	Acc 0.000 (0.011)
Epoch: [1][486/597]	Time 7.386 (5.686)	Data 7.019 (5.185)	Loss 4.5519 (5.0869)	Acc 0.000 (0.011)
Epoch: [1][487/597]	Time 4.050 (5.683)	Data 3.599 (5.182)	Loss 4.4996 (5.0857)	Acc 0.000 (0.011)
Epoch: [1][488/597]	Time 6.939 (5.685)	Data 6.571 (5.185)	Loss 4.4482 (5.0844)	Acc 0.000 (0.011)
Epoch: [1][489/597]	Time 4.456 (5.683)	Data 4.087 (5.183)	Loss 4.5254 (5.0833)	Acc 0.000 (0.011)
Epoch: [1][490/597]	Time 6.176 (5.684)	Data 5.790 (5.184)	Loss 4.5400 (5.0821)	Acc 0.000 (0.011)
Epoch: [1][491/597]	Time 4.620 (5.682)	Data 4.252 (5.182)	Loss 4.6042 (5.0812)	Acc 0.062 (0.011)
Epoch: [1][492/597]	Time 5.579 (5.681)	Data 5.187 (5.182)	Loss 4.6219 (5.0802)	Acc 0.000 (0.011)
Epoch: [1][493/597]	Time 5.486 (5.681)	Data 5.099 (5.182)	Loss 4.5836 (5.0792)	Acc 0.000 (0.011)
Epoch: [1][494/597]	Time 5.214 (5.680)	Data 4.846 (5.181)	Loss 4.5327 (5.0781)	Acc 0.062 (0.011)
Epoch: [1][495/597]	Time 5.583 (5.680)	Data 5.217 (5.181)	Loss 4.4797 (5.0769)	Acc 0.000 (0.011)
Epoch: [1][496/597]	Time 4.951 (5.678)	Data 4.574 (5.180)	Loss 4.5444 (5.0758)	Acc 0.000 (0.011)
Epoch: [1][497/597]	Time 5.547 (5.678)	Data 5.176 (5.180)	Loss 4.7168 (5.0751)	Acc 0.125 (0.011)
Epoch: [1][498/597]	Time 4.640 (5.676)	Data 4.273 (5.178)	Loss 4.6762 (5.0743)	Acc 0.000 (0.011)
Epoch: [1][499/597]	Time 5.691 (5.676)	Data 5.302 (5.178)	Loss 4.6576 (5.0735)	Acc 0.000 (0.011)
Epoch: [1][500/597]	Time 4.871 (5.675)	Data 4.502 (5.177)	Loss 4.6123 (5.0726)	Acc 0.062 (0.011)
Epoch: [1][501/597]	Time 5.361 (5.674)	Data 4.976 (5.177)	Loss 4.6522 (5.0717)	Acc 0.062 (0.012)
Epoch: [1][502/597]	Time 4.976 (5.673)	Data 4.587 (5.175)	Loss 4.5587 (5.0707)	Acc 0.000 (0.012)
Epoch: [1][503/597]	Time 5.871 (5.673)	Data 5.459 (5.176)	Loss 4.4810 (5.0695)	Acc 0.000 (0.012)
Epoch: [1][504/597]	Time 4.566 (5.671)	Data 4.185 (5.174)	Loss 4.5213 (5.0684)	Acc 0.000 (0.012)
Epoch: [1][505/597]	Time 6.036 (5.671)	Data 5.652 (5.175)	Loss 4.5371 (5.0674)	Acc 0.000 (0.012)
Epoch: [1][506/597]	Time 4.667 (5.669)	Data 4.301 (5.173)	Loss 4.6008 (5.0665)	Acc 0.000 (0.011)
Epoch: [1][507/597]	Time 6.072 (5.670)	Data 5.683 (5.174)	Loss 4.5507 (5.0654)	Acc 0.000 (0.011)
Epoch: [1][508/597]	Time 4.096 (5.667)	Data 3.730 (5.171)	Loss 4.7257 (5.0648)	Acc 0.000 (0.011)
Epoch: [1][509/597]	Time 6.913 (5.670)	Data 6.524 (5.174)	Loss 4.6845 (5.0640)	Acc 0.062 (0.012)
Epoch: [1][510/597]	Time 3.677 (5.666)	Data 3.288 (5.170)	Loss 4.5479 (5.0630)	Acc 0.000 (0.012)
Epoch: [1][511/597]	Time 6.744 (5.668)	Data 6.357 (5.173)	Loss 4.4968 (5.0619)	Acc 0.000 (0.011)
Epoch: [1][512/597]	Time 3.340 (5.663)	Data 2.970 (5.168)	Loss 4.5453 (5.0609)	Acc 0.062 (0.012)
Epoch: [1][513/597]	Time 7.427 (5.667)	Data 7.060 (5.172)	Loss 4.5439 (5.0599)	Acc 0.000 (0.012)
Epoch: [1][514/597]	Time 3.230 (5.662)	Data 2.866 (5.168)	Loss 4.4356 (5.0587)	Acc 0.062 (0.012)
Epoch: [1][515/597]	Time 6.648 (5.664)	Data 6.250 (5.170)	Loss 4.5992 (5.0578)	Acc 0.000 (0.012)
Epoch: [1][516/597]	Time 3.894 (5.660)	Data 3.504 (5.167)	Loss 4.5279 (5.0568)	Acc 0.000 (0.012)
Epoch: [1][517/597]	Time 7.178 (5.663)	Data 6.787 (5.170)	Loss 4.4378 (5.0556)	Acc 0.000 (0.012)
Epoch: [1][518/597]	Time 3.650 (5.659)	Data 3.258 (5.166)	Loss 4.5363 (5.0546)	Acc 0.000 (0.012)
Epoch: [1][519/597]	Time 7.084 (5.662)	Data 6.696 (5.169)	Loss 4.5459 (5.0536)	Acc 0.000 (0.012)
Epoch: [1][520/597]	Time 3.363 (5.658)	Data 2.997 (5.165)	Loss 4.6369 (5.0528)	Acc 0.062 (0.012)
Epoch: [1][521/597]	Time 7.636 (5.662)	Data 7.267 (5.169)	Loss 4.6300 (5.0520)	Acc 0.000 (0.012)
Epoch: [1][522/597]	Time 3.264 (5.657)	Data 2.897 (5.164)	Loss 4.5240 (5.0510)	Acc 0.000 (0.012)
Epoch: [1][523/597]	Time 7.854 (5.661)	Data 7.462 (5.169)	Loss 4.6509 (5.0502)	Acc 0.000 (0.012)
Epoch: [1][524/597]	Time 2.822 (5.656)	Data 2.455 (5.164)	Loss 4.4398 (5.0490)	Acc 0.000 (0.012)
Epoch: [1][525/597]	Time 8.287 (5.661)	Data 7.902 (5.169)	Loss 4.4849 (5.0480)	Acc 0.000 (0.012)
Epoch: [1][526/597]	Time 2.889 (5.656)	Data 2.521 (5.164)	Loss 4.6619 (5.0472)	Acc 0.062 (0.012)
Epoch: [1][527/597]	Time 9.002 (5.662)	Data 8.618 (5.170)	Loss 4.6206 (5.0464)	Acc 0.000 (0.012)
Epoch: [1][528/597]	Time 3.337 (5.657)	Data 2.970 (5.166)	Loss 4.5639 (5.0455)	Acc 0.062 (0.012)
Epoch: [1][529/597]	Time 8.421 (5.663)	Data 8.052 (5.172)	Loss 4.6905 (5.0448)	Acc 0.000 (0.012)
Epoch: [1][530/597]	Time 2.954 (5.658)	Data 2.586 (5.167)	Loss 4.5158 (5.0438)	Acc 0.062 (0.012)
Epoch: [1][531/597]	Time 10.207 (5.666)	Data 9.814 (5.176)	Loss 4.5019 (5.0428)	Acc 0.125 (0.012)
Epoch: [1][532/597]	Time 1.999 (5.659)	Data 1.633 (5.169)	Loss 4.6281 (5.0420)	Acc 0.000 (0.012)
Epoch: [1][533/597]	Time 11.036 (5.669)	Data 10.628 (5.179)	Loss 4.6582 (5.0413)	Acc 0.000 (0.012)
Epoch: [1][534/597]	Time 1.732 (5.662)	Data 1.364 (5.172)	Loss 4.4449 (5.0402)	Acc 0.000 (0.012)
Epoch: [1][535/597]	Time 10.127 (5.670)	Data 9.736 (5.181)	Loss 4.4444 (5.0391)	Acc 0.000 (0.012)
Epoch: [1][536/597]	Time 2.104 (5.664)	Data 1.735 (5.174)	Loss 4.4529 (5.0380)	Acc 0.000 (0.012)
Epoch: [1][537/597]	Time 9.966 (5.672)	Data 9.597 (5.182)	Loss 4.6824 (5.0373)	Acc 0.000 (0.012)
Epoch: [1][538/597]	Time 2.270 (5.665)	Data 1.901 (5.176)	Loss 4.7517 (5.0368)	Acc 0.000 (0.012)
Epoch: [1][539/597]	Time 9.579 (5.673)	Data 9.200 (5.184)	Loss 4.6045 (5.0360)	Acc 0.062 (0.012)
Epoch: [1][540/597]	Time 1.893 (5.666)	Data 1.525 (5.177)	Loss 4.7311 (5.0354)	Acc 0.000 (0.012)
Epoch: [1][541/597]	Time 10.730 (5.675)	Data 10.341 (5.186)	Loss 4.3929 (5.0342)	Acc 0.062 (0.012)
Epoch: [1][542/597]	Time 2.417 (5.669)	Data 2.047 (5.181)	Loss 4.6473 (5.0335)	Acc 0.000 (0.012)
Epoch: [1][543/597]	Time 11.246 (5.679)	Data 10.853 (5.191)	Loss 4.5766 (5.0327)	Acc 0.000 (0.012)
Epoch: [1][544/597]	Time 2.676 (5.674)	Data 2.308 (5.186)	Loss 4.6899 (5.0320)	Acc 0.000 (0.012)
Epoch: [1][545/597]	Time 9.901 (5.681)	Data 9.510 (5.194)	Loss 4.5223 (5.0311)	Acc 0.000 (0.012)
Epoch: [1][546/597]	Time 3.316 (5.677)	Data 2.932 (5.190)	Loss 4.5981 (5.0303)	Acc 0.000 (0.012)
Epoch: [1][547/597]	Time 11.691 (5.688)	Data 11.273 (5.201)	Loss 4.5315 (5.0294)	Acc 0.000 (0.012)
Epoch: [1][548/597]	Time 6.666 (5.690)	Data 6.295 (5.203)	Loss 4.5830 (5.0286)	Acc 0.000 (0.012)
Epoch: [1][549/597]	Time 10.133 (5.698)	Data 9.746 (5.211)	Loss 4.5756 (5.0278)	Acc 0.000 (0.012)
Epoch: [1][550/597]	Time 4.464 (5.696)	Data 4.095 (5.209)	Loss 4.5776 (5.0270)	Acc 0.000 (0.012)
Epoch: [1][551/597]	Time 14.038 (5.711)	Data 13.666 (5.224)	Loss 4.5947 (5.0262)	Acc 0.000 (0.012)
Epoch: [1][552/597]	Time 6.403 (5.712)	Data 6.019 (5.226)	Loss 4.7091 (5.0256)	Acc 0.000 (0.012)
Epoch: [1][553/597]	Time 16.358 (5.731)	Data 15.967 (5.245)	Loss 4.6424 (5.0249)	Acc 0.000 (0.012)
Epoch: [1][554/597]	Time 5.685 (5.731)	Data 5.318 (5.245)	Loss 4.6129 (5.0242)	Acc 0.062 (0.012)
Epoch: [1][555/597]	Time 16.515 (5.751)	Data 16.144 (5.265)	Loss 4.6577 (5.0235)	Acc 0.000 (0.012)
Epoch: [1][556/597]	Time 4.660 (5.749)	Data 4.276 (5.263)	Loss 4.7331 (5.0230)	Acc 0.000 (0.012)
Epoch: [1][557/597]	Time 21.100 (5.776)	Data 20.677 (5.291)	Loss 4.8616 (5.0227)	Acc 0.000 (0.012)
Epoch: [1][558/597]	Time 6.954 (5.778)	Data 6.585 (5.293)	Loss 4.7082 (5.0221)	Acc 0.062 (0.012)
Epoch: [1][559/597]	Time 24.342 (5.812)	Data 23.935 (5.327)	Loss 4.6075 (5.0214)	Acc 0.000 (0.012)
Epoch: [1][560/597]	Time 1.926 (5.805)	Data 1.564 (5.320)	Loss 4.5081 (5.0205)	Acc 0.062 (0.012)
Epoch: [1][561/597]	Time 23.066 (5.836)	Data 22.548 (5.350)	Loss 4.5710 (5.0197)	Acc 0.000 (0.012)
Epoch: [1][562/597]	Time 0.676 (5.826)	Data 0.251 (5.341)	Loss 4.6404 (5.0190)	Acc 0.000 (0.012)
Epoch: [1][563/597]	Time 18.973 (5.850)	Data 18.532 (5.365)	Loss 4.5772 (5.0182)	Acc 0.062 (0.012)
Epoch: [1][564/597]	Time 1.246 (5.842)	Data 0.882 (5.357)	Loss 4.5423 (5.0174)	Acc 0.000 (0.012)
Epoch: [1][565/597]	Time 25.449 (5.876)	Data 25.012 (5.392)	Loss 4.7175 (5.0168)	Acc 0.000 (0.012)
Epoch: [1][566/597]	Time 3.709 (5.872)	Data 3.347 (5.388)	Loss 4.6042 (5.0161)	Acc 0.000 (0.012)
Epoch: [1][567/597]	Time 23.882 (5.904)	Data 23.467 (5.420)	Loss 4.5093 (5.0152)	Acc 0.000 (0.012)
Epoch: [1][568/597]	Time 4.437 (5.902)	Data 4.072 (5.418)	Loss 4.6554 (5.0146)	Acc 0.062 (0.012)
Epoch: [1][569/597]	Time 25.316 (5.936)	Data 24.878 (5.452)	Loss 4.5876 (5.0138)	Acc 0.062 (0.012)
Epoch: [1][570/597]	Time 3.667 (5.932)	Data 3.303 (5.448)	Loss 4.6061 (5.0131)	Acc 0.000 (0.012)
Epoch: [1][571/597]	Time 27.181 (5.969)	Data 26.773 (5.485)	Loss 4.5806 (5.0123)	Acc 0.000 (0.012)
Epoch: [1][572/597]	Time 0.864 (5.960)	Data 0.501 (5.477)	Loss 4.4897 (5.0114)	Acc 0.062 (0.012)
Epoch: [1][573/597]	Time 22.746 (5.989)	Data 22.301 (5.506)	Loss 4.5880 (5.0107)	Acc 0.000 (0.012)
Epoch: [1][574/597]	Time 1.826 (5.982)	Data 1.462 (5.499)	Loss 4.5345 (5.0099)	Acc 0.000 (0.012)
Epoch: [1][575/597]	Time 18.464 (6.004)	Data 18.085 (5.521)	Loss 4.5217 (5.0090)	Acc 0.000 (0.012)
Epoch: [1][576/597]	Time 3.399 (5.999)	Data 3.009 (5.516)	Loss 4.6082 (5.0083)	Acc 0.000 (0.012)
Epoch: [1][577/597]	Time 20.214 (6.024)	Data 19.777 (5.541)	Loss 4.5563 (5.0075)	Acc 0.062 (0.012)
Epoch: [1][578/597]	Time 6.439 (6.025)	Data 6.054 (5.542)	Loss 4.4337 (5.0065)	Acc 0.125 (0.012)
Epoch: [1][579/597]	Time 15.110 (6.040)	Data 14.748 (5.558)	Loss 4.3626 (5.0054)	Acc 0.000 (0.012)
Epoch: [1][580/597]	Time 5.933 (6.040)	Data 5.544 (5.558)	Loss 4.6173 (5.0048)	Acc 0.062 (0.012)
Epoch: [1][581/597]	Time 15.784 (6.057)	Data 15.419 (5.575)	Loss 4.6309 (5.0041)	Acc 0.062 (0.012)
Epoch: [1][582/597]	Time 6.696 (6.058)	Data 6.311 (5.576)	Loss 4.5271 (5.0033)	Acc 0.000 (0.012)
Epoch: [1][583/597]	Time 15.058 (6.073)	Data 14.694 (5.592)	Loss 4.8670 (5.0031)	Acc 0.000 (0.012)
Epoch: [1][584/597]	Time 4.012 (6.070)	Data 3.649 (5.589)	Loss 4.6326 (5.0024)	Acc 0.000 (0.012)
Epoch: [1][585/597]	Time 17.199 (6.089)	Data 16.805 (5.608)	Loss 4.7498 (5.0020)	Acc 0.000 (0.012)
Epoch: [1][586/597]	Time 2.463 (6.083)	Data 2.098 (5.602)	Loss 4.6296 (5.0014)	Acc 0.062 (0.012)
Epoch: [1][587/597]	Time 14.912 (6.098)	Data 14.524 (5.617)	Loss 4.5301 (5.0006)	Acc 0.000 (0.012)
Epoch: [1][588/597]	Time 1.584 (6.090)	Data 1.219 (5.609)	Loss 4.4825 (4.9997)	Acc 0.062 (0.013)
Epoch: [1][589/597]	Time 15.690 (6.106)	Data 15.291 (5.626)	Loss 4.5591 (4.9989)	Acc 0.000 (0.013)
Epoch: [1][590/597]	Time 2.996 (6.101)	Data 2.632 (5.621)	Loss 4.5224 (4.9981)	Acc 0.062 (0.013)
Epoch: [1][591/597]	Time 16.039 (6.118)	Data 15.654 (5.638)	Loss 4.5067 (4.9973)	Acc 0.000 (0.013)
Epoch: [1][592/597]	Time 6.020 (6.118)	Data 5.634 (5.638)	Loss 4.6234 (4.9967)	Acc 0.000 (0.013)
Epoch: [1][593/597]	Time 14.710 (6.132)	Data 14.283 (5.652)	Loss 4.5604 (4.9959)	Acc 0.000 (0.013)
Epoch: [1][594/597]	Time 4.968 (6.130)	Data 4.575 (5.651)	Loss 4.4488 (4.9950)	Acc 0.062 (0.013)
Epoch: [1][595/597]	Time 14.025 (6.144)	Data 13.664 (5.664)	Loss 4.6022 (4.9943)	Acc 0.000 (0.013)
Epoch: [1][596/597]	Time 9.931 (6.150)	Data 9.547 (5.671)	Loss 4.5081 (4.9935)	Acc 0.000 (0.013)
Epoch: [1][597/597]	Time 3.488 (6.145)	Data 0.000 (5.661)	Loss 4.5316 (4.9935)	Acc 0.000 (0.013)
validation at epoch 1
Traceback (most recent call last):
  File "main.py", line 431, in <module>
    main_worker(-1, opt)
  File "main.py", line 398, in main_worker
    prev_val_loss = val_epoch(i, val_loader, model, criterion,
  File "/tudelft.net/staff-bulk/ewi/insy/VisionLab/ombrettastraff/3D-ResNets-PyTorch/validation.py", line 34, in val_epoch
    targets = targets.to(device, non_blocking=True)
AttributeError: 'list' object has no attribute 'to'
srun: error: ewi1: task 0: Exited with exit code 1
