Namespace(accimage=False, annotation_path=PosixPath('/tudelft.net/staff-bulk/ewi/insy/VisionLab/ombrettastraff/UCF-101/json_annotations/ucf101_01.json'), arch='resnet-18', batch_size=16, batchnorm_sync=False, begin_epoch=1, checkpoint=5, colorjitter=False, conv1_t_size=7, conv1_t_stride=1, dampening=0.0, dataset='ucf101', dist_url='tcp://127.0.0.1:23456', distributed=False, file_type='jpg', ft_begin_module='', inference=False, inference_batch_size=16, inference_crop='center', inference_no_average=False, inference_stride=16, inference_subset='val', input_type='rgb', learning_rate=0.01, lr_scheduler='multistep', manual_seed=1, mean=[0.4345, 0.4051, 0.3775], mean_dataset='kinetics', model='resnet', model_depth=18, momentum=0.9, multistep_milestones=[30], n_classes=101, n_epochs=80, n_input_channels=3, n_pretrain_classes=0, n_threads=4, n_val_samples=3, nesterov=False, no_cuda=False, no_hflip=False, no_max_pool=False, no_mean_norm=False, no_std_norm=False, no_train=False, no_val=False, optimizer='sgd', output_topk=5, overwrite_milestones=False, plateau_patience=10, pretrain_path=None, receptive_size=33, resnet_shortcut='B', resnet_widen_factor=1.0, resnext_cardinality=32, result_path=PosixPath('/tudelft.net/staff-bulk/ewi/insy/VisionLab/ombrettastraff/3D-ResNets-PyTorch/results/ucf101_resnet_18_0'), resume_path=None, root_path=PosixPath('/tudelft.net/staff-bulk/ewi/insy/VisionLab/ombrettastraff'), sample_duration=48, sample_size=64, sample_t_stride=1, std=[0.2768, 0.2713, 0.2737], tensorboard=True, train_crop='random', train_crop_min_ratio=0.75, train_crop_min_scale=0.25, train_t_crop='random', value_scale=1, video_path=PosixPath('/tudelft.net/staff-bulk/ewi/insy/VisionLab/ombrettastraff/UCF-101/jpg'), weight_decay=0.001, wide_resnet_k=2, world_size=-1)
Using multiple GPUs
DataParallel(
  (module): ResNet(
    (conv1): Conv3d(3, 64, kernel_size=(7, 7, 7), stride=(1, 2, 2), padding=(3, 3, 3), bias=False)
    (bn1): BatchNorm3d(64, eps=1e-05, momentum=0.1, affine=True, track_running_stats=True)
    (relu): ReLU(inplace=True)
    (maxpool): MaxPool3d(kernel_size=3, stride=2, padding=1, dilation=1, ceil_mode=False)
    (layer1): Sequential(
      (0): BasicBlock(
        (conv1): Conv3d(64, 64, kernel_size=(3, 3, 3), stride=(1, 1, 1), padding=(1, 1, 1), bias=False)
        (bn1): BatchNorm3d(64, eps=1e-05, momentum=0.1, affine=True, track_running_stats=True)
        (relu): ReLU(inplace=True)
        (conv2): Conv3d(64, 64, kernel_size=(3, 3, 3), stride=(1, 1, 1), padding=(1, 1, 1), bias=False)
        (bn2): BatchNorm3d(64, eps=1e-05, momentum=0.1, affine=True, track_running_stats=True)
      )
      (1): BasicBlock(
        (conv1): Conv3d(64, 64, kernel_size=(3, 3, 3), stride=(1, 1, 1), padding=(1, 1, 1), bias=False)
        (bn1): BatchNorm3d(64, eps=1e-05, momentum=0.1, affine=True, track_running_stats=True)
        (relu): ReLU(inplace=True)
        (conv2): Conv3d(64, 64, kernel_size=(3, 3, 3), stride=(1, 1, 1), padding=(1, 1, 1), bias=False)
        (bn2): BatchNorm3d(64, eps=1e-05, momentum=0.1, affine=True, track_running_stats=True)
      )
    )
    (layer2): Sequential(
      (0): BasicBlock(
        (conv1): Conv3d(64, 128, kernel_size=(3, 3, 3), stride=(2, 2, 2), padding=(1, 1, 1), bias=False)
        (bn1): BatchNorm3d(128, eps=1e-05, momentum=0.1, affine=True, track_running_stats=True)
        (relu): ReLU(inplace=True)
        (conv2): Conv3d(128, 128, kernel_size=(3, 3, 3), stride=(1, 1, 1), padding=(1, 1, 1), bias=False)
        (bn2): BatchNorm3d(128, eps=1e-05, momentum=0.1, affine=True, track_running_stats=True)
        (downsample): Sequential(
          (0): Conv3d(64, 128, kernel_size=(1, 1, 1), stride=(2, 2, 2), bias=False)
          (1): BatchNorm3d(128, eps=1e-05, momentum=0.1, affine=True, track_running_stats=True)
        )
      )
      (1): BasicBlock(
        (conv1): Conv3d(128, 128, kernel_size=(3, 3, 3), stride=(1, 1, 1), padding=(1, 1, 1), bias=False)
        (bn1): BatchNorm3d(128, eps=1e-05, momentum=0.1, affine=True, track_running_stats=True)
        (relu): ReLU(inplace=True)
        (conv2): Conv3d(128, 128, kernel_size=(3, 3, 3), stride=(1, 1, 1), padding=(1, 1, 1), bias=False)
        (bn2): BatchNorm3d(128, eps=1e-05, momentum=0.1, affine=True, track_running_stats=True)
      )
    )
    (layer3): Sequential(
      (0): BasicBlock(
        (conv1): Conv3d(128, 256, kernel_size=(3, 3, 3), stride=(2, 2, 2), padding=(1, 1, 1), bias=False)
        (bn1): BatchNorm3d(256, eps=1e-05, momentum=0.1, affine=True, track_running_stats=True)
        (relu): ReLU(inplace=True)
        (conv2): Conv3d(256, 256, kernel_size=(3, 3, 3), stride=(1, 1, 1), padding=(1, 1, 1), bias=False)
        (bn2): BatchNorm3d(256, eps=1e-05, momentum=0.1, affine=True, track_running_stats=True)
        (downsample): Sequential(
          (0): Conv3d(128, 256, kernel_size=(1, 1, 1), stride=(2, 2, 2), bias=False)
          (1): BatchNorm3d(256, eps=1e-05, momentum=0.1, affine=True, track_running_stats=True)
        )
      )
      (1): BasicBlock(
        (conv1): Conv3d(256, 256, kernel_size=(3, 3, 3), stride=(1, 1, 1), padding=(1, 1, 1), bias=False)
        (bn1): BatchNorm3d(256, eps=1e-05, momentum=0.1, affine=True, track_running_stats=True)
        (relu): ReLU(inplace=True)
        (conv2): Conv3d(256, 256, kernel_size=(3, 3, 3), stride=(1, 1, 1), padding=(1, 1, 1), bias=False)
        (bn2): BatchNorm3d(256, eps=1e-05, momentum=0.1, affine=True, track_running_stats=True)
      )
    )
    (layer4): Sequential(
      (0): BasicBlock(
        (conv1): Conv3d(256, 512, kernel_size=(3, 3, 3), stride=(2, 2, 2), padding=(1, 1, 1), bias=False)
        (bn1): BatchNorm3d(512, eps=1e-05, momentum=0.1, affine=True, track_running_stats=True)
        (relu): ReLU(inplace=True)
        (conv2): Conv3d(512, 512, kernel_size=(3, 3, 3), stride=(1, 1, 1), padding=(1, 1, 1), bias=False)
        (bn2): BatchNorm3d(512, eps=1e-05, momentum=0.1, affine=True, track_running_stats=True)
        (downsample): Sequential(
          (0): Conv3d(256, 512, kernel_size=(1, 1, 1), stride=(2, 2, 2), bias=False)
          (1): BatchNorm3d(512, eps=1e-05, momentum=0.1, affine=True, track_running_stats=True)
        )
      )
      (1): BasicBlock(
        (conv1): Conv3d(512, 512, kernel_size=(3, 3, 3), stride=(1, 1, 1), padding=(1, 1, 1), bias=False)
        (bn1): BatchNorm3d(512, eps=1e-05, momentum=0.1, affine=True, track_running_stats=True)
        (relu): ReLU(inplace=True)
        (conv2): Conv3d(512, 512, kernel_size=(3, 3, 3), stride=(1, 1, 1), padding=(1, 1, 1), bias=False)
        (bn2): BatchNorm3d(512, eps=1e-05, momentum=0.1, affine=True, track_running_stats=True)
      )
    )
    (avgpool): AdaptiveAvgPool3d(output_size=(1, 1, 1))
    (fc): Linear(in_features=512, out_features=101, bias=True)
  )
)
random
random
Building VideoDataset for UCF-101.
Compose(
    RandomResizedCrop(size=(64, 64), scale=(0.25, 1.0), ratio=(0.75, 1.3333), interpolation=PIL.Image.BILINEAR)
    RandomHorizontalFlip(p=0.5)
    ToTensor()
    <spatial_transforms.ScaleValue object at 0x7fdf37d7b8b0>
    Normalize(mean=[0.4345, 0.4051, 0.3775], std=[0.2768, 0.2713, 0.2737])
)
<temporal_transforms.Compose object at 0x7fdf37d7bd60>
<datasets.loader.VideoLoader object at 0x7fdf37d7bf40>
dataset loading [0/9537]
dataset loading [1907/9537]
dataset loading [3814/9537]
dataset loading [5721/9537]
dataset loading [7628/9537]
dataset loading [9535/9537]
dataset loading [0/3783]
dataset loading [756/3783]
dataset loading [1512/3783]
dataset loading [2268/3783]
dataset loading [3024/3783]
dataset loading [3780/3783]
train at epoch 1
CONV 1
CONV 1
CONV 1
CONV 1
out CONV1 torch.Size([4, 64, 48, 32, 32])
(maxpooled) out CONV1 torch.Size([4, 64, 24, 16, 16])
LAYER1
LAYER2
LAYER3
out CONV1 torch.Size([4, 64, 48, 32, 32])
(maxpooled) out CONV1 torch.Size([4, 64, 24, 16, 16])
LAYER1
LAYER2
LAYER3
LAYER4
LAYER4
out avg pool torch.Size([4, 512, 1, 1, 1])
out avg pool torch.Size([4, 512, 1, 1, 1])
out torch.Size([4, 101])
out torch.Size([4, 101])
out CONV1 torch.Size([4, 64, 48, 32, 32])
(maxpooled) out CONV1 torch.Size([4, 64, 24, 16, 16])
LAYER1
LAYER2
LAYER3
LAYER4
out avg pool torch.Size([4, 512, 1, 1, 1])
out torch.Size([4, 101])
out CONV1 torch.Size([4, 64, 48, 32, 32])
(maxpooled) out CONV1 torch.Size([4, 64, 24, 16, 16])
LAYER1
LAYER2
LAYER3
LAYER4
out avg pool torch.Size([4, 512, 1, 1, 1])
out torch.Size([4, 101])
Epoch: [1][1/597]	Time 22.334 (22.334)	Data 11.959 (11.959)	Loss 4.8026 (4.8026)	Acc 0.000 (0.000)
CONV 1
CONV 1
CONV 1
CONV 1
out CONV1 torch.Size([4, 64, 48, 32, 32])
(maxpooled) out CONV1 torch.Size([4, 64, 24, 16, 16])
LAYER1
LAYER2
LAYER3
LAYER4
out avg pool torch.Size([4, 512, 1, 1, 1])
out torch.Size([4, 101])
out CONV1 torch.Size([4, 64, 48, 32, 32])
(maxpooled) out CONV1 torch.Size([4, 64, 24, 16, 16])
LAYER1
LAYER2
LAYER3
LAYER4
out avg pool torch.Size([4, 512, 1, 1, 1])
out CONV1 torch.Size([4, 64, 48, 32, 32])
(maxpooled) out CONV1 torch.Size([4, 64, 24, 16, 16])
LAYER1
LAYER2
LAYER3
LAYER4
out avg pool torch.Size([4, 512, 1, 1, 1])
out CONV1 torch.Size([4, 64, 48, 32, 32])
(maxpooled) out CONV1 torch.Size([4, 64, 24, 16, 16])
LAYER1
LAYER2
LAYER3
LAYER4
out torch.Size([4, 101])
out avg pool torch.Size([4, 512, 1, 1, 1])
out torch.Size([4, 101])
out torch.Size([4, 101])
Epoch: [1][2/597]	Time 0.151 (11.242)	Data 0.000 (5.980)	Loss 4.8453 (4.8240)	Acc 0.000 (0.000)
CONV 1
out CONV1 torch.Size([4, 64, 48, 32, 32])
(maxpooled) out CONV1 torch.Size([4, 64, 24, 16, 16])
LAYER1
LAYER2
LAYER3
LAYER4
out avg pool torch.Size([4, 512, 1, 1, 1])
out torch.Size([4, 101])
CONV 1
out CONV1 torch.Size([4, 64, 48, 32, 32])
(maxpooled) out CONV1 torch.Size([4, 64, 24, 16, 16])
LAYER1
LAYER2
LAYER3
LAYER4
out avg pool torch.Size([4, 512, 1, 1, 1])
out torch.Size([4, 101])
CONV 1
out CONV1 torch.Size([4, 64, 48, 32, 32])
(maxpooled) out CONV1 torch.Size([4, 64, 24, 16, 16])
LAYER1
LAYER2
LAYER3
LAYER4
out avg pool torch.Size([4, 512, 1, 1, 1])
out torch.Size([4, 101])
CONV 1
out CONV1 torch.Size([4, 64, 48, 32, 32])
(maxpooled) out CONV1 torch.Size([4, 64, 24, 16, 16])
LAYER1
LAYER2
LAYER3
LAYER4
out avg pool torch.Size([4, 512, 1, 1, 1])
out torch.Size([4, 101])
Epoch: [1][3/597]	Time 0.103 (7.529)	Data 0.000 (3.986)	Loss 4.7415 (4.7965)	Acc 0.000 (0.000)
CONV 1
CONV 1
out CONV1 torch.Size([4, 64, 48, 32, 32])
(maxpooled) out CONV1 torch.Size([4, 64, 24, 16, 16])
LAYER1
LAYER2
out CONV1 torch.Size([4, 64, 48, 32, 32])
(maxpooled) out CONV1 torch.Size([4, 64, 24, 16, 16])
LAYER1
LAYER3
LAYER4
out avg pool torch.Size([4, 512, 1, 1, 1])
out torch.Size([4, 101])
CONV 1
out CONV1 torch.Size([4, 64, 48, 32, 32])
(maxpooled) out CONV1 torch.Size([4, 64, 24, 16, 16])
LAYER1
LAYER2
LAYER3
LAYER4
out avg pool torch.Size([4, 512, 1, 1, 1])
out torch.Size([4, 101])
CONV 1
out CONV1 torch.Size([4, 64, 48, 32, 32])
(maxpooled) out CONV1 torch.Size([4, 64, 24, 16, 16])
LAYER1
LAYER2
LAYER3
LAYER4
out avg pool torch.Size([4, 512, 1, 1, 1])
out torch.Size([4, 101])
LAYER2
LAYER3
LAYER4
out avg pool torch.Size([4, 512, 1, 1, 1])
out torch.Size([4, 101])
Epoch: [1][4/597]	Time 0.104 (5.673)	Data 0.000 (2.990)	Loss 4.6183 (4.7520)	Acc 0.000 (0.000)
CONV 1
out CONV1 torch.Size([4, 64, 48, 32, 32])
(maxpooled) out CONV1 torch.Size([4, 64, 24, 16, 16])
LAYER1
LAYER2
CONV 1
out CONV1 torch.Size([4, 64, 48, 32, 32])
(maxpooled) out CONV1 torch.Size([4, 64, 24, 16, 16])
LAYER1
LAYER3
LAYER2
LAYER4
out avg pool torch.Size([4, 512, 1, 1, 1])
out torch.Size([4, 101])
CONV 1
out CONV1 torch.Size([4, 64, 48, 32, 32])
(maxpooled) out CONV1 torch.Size([4, 64, 24, 16, 16])
LAYER1
CONV 1
out CONV1 torch.Size([4, 64, 48, 32, 32])
(maxpooled) out CONV1 torch.Size([4, 64, 24, 16, 16])
LAYER1
LAYER2
LAYER3
LAYER2
LAYER3
LAYER3
LAYER4
out avg pool torch.Size([4, 512, 1, 1, 1])
out torch.Size([4, 101])
LAYER4
out avg pool torch.Size([4, 512, 1, 1, 1])
out torch.Size([4, 101])
LAYER4
out avg pool torch.Size([4, 512, 1, 1, 1])
out torch.Size([4, 101])
Epoch: [1][5/597]	Time 2.747 (5.088)	Data 2.671 (2.926)	Loss 4.6243 (4.7264)	Acc 0.000 (0.000)
CONV 1
CONV 1
out CONV1 torch.Size([4, 64, 48, 32, 32])
(maxpooled) out CONV1 torch.Size([4, 64, 24, 16, 16])
LAYER1
out CONV1 torch.Size([4, 64, 48, 32, 32])
(maxpooled) out CONV1 torch.Size([4, 64, 24, 16, 16])
LAYER1
CONV 1
out CONV1 torch.Size([4, 64, 48, 32, 32])
(maxpooled) out CONV1 torch.Size([4, 64, 24, 16, 16])
LAYER1
LAYER2
CONV 1
out CONV1 torch.Size([4, 64, 48, 32, 32])
(maxpooled) out CONV1 torch.Size([4, 64, 24, 16, 16])
LAYER1
LAYER2
LAYER2
LAYER3
LAYER2
LAYER3
LAYER4
LAYER3
LAYER4
LAYER3
out avg pool torch.Size([4, 512, 1, 1, 1])
out torch.Size([4, 101])
LAYER4
out avg pool torch.Size([4, 512, 1, 1, 1])
out torch.Size([4, 101])
out avg pool torch.Size([4, 512, 1, 1, 1])
out torch.Size([4, 101])
LAYER4
out avg pool torch.Size([4, 512, 1, 1, 1])
out torch.Size([4, 101])
Epoch: [1][6/597]	Time 0.114 (4.259)	Data 0.000 (2.438)	Loss 4.8012 (4.7389)	Acc 0.000 (0.000)
CONV 1
out CONV1 torch.Size([4, 64, 48, 32, 32])
(maxpooled) out CONV1 torch.Size([4, 64, 24, 16, 16])
LAYER1
LAYER2
LAYER3
LAYER4
CONV 1
out CONV1 torch.Size([4, 64, 48, 32, 32])
(maxpooled) out CONV1 torch.Size([4, 64, 24, 16, 16])
LAYER1
CONV 1
out avg pool torch.Size([4, 512, 1, 1, 1])
out torch.Size([4, 101])
LAYER2
out CONV1 torch.Size([4, 64, 48, 32, 32])
(maxpooled) out CONV1 torch.Size([4, 64, 24, 16, 16])
LAYER1
LAYER2
LAYER3
LAYER4
CONV 1
out CONV1 torch.Size([4, 64, 48, 32, 32])
(maxpooled) out CONV1 torch.Size([4, 64, 24, 16, 16])
LAYER1
LAYER3
LAYER4
out avg pool torch.Size([4, 512, 1, 1, 1])
out torch.Size([4, 101])
out avg pool torch.Size([4, 512, 1, 1, 1])
LAYER2
LAYER3
out torch.Size([4, 101])
LAYER4
out avg pool torch.Size([4, 512, 1, 1, 1])
out torch.Size([4, 101])
Epoch: [1][7/597]	Time 0.111 (3.666)	Data 0.000 (2.090)	Loss 4.7554 (4.7412)	Acc 0.000 (0.000)
CONV 1
out CONV1 torch.Size([4, 64, 48, 32, 32])
(maxpooled) out CONV1 torch.Size([4, 64, 24, 16, 16])
LAYER1
CONV 1
LAYER2
out CONV1 torch.Size([4, 64, 48, 32, 32])
(maxpooled) out CONV1 torch.Size([4, 64, 24, 16, 16])
LAYER1
LAYER3
LAYER2
CONV 1
LAYER4
out avg pool torch.Size([4, 512, 1, 1, 1])
out torch.Size([4, 101])
LAYER3
out CONV1 torch.Size([4, 64, 48, 32, 32])
(maxpooled) out CONV1 torch.Size([4, 64, 24, 16, 16])
LAYER1
LAYER4
CONV 1
out avg pool torch.Size([4, 512, 1, 1, 1])
out torch.Size([4, 101])
LAYER2
out CONV1 torch.Size([4, 64, 48, 32, 32])
(maxpooled) out CONV1 torch.Size([4, 64, 24, 16, 16])
LAYER1
LAYER3
LAYER2
LAYER4
out avg pool torch.Size([4, 512, 1, 1, 1])
out torch.Size([4, 101])
LAYER3
LAYER4
out avg pool torch.Size([4, 512, 1, 1, 1])
out torch.Size([4, 101])
Epoch: [1][8/597]	Time 0.121 (3.223)	Data 0.000 (1.829)	Loss 4.4965 (4.7107)	Acc 0.062 (0.008)
CONV 1
out CONV1 torch.Size([4, 64, 48, 32, 32])
(maxpooled) out CONV1 torch.Size([4, 64, 24, 16, 16])
LAYER1
CONV 1
out CONV1 torch.Size([4, 64, 48, 32, 32])
(maxpooled) out CONV1 torch.Size([4, 64, 24, 16, 16])
LAYER1
LAYER2
CONV 1
out CONV1 torch.Size([4, 64, 48, 32, 32])
(maxpooled) out CONV1 torch.Size([4, 64, 24, 16, 16])
LAYER1
LAYER2
CONV 1
LAYER3
LAYER4
out CONV1 torch.Size([4, 64, 48, 32, 32])
(maxpooled) out CONV1 torch.Size([4, 64, 24, 16, 16])
LAYER1
LAYER3
LAYER2
out avg pool torch.Size([4, 512, 1, 1, 1])
out torch.Size([4, 101])
LAYER4
out avg pool torch.Size([4, 512, 1, 1, 1])
out torch.Size([4, 101])
LAYER2
LAYER3
LAYER3
LAYER4
out avg pool torch.Size([4, 512, 1, 1, 1])
out torch.Size([4, 101])
LAYER4
out avg pool torch.Size([4, 512, 1, 1, 1])
out torch.Size([4, 101])
Epoch: [1][9/597]	Time 10.905 (4.077)	Data 10.831 (2.829)	Loss 5.2997 (4.7761)	Acc 0.000 (0.007)
CONV 1
CONV 1
out CONV1 torch.Size([4, 64, 48, 32, 32])
(maxpooled) out CONV1 torch.Size([4, 64, 24, 16, 16])
LAYER1
out CONV1 torch.Size([4, 64, 48, 32, 32])
CONV 1
out CONV1 torch.Size([4, 64, 48, 32, 32])
(maxpooled) out CONV1 torch.Size([4, 64, 24, 16, 16])
LAYER1
LAYER2
(maxpooled) out CONV1 torch.Size([4, 64, 24, 16, 16])
LAYER1
CONV 1
LAYER2
LAYER3
LAYER3
LAYER4
LAYER2
out CONV1 torch.Size([4, 64, 48, 32, 32])
(maxpooled) out CONV1 torch.Size([4, 64, 24, 16, 16])
LAYER1
LAYER3
LAYER4
out avg pool torch.Size([4, 512, 1, 1, 1])
out torch.Size([4, 101])
LAYER4
out avg pool torch.Size([4, 512, 1, 1, 1])
out torch.Size([4, 101])
out avg pool torch.Size([4, 512, 1, 1, 1])
out torch.Size([4, 101])
LAYER2
LAYER3
LAYER4
out avg pool torch.Size([4, 512, 1, 1, 1])
out torch.Size([4, 101])
Epoch: [1][10/597]	Time 0.113 (3.680)	Data 0.000 (2.546)	Loss 5.3436 (4.8329)	Acc 0.000 (0.006)
CONV 1
out CONV1 torch.Size([4, 64, 48, 32, 32])
(maxpooled) out CONV1 torch.Size([4, 64, 24, 16, 16])
LAYER1
LAYER2
LAYER3
CONV 1
LAYER4
out CONV1 torch.Size([4, 64, 48, 32, 32])
(maxpooled) out CONV1 torch.Size([4, 64, 24, 16, 16])
LAYER1
LAYER2
CONV 1
out CONV1 torch.Size([4, 64, 48, 32, 32])
(maxpooled) out CONV1 torch.Size([4, 64, 24, 16, 16])
LAYER1
out avg pool torch.Size([4, 512, 1, 1, 1])
LAYER3
out torch.Size([4, 101])
LAYER4
out avg pool torch.Size([4, 512, 1, 1, 1])
out torch.Size([4, 101])
CONV 1
out CONV1 torch.Size([4, 64, 48, 32, 32])
LAYER2
(maxpooled) out CONV1 torch.Size([4, 64, 24, 16, 16])
LAYER1
LAYER2
LAYER3
LAYER4
LAYER3
out avg pool torch.Size([4, 512, 1, 1, 1])
out torch.Size([4, 101])
LAYER4
out avg pool torch.Size([4, 512, 1, 1, 1])
out torch.Size([4, 101])
Epoch: [1][11/597]	Time 0.113 (3.356)	Data 0.000 (2.315)	Loss 5.6795 (4.9098)	Acc 0.000 (0.006)
CONV 1
CONV 1
out CONV1 torch.Size([4, 64, 48, 32, 32])
(maxpooled) out CONV1 torch.Size([4, 64, 24, 16, 16])
LAYER1
LAYER2
LAYER3
out CONV1 torch.Size([4, 64, 48, 32, 32])
(maxpooled) out CONV1 torch.Size([4, 64, 24, 16, 16])
LAYER1
LAYER4
LAYER2
out avg pool torch.Size([4, 512, 1, 1, 1])
out torch.Size([4, 101])
LAYER3
CONV 1
out CONV1 torch.Size([4, 64, 48, 32, 32])
(maxpooled) out CONV1 torch.Size([4, 64, 24, 16, 16])
LAYER1
LAYER4
LAYER2
LAYER3
LAYER4
out avg pool torch.Size([4, 512, 1, 1, 1])
out torch.Size([4, 101])
CONV 1
out CONV1 torch.Size([4, 64, 48, 32, 32])
(maxpooled) out CONV1 torch.Size([4, 64, 24, 16, 16])
LAYER1
out avg pool torch.Size([4, 512, 1, 1, 1])
LAYER2
LAYER3
out torch.Size([4, 101])
LAYER4
out avg pool torch.Size([4, 512, 1, 1, 1])
out torch.Size([4, 101])
Epoch: [1][12/597]	Time 0.107 (3.085)	Data 0.000 (2.122)	Loss 4.3186 (4.8606)	Acc 0.000 (0.005)
CONV 1
out CONV1 torch.Size([4, 64, 48, 32, 32])
(maxpooled) out CONV1 torch.Size([4, 64, 24, 16, 16])
LAYER1
CONV 1
CONV 1
out CONV1 torch.Size([4, 64, 48, 32, 32])
(maxpooled) out CONV1 torch.Size([4, 64, 24, 16, 16])
LAYER1
LAYER2
CONV 1
LAYER2
out CONV1 torch.Size([4, 64, 48, 32, 32])
(maxpooled) out CONV1 torch.Size([4, 64, 24, 16, 16])
LAYER1
LAYER3
LAYER2
out CONV1 torch.Size([4, 64, 48, 32, 32])
(maxpooled) out CONV1 torch.Size([4, 64, 24, 16, 16])
LAYER1
LAYER2
LAYER3
LAYER4
out avg pool torch.Size([4, 512, 1, 1, 1])
out torch.Size([4, 101])
LAYER3
LAYER4
LAYER4
out avg pool torch.Size([4, 512, 1, 1, 1])
LAYER3
out avg pool torch.Size([4, 512, 1, 1, 1])
out torch.Size([4, 101])
LAYER4
out avg pool torch.Size([4, 512, 1, 1, 1])
out torch.Size([4, 101])
out torch.Size([4, 101])
Epoch: [1][13/597]	Time 11.122 (3.703)	Data 11.046 (2.808)	Loss 5.1073 (4.8795)	Acc 0.000 (0.005)
CONV 1
out CONV1 torch.Size([4, 64, 48, 32, 32])
(maxpooled) out CONV1 torch.Size([4, 64, 24, 16, 16])
LAYER1
LAYER2
LAYER3
LAYER4
CONV 1
CONV 1
out CONV1 torch.Size([4, 64, 48, 32, 32])
(maxpooled) out CONV1 torch.Size([4, 64, 24, 16, 16])
LAYER1
out CONV1 torch.Size([4, 64, 48, 32, 32])
(maxpooled) out CONV1 torch.Size([4, 64, 24, 16, 16])
LAYER1
CONV 1
out avg pool torch.Size([4, 512, 1, 1, 1])
out torch.Size([4, 101])
LAYER2
LAYER2
LAYER3
LAYER3
LAYER4
out CONV1 torch.Size([4, 64, 48, 32, 32])
(maxpooled) out CONV1 torch.Size([4, 64, 24, 16, 16])
LAYER1
LAYER4
LAYER2
LAYER3
LAYER4
out avg pool torch.Size([4, 512, 1, 1, 1])
out torch.Size([4, 101])
out avg pool torch.Size([4, 512, 1, 1, 1])
out torch.Size([4, 101])
out avg pool torch.Size([4, 512, 1, 1, 1])
out torch.Size([4, 101])
Epoch: [1][14/597]	Time 0.096 (3.446)	Data 0.000 (2.608)	Loss 4.6907 (4.8660)	Acc 0.062 (0.009)
CONV 1
CONV 1
out CONV1 torch.Size([4, 64, 48, 32, 32])
(maxpooled) out CONV1 torch.Size([4, 64, 24, 16, 16])
LAYER1
LAYER2
out CONV1 torch.Size([4, 64, 48, 32, 32])
(maxpooled) out CONV1 torch.Size([4, 64, 24, 16, 16])
LAYER1
CONV 1
out CONV1 torch.Size([4, 64, 48, 32, 32])
(maxpooled) out CONV1 torch.Size([4, 64, 24, 16, 16])
LAYER1
CONV 1
out CONV1 torch.Size([4, 64, 48, 32, 32])
(maxpooled) out CONV1 torch.Size([4, 64, 24, 16, 16])
LAYER1
LAYER2
LAYER3
LAYER3
LAYER4
LAYER2
LAYER2
out avg pool torch.Size([4, 512, 1, 1, 1])
out torch.Size([4, 101])
LAYER3
LAYER4
LAYER4
LAYER3
LAYER4
out avg pool torch.Size([4, 512, 1, 1, 1])
out torch.Size([4, 101])
out avg pool torch.Size([4, 512, 1, 1, 1])
out torch.Size([4, 101])
out avg pool torch.Size([4, 512, 1, 1, 1])
out torch.Size([4, 101])
Epoch: [1][15/597]	Time 0.106 (3.223)	Data 0.000 (2.434)	Loss 5.2695 (4.8929)	Acc 0.000 (0.008)
CONV 1
out CONV1 torch.Size([4, 64, 48, 32, 32])
(maxpooled) out CONV1 torch.Size([4, 64, 24, 16, 16])
LAYER1
LAYER2
LAYER3
CONV 1
out CONV1 torch.Size([4, 64, 48, 32, 32])
(maxpooled) out CONV1 torch.Size([4, 64, 24, 16, 16])
LAYER1
CONV 1
out CONV1 torch.Size([4, 64, 48, 32, 32])
(maxpooled) out CONV1 torch.Size([4, 64, 24, 16, 16])
LAYER1
CONV 1
LAYER2
out CONV1 torch.Size([4, 64, 48, 32, 32])
(maxpooled) out CONV1 torch.Size([4, 64, 24, 16, 16])
LAYER1
LAYER3
LAYER4
LAYER4
out avg pool torch.Size([4, 512, 1, 1, 1])
out torch.Size([4, 101])
LAYER2
out avg pool torch.Size([4, 512, 1, 1, 1])
LAYER3
out torch.Size([4, 101])
LAYER2
LAYER4
LAYER3
out avg pool torch.Size([4, 512, 1, 1, 1])
out torch.Size([4, 101])
LAYER4
out avg pool torch.Size([4, 512, 1, 1, 1])
out torch.Size([4, 101])
Epoch: [1][16/597]	Time 0.100 (3.028)	Data 0.000 (2.282)	Loss 5.3607 (4.9222)	Acc 0.000 (0.008)
CONV 1
out CONV1 torch.Size([4, 64, 48, 32, 32])
(maxpooled) out CONV1 torch.Size([4, 64, 24, 16, 16])
LAYER1
CONV 1
LAYER2
out CONV1 torch.Size([4, 64, 48, 32, 32])
(maxpooled) out CONV1 torch.Size([4, 64, 24, 16, 16])
LAYER1
LAYER3
CONV 1
LAYER4
CONV 1
out CONV1 torch.Size([4, 64, 48, 32, 32])
(maxpooled) out CONV1 torch.Size([4, 64, 24, 16, 16])
LAYER1
out avg pool torch.Size([4, 512, 1, 1, 1])
out torch.Size([4, 101])
LAYER2
LAYER2
LAYER3
LAYER4
out avg pool torch.Size([4, 512, 1, 1, 1])
LAYER3
out torch.Size([4, 101])
out CONV1 torch.Size([4, 64, 48, 32, 32])
(maxpooled) out CONV1 torch.Size([4, 64, 24, 16, 16])
LAYER1
LAYER2
LAYER4
LAYER3
LAYER4
out avg pool torch.Size([4, 512, 1, 1, 1])
out torch.Size([4, 101])
out avg pool torch.Size([4, 512, 1, 1, 1])
out torch.Size([4, 101])
Epoch: [1][17/597]	Time 12.099 (3.562)	Data 12.012 (2.854)	Loss 4.7542 (4.9123)	Acc 0.000 (0.007)
CONV 1
out CONV1 torch.Size([4, 64, 48, 32, 32])
(maxpooled) out CONV1 torch.Size([4, 64, 24, 16, 16])
LAYER1
CONV 1
LAYER2
CONV 1
out CONV1 torch.Size([4, 64, 48, 32, 32])
(maxpooled) out CONV1 torch.Size([4, 64, 24, 16, 16])
LAYER1
out CONV1 torch.Size([4, 64, 48, 32, 32])
(maxpooled) out CONV1 torch.Size([4, 64, 24, 16, 16])
LAYER1
LAYER3
CONV 1
LAYER2
LAYER4
LAYER2
LAYER3
out avg pool torch.Size([4, 512, 1, 1, 1])
out torch.Size([4, 101])
out CONV1 torch.Size([4, 64, 48, 32, 32])
(maxpooled) out CONV1 torch.Size([4, 64, 24, 16, 16])
LAYER1
LAYER4
out avg pool torch.Size([4, 512, 1, 1, 1])
out torch.Size([4, 101])
LAYER3
LAYER2
LAYER3
LAYER4
LAYER4
out avg pool torch.Size([4, 512, 1, 1, 1])
out torch.Size([4, 101])
out avg pool torch.Size([4, 512, 1, 1, 1])
out torch.Size([4, 101])
Epoch: [1][18/597]	Time 0.115 (3.370)	Data 0.000 (2.696)	Loss 5.1124 (4.9234)	Acc 0.000 (0.007)
CONV 1
CONV 1
out CONV1 torch.Size([4, 64, 48, 32, 32])
out CONV1 torch.Size([4, 64, 48, 32, 32])
(maxpooled) out CONV1 torch.Size([4, 64, 24, 16, 16])
LAYER1
CONV 1
(maxpooled) out CONV1 torch.Size([4, 64, 24, 16, 16])
LAYER1
out CONV1 torch.Size([4, 64, 48, 32, 32])
(maxpooled) out CONV1 torch.Size([4, 64, 24, 16, 16])
LAYER1
