Namespace(accimage=False, annotation_path=PosixPath('/tudelft.net/staff-bulk/ewi/insy/VisionLab/ombrettastraff/instructional_videos/i3d_breakfast/data/processed/video_sets_split'), arch='resnet-18', batch_size=4, batchnorm_sync=False, begin_epoch=1, checkpoint=1, colorjitter=False, conv1_t_size=7, conv1_t_stride=1, dampening=0.0, dataset='breakfast', dist_url='tcp://127.0.0.1:23456', distributed=False, file_type='jpg', ft_begin_module='', inference=False, inference_batch_size=4, inference_crop=None, inference_no_average=True, inference_stride=16, inference_subset='val', input_type='rgb', learning_rate=0.1, lr_scheduler='multistep', manual_seed=42, mean=[0.4345, 0.4051, 0.3775], mean_dataset='kinetics', model='resnet', model_depth=18, momentum=0.9, multistep_milestones=[50, 100, 150], n_classes=700, n_epochs=200, n_finetune_classes=10, n_input_channels=3, n_pretrain_classes=700, n_threads=1, n_val_samples=1, nesterov=False, no_cuda=False, no_hflip=True, no_max_pool=False, no_mean_norm=True, no_std_norm=True, no_train=False, no_val=False, optimizer='sgd', output_topk=5, overwrite_milestones=False, plateau_patience=10, pretrain_path=PosixPath('pretrained_models/r3d18_K_200ep.pth'), resnet_shortcut='B', resnet_widen_factor=1.0, resnext_cardinality=32, result_path=PosixPath('kinetics_pretrained_breakfast_results'), resume_path=None, root_path=None, sample_duration=512, sample_size=224, sample_t_stride=1, std=[0.2768, 0.2713, 0.2737], tensorboard=True, train_crop=None, train_crop_min_ratio=0.75, train_crop_min_scale=0.25, train_t_crop=None, value_scale=1, video_path=PosixPath('/tudelft.net/staff-bulk/ewi/insy/VisionLab/ombrettastraff/instructional_videos/i3d_breakfast/data/processed/uniform_64_segments_raw.hdf5'), weight_decay=0.001, wide_resnet_k=2, world_size=-1)
loading pretrained model pretrained_models/r3d18_K_200ep.pth
DataParallel(
  (module): ResNet(
    (conv1): Conv3d(3, 64, kernel_size=(7, 7, 7), stride=(1, 2, 2), padding=(3, 3, 3), bias=False)
    (bn1): BatchNorm3d(64, eps=1e-05, momentum=0.1, affine=True, track_running_stats=True)
    (relu): ReLU(inplace=True)
    (maxpool): MaxPool3d(kernel_size=3, stride=2, padding=1, dilation=1, ceil_mode=False)
    (layer1): Sequential(
      (0): BasicBlock(
        (conv1): Conv3d(64, 64, kernel_size=(3, 3, 3), stride=(1, 1, 1), padding=(1, 1, 1), bias=False)
        (bn1): BatchNorm3d(64, eps=1e-05, momentum=0.1, affine=True, track_running_stats=True)
        (relu): ReLU(inplace=True)
        (conv2): Conv3d(64, 64, kernel_size=(3, 3, 3), stride=(1, 1, 1), padding=(1, 1, 1), bias=False)
        (bn2): BatchNorm3d(64, eps=1e-05, momentum=0.1, affine=True, track_running_stats=True)
      )
      (1): BasicBlock(
        (conv1): Conv3d(64, 64, kernel_size=(3, 3, 3), stride=(1, 1, 1), padding=(1, 1, 1), bias=False)
        (bn1): BatchNorm3d(64, eps=1e-05, momentum=0.1, affine=True, track_running_stats=True)
        (relu): ReLU(inplace=True)
        (conv2): Conv3d(64, 64, kernel_size=(3, 3, 3), stride=(1, 1, 1), padding=(1, 1, 1), bias=False)
        (bn2): BatchNorm3d(64, eps=1e-05, momentum=0.1, affine=True, track_running_stats=True)
      )
    )
    (layer2): Sequential(
      (0): BasicBlock(
        (conv1): Conv3d(64, 128, kernel_size=(3, 3, 3), stride=(2, 2, 2), padding=(1, 1, 1), bias=False)
        (bn1): BatchNorm3d(128, eps=1e-05, momentum=0.1, affine=True, track_running_stats=True)
        (relu): ReLU(inplace=True)
        (conv2): Conv3d(128, 128, kernel_size=(3, 3, 3), stride=(1, 1, 1), padding=(1, 1, 1), bias=False)
        (bn2): BatchNorm3d(128, eps=1e-05, momentum=0.1, affine=True, track_running_stats=True)
        (downsample): Sequential(
          (0): Conv3d(64, 128, kernel_size=(1, 1, 1), stride=(2, 2, 2), bias=False)
          (1): BatchNorm3d(128, eps=1e-05, momentum=0.1, affine=True, track_running_stats=True)
        )
      )
      (1): BasicBlock(
        (conv1): Conv3d(128, 128, kernel_size=(3, 3, 3), stride=(1, 1, 1), padding=(1, 1, 1), bias=False)
        (bn1): BatchNorm3d(128, eps=1e-05, momentum=0.1, affine=True, track_running_stats=True)
        (relu): ReLU(inplace=True)
        (conv2): Conv3d(128, 128, kernel_size=(3, 3, 3), stride=(1, 1, 1), padding=(1, 1, 1), bias=False)
        (bn2): BatchNorm3d(128, eps=1e-05, momentum=0.1, affine=True, track_running_stats=True)
      )
    )
    (layer3): Sequential(
      (0): BasicBlock(
        (conv1): Conv3d(128, 256, kernel_size=(3, 3, 3), stride=(2, 2, 2), padding=(1, 1, 1), bias=False)
        (bn1): BatchNorm3d(256, eps=1e-05, momentum=0.1, affine=True, track_running_stats=True)
        (relu): ReLU(inplace=True)
        (conv2): Conv3d(256, 256, kernel_size=(3, 3, 3), stride=(1, 1, 1), padding=(1, 1, 1), bias=False)
        (bn2): BatchNorm3d(256, eps=1e-05, momentum=0.1, affine=True, track_running_stats=True)
        (downsample): Sequential(
          (0): Conv3d(128, 256, kernel_size=(1, 1, 1), stride=(2, 2, 2), bias=False)
          (1): BatchNorm3d(256, eps=1e-05, momentum=0.1, affine=True, track_running_stats=True)
        )
      )
      (1): BasicBlock(
        (conv1): Conv3d(256, 256, kernel_size=(3, 3, 3), stride=(1, 1, 1), padding=(1, 1, 1), bias=False)
        (bn1): BatchNorm3d(256, eps=1e-05, momentum=0.1, affine=True, track_running_stats=True)
        (relu): ReLU(inplace=True)
        (conv2): Conv3d(256, 256, kernel_size=(3, 3, 3), stride=(1, 1, 1), padding=(1, 1, 1), bias=False)
        (bn2): BatchNorm3d(256, eps=1e-05, momentum=0.1, affine=True, track_running_stats=True)
      )
    )
    (layer4): Sequential(
      (0): BasicBlock(
        (conv1): Conv3d(256, 512, kernel_size=(3, 3, 3), stride=(2, 2, 2), padding=(1, 1, 1), bias=False)
        (bn1): BatchNorm3d(512, eps=1e-05, momentum=0.1, affine=True, track_running_stats=True)
        (relu): ReLU(inplace=True)
        (conv2): Conv3d(512, 512, kernel_size=(3, 3, 3), stride=(1, 1, 1), padding=(1, 1, 1), bias=False)
        (bn2): BatchNorm3d(512, eps=1e-05, momentum=0.1, affine=True, track_running_stats=True)
        (downsample): Sequential(
          (0): Conv3d(256, 512, kernel_size=(1, 1, 1), stride=(2, 2, 2), bias=False)
          (1): BatchNorm3d(512, eps=1e-05, momentum=0.1, affine=True, track_running_stats=True)
        )
      )
      (1): BasicBlock(
        (conv1): Conv3d(512, 512, kernel_size=(3, 3, 3), stride=(1, 1, 1), padding=(1, 1, 1), bias=False)
        (bn1): BatchNorm3d(512, eps=1e-05, momentum=0.1, affine=True, track_running_stats=True)
        (relu): ReLU(inplace=True)
        (conv2): Conv3d(512, 512, kernel_size=(3, 3, 3), stride=(1, 1, 1), padding=(1, 1, 1), bias=False)
        (bn2): BatchNorm3d(512, eps=1e-05, momentum=0.1, affine=True, track_running_stats=True)
      )
    )
    (avgpool): AdaptiveAvgPool3d(output_size=(1, 1, 1))
    (fc): Linear(in_features=512, out_features=10, bias=True)
  )
)
train at epoch 1
Epoch: [1][1/249]	Time 37.040 (37.040)	Data 17.124 (17.124)	Loss 2.0401 (2.0401)	Acc 0.500 (0.500)
Epoch: [1][2/249]	Time 2.394 (19.717)	Data 0.000 (8.562)	Loss 9.0423 (5.5412)	Acc 0.250 (0.375)
Epoch: [1][3/249]	Time 1.627 (13.687)	Data 0.000 (5.708)	Loss 26.1915 (12.4246)	Acc 0.000 (0.250)
Epoch: [1][4/249]	Time 14.340 (13.850)	Data 13.760 (7.721)	Loss 9.9805 (11.8136)	Acc 0.000 (0.188)
Epoch: [1][5/249]	Time 9.243 (12.929)	Data 8.673 (7.912)	Loss 10.8078 (11.6125)	Acc 0.250 (0.200)
Epoch: [1][6/249]	Time 8.839 (12.247)	Data 8.276 (7.972)	Loss 2.8406 (10.1505)	Acc 0.250 (0.208)
Epoch: [1][7/249]	Time 8.682 (11.738)	Data 8.118 (7.993)	Loss 24.9414 (12.2635)	Acc 0.000 (0.179)
Epoch: [1][8/249]	Time 8.860 (11.378)	Data 8.293 (8.031)	Loss 15.6791 (12.6904)	Acc 0.250 (0.188)
Epoch: [1][9/249]	Time 8.738 (11.085)	Data 8.170 (8.046)	Loss 6.4835 (12.0008)	Acc 0.250 (0.194)
Epoch: [1][10/249]	Time 8.507 (10.827)	Data 7.929 (8.034)	Loss 15.4903 (12.3497)	Acc 0.000 (0.175)
Epoch: [1][11/249]	Time 8.545 (10.620)	Data 7.983 (8.030)	Loss 2.0973 (11.4177)	Acc 0.000 (0.159)
Epoch: [1][12/249]	Time 8.847 (10.472)	Data 8.291 (8.052)	Loss 6.6921 (11.0239)	Acc 0.000 (0.146)
Epoch: [1][13/249]	Time 8.881 (10.350)	Data 8.313 (8.072)	Loss 6.3371 (10.6633)	Acc 0.000 (0.135)
Epoch: [1][14/249]	Time 9.163 (10.265)	Data 8.598 (8.109)	Loss 9.1574 (10.5558)	Acc 0.000 (0.125)
Epoch: [1][15/249]	Time 8.596 (10.154)	Data 8.027 (8.104)	Loss 11.0264 (10.5872)	Acc 0.000 (0.117)
Epoch: [1][16/249]	Time 8.757 (10.066)	Data 8.193 (8.109)	Loss 17.1131 (10.9950)	Acc 0.250 (0.125)
Epoch: [1][17/249]	Time 9.080 (10.008)	Data 8.517 (8.133)	Loss 13.2972 (11.1305)	Acc 0.250 (0.132)
Epoch: [1][18/249]	Time 8.783 (9.940)	Data 8.221 (8.138)	Loss 1.9812 (10.6222)	Acc 0.250 (0.139)
Epoch: [1][19/249]	Time 8.683 (9.874)	Data 8.117 (8.137)	Loss 1.8216 (10.1590)	Acc 0.500 (0.158)
Epoch: [1][20/249]	Time 9.679 (9.864)	Data 9.101 (8.185)	Loss 1.9397 (9.7480)	Acc 0.500 (0.175)
Epoch: [1][21/249]	Time 9.346 (9.840)	Data 8.783 (8.214)	Loss 5.9313 (9.5663)	Acc 0.000 (0.167)
Epoch: [1][22/249]	Time 8.649 (9.785)	Data 8.083 (8.208)	Loss 4.4561 (9.3340)	Acc 0.000 (0.159)
Epoch: [1][23/249]	Time 8.769 (9.741)	Data 8.203 (8.208)	Loss 4.6078 (9.1285)	Acc 0.000 (0.152)
Epoch: [1][24/249]	Time 8.515 (9.690)	Data 7.946 (8.197)	Loss 6.8385 (9.0331)	Acc 0.000 (0.146)
Epoch: [1][25/249]	Time 9.121 (9.667)	Data 8.536 (8.210)	Loss 4.8902 (8.8674)	Acc 0.000 (0.140)
Epoch: [1][26/249]	Time 9.486 (9.660)	Data 8.919 (8.238)	Loss 3.4140 (8.6576)	Acc 0.000 (0.135)
Epoch: [1][27/249]	Time 8.738 (9.626)	Data 8.173 (8.235)	Loss 2.5763 (8.4324)	Acc 0.250 (0.139)
Epoch: [1][28/249]	Time 9.198 (9.611)	Data 8.634 (8.249)	Loss 1.6204 (8.1891)	Acc 0.500 (0.152)
Epoch: [1][29/249]	Time 8.927 (9.587)	Data 8.362 (8.253)	Loss 4.0049 (8.0448)	Acc 0.000 (0.147)
Epoch: [1][30/249]	Time 8.325 (9.545)	Data 7.752 (8.237)	Loss 2.1783 (7.8493)	Acc 0.000 (0.142)
Epoch: [1][31/249]	Time 9.140 (9.532)	Data 8.571 (8.247)	Loss 3.1846 (7.6988)	Acc 0.250 (0.145)
Epoch: [1][32/249]	Time 8.548 (9.501)	Data 7.983 (8.239)	Loss 3.9914 (7.5829)	Acc 0.000 (0.141)
Epoch: [1][33/249]	Time 8.984 (9.486)	Data 8.423 (8.245)	Loss 2.7973 (7.4379)	Acc 0.250 (0.144)
Epoch: [1][34/249]	Time 8.803 (9.466)	Data 8.239 (8.245)	Loss 2.2579 (7.2856)	Acc 0.250 (0.147)
Epoch: [1][35/249]	Time 8.895 (9.449)	Data 8.332 (8.247)	Loss 3.0623 (7.1649)	Acc 0.000 (0.143)
Epoch: [1][36/249]	Time 8.520 (9.424)	Data 7.909 (8.238)	Loss 2.5272 (7.0361)	Acc 0.250 (0.146)
Epoch: [1][37/249]	Time 8.760 (9.406)	Data 8.188 (8.236)	Loss 3.0494 (6.9283)	Acc 0.000 (0.142)
Epoch: [1][38/249]	Time 8.510 (9.382)	Data 7.948 (8.229)	Loss 3.0351 (6.8259)	Acc 0.000 (0.138)
Epoch: [1][39/249]	Time 8.675 (9.364)	Data 8.113 (8.226)	Loss 2.1821 (6.7068)	Acc 0.250 (0.141)
Epoch: [1][40/249]	Time 8.790 (9.350)	Data 8.226 (8.226)	Loss 2.9730 (6.6135)	Acc 0.000 (0.138)
Epoch: [1][41/249]	Time 8.912 (9.339)	Data 8.332 (8.228)	Loss 2.8914 (6.5227)	Acc 0.000 (0.134)
Epoch: [1][42/249]	Time 8.725 (9.324)	Data 8.170 (8.227)	Loss 2.5454 (6.4280)	Acc 0.000 (0.131)
Epoch: [1][43/249]	Time 9.339 (9.325)	Data 8.763 (8.239)	Loss 3.3195 (6.3557)	Acc 0.000 (0.128)
Epoch: [1][44/249]	Time 8.884 (9.315)	Data 8.328 (8.241)	Loss 2.7012 (6.2726)	Acc 0.000 (0.125)
Epoch: [1][45/249]	Time 9.201 (9.312)	Data 8.636 (8.250)	Loss 2.1961 (6.1820)	Acc 0.000 (0.122)
Epoch: [1][46/249]	Time 9.007 (9.305)	Data 8.425 (8.254)	Loss 2.8409 (6.1094)	Acc 0.000 (0.120)
Epoch: [1][47/249]	Time 8.353 (9.285)	Data 7.787 (8.244)	Loss 2.1709 (6.0256)	Acc 0.000 (0.117)
Epoch: [1][48/249]	Time 8.782 (9.275)	Data 8.214 (8.243)	Loss 2.1875 (5.9457)	Acc 0.250 (0.120)
Epoch: [1][49/249]	Time 9.001 (9.269)	Data 8.432 (8.247)	Loss 2.4676 (5.8747)	Acc 0.250 (0.122)
Epoch: [1][50/249]	Time 8.906 (9.262)	Data 8.343 (8.249)	Loss 1.8007 (5.7932)	Acc 0.500 (0.130)
Epoch: [1][51/249]	Time 8.763 (9.252)	Data 8.201 (8.248)	Loss 2.4720 (5.7281)	Acc 0.000 (0.127)
Epoch: [1][52/249]	Time 8.771 (9.243)	Data 8.186 (8.247)	Loss 1.9115 (5.6547)	Acc 0.250 (0.130)
Epoch: [1][53/249]	Time 8.863 (9.236)	Data 8.301 (8.248)	Loss 2.4139 (5.5935)	Acc 0.250 (0.132)
Epoch: [1][54/249]	Time 9.093 (9.233)	Data 8.527 (8.253)	Loss 2.6323 (5.5387)	Acc 0.000 (0.130)
Epoch: [1][55/249]	Time 9.288 (9.234)	Data 8.718 (8.262)	Loss 2.6704 (5.4865)	Acc 0.000 (0.127)
Epoch: [1][56/249]	Time 8.855 (9.227)	Data 8.282 (8.262)	Loss 2.4070 (5.4315)	Acc 0.000 (0.125)
Epoch: [1][57/249]	Time 9.453 (9.231)	Data 8.878 (8.273)	Loss 2.1530 (5.3740)	Acc 0.250 (0.127)
Epoch: [1][58/249]	Time 8.504 (9.219)	Data 7.927 (8.267)	Loss 2.2437 (5.3201)	Acc 0.250 (0.129)
Epoch: [1][59/249]	Time 8.576 (9.208)	Data 8.007 (8.263)	Loss 1.9408 (5.2628)	Acc 0.250 (0.131)
Epoch: [1][60/249]	Time 8.942 (9.203)	Data 8.374 (8.264)	Loss 2.3247 (5.2138)	Acc 0.250 (0.133)
Epoch: [1][61/249]	Time 8.811 (9.197)	Data 8.247 (8.264)	Loss 2.3598 (5.1670)	Acc 0.250 (0.135)
Epoch: [1][62/249]	Time 9.282 (9.198)	Data 8.702 (8.271)	Loss 2.5109 (5.1242)	Acc 0.000 (0.133)
Epoch: [1][63/249]	Time 8.694 (9.190)	Data 8.129 (8.269)	Loss 2.7802 (5.0870)	Acc 0.000 (0.131)
Epoch: [1][64/249]	Time 8.842 (9.185)	Data 8.272 (8.269)	Loss 2.8111 (5.0514)	Acc 0.000 (0.129)
Epoch: [1][65/249]	Time 9.519 (9.190)	Data 8.953 (8.279)	Loss 2.1390 (5.0066)	Acc 0.500 (0.135)
Epoch: [1][66/249]	Time 8.687 (9.182)	Data 8.124 (8.277)	Loss 2.0546 (4.9619)	Acc 0.250 (0.136)
Epoch: [1][67/249]	Time 8.845 (9.177)	Data 8.271 (8.277)	Loss 2.6036 (4.9267)	Acc 0.000 (0.134)
Epoch: [1][68/249]	Time 8.580 (9.169)	Data 8.018 (8.273)	Loss 2.4690 (4.8905)	Acc 0.000 (0.132)
Epoch: [1][69/249]	Time 9.159 (9.168)	Data 8.592 (8.278)	Loss 2.0987 (4.8501)	Acc 0.250 (0.134)
Epoch: [1][70/249]	Time 9.364 (9.171)	Data 8.760 (8.285)	Loss 2.4210 (4.8154)	Acc 0.250 (0.136)
Epoch: [1][71/249]	Time 9.025 (9.169)	Data 8.471 (8.287)	Loss 2.6768 (4.7853)	Acc 0.000 (0.134)
Epoch: [1][72/249]	Time 9.882 (9.179)	Data 9.303 (8.301)	Loss 2.3316 (4.7512)	Acc 0.250 (0.135)
Epoch: [1][73/249]	Time 8.635 (9.172)	Data 8.074 (8.298)	Loss 2.1504 (4.7156)	Acc 0.000 (0.134)
Epoch: [1][74/249]	Time 9.166 (9.172)	Data 8.601 (8.302)	Loss 2.6569 (4.6877)	Acc 0.000 (0.132)
Epoch: [1][75/249]	Time 9.526 (9.176)	Data 8.959 (8.311)	Loss 2.2184 (4.6548)	Acc 0.250 (0.133)
Epoch: [1][76/249]	Time 9.014 (9.174)	Data 8.449 (8.313)	Loss 2.0797 (4.6209)	Acc 0.250 (0.135)
Epoch: [1][77/249]	Time 9.078 (9.173)	Data 8.500 (8.315)	Loss 2.1138 (4.5884)	Acc 0.250 (0.136)
Epoch: [1][78/249]	Time 9.557 (9.178)	Data 8.980 (8.324)	Loss 2.1767 (4.5575)	Acc 0.000 (0.135)
Epoch: [1][79/249]	Time 9.055 (9.176)	Data 8.491 (8.326)	Loss 2.3517 (4.5295)	Acc 0.250 (0.136)
Epoch: [1][80/249]	Time 9.677 (9.182)	Data 9.108 (8.336)	Loss 2.3970 (4.5029)	Acc 0.000 (0.134)
Epoch: [1][81/249]	Time 9.313 (9.184)	Data 8.750 (8.341)	Loss 2.1236 (4.4735)	Acc 0.000 (0.133)
Epoch: [1][82/249]	Time 8.818 (9.180)	Data 8.244 (8.340)	Loss 2.7788 (4.4528)	Acc 0.000 (0.131)
Epoch: [1][83/249]	Time 8.909 (9.176)	Data 8.324 (8.340)	Loss 2.0452 (4.4238)	Acc 0.250 (0.133)
Epoch: [1][84/249]	Time 8.772 (9.172)	Data 8.207 (8.338)	Loss 2.0750 (4.3959)	Acc 0.000 (0.131)
Epoch: [1][85/249]	Time 9.268 (9.173)	Data 8.694 (8.342)	Loss 2.3759 (4.3721)	Acc 0.250 (0.132)
Epoch: [1][86/249]	Time 9.154 (9.172)	Data 8.592 (8.345)	Loss 2.4417 (4.3497)	Acc 0.000 (0.131)
Epoch: [1][87/249]	Time 9.403 (9.175)	Data 8.840 (8.351)	Loss 1.9930 (4.3226)	Acc 0.250 (0.132)
Epoch: [1][88/249]	Time 8.525 (9.168)	Data 7.953 (8.346)	Loss 2.3892 (4.3006)	Acc 0.000 (0.131)
Epoch: [1][89/249]	Time 8.491 (9.160)	Data 7.923 (8.342)	Loss 2.2218 (4.2772)	Acc 0.250 (0.132)
Epoch: [1][90/249]	Time 8.479 (9.153)	Data 7.910 (8.337)	Loss 2.5347 (4.2579)	Acc 0.000 (0.131)
Epoch: [1][91/249]	Time 9.018 (9.151)	Data 8.446 (8.338)	Loss 2.2888 (4.2362)	Acc 0.000 (0.129)
Epoch: [1][92/249]	Time 9.495 (9.155)	Data 8.939 (8.344)	Loss 2.0143 (4.2121)	Acc 0.250 (0.130)
Epoch: [1][93/249]	Time 9.094 (9.154)	Data 8.524 (8.346)	Loss 2.0148 (4.1885)	Acc 0.000 (0.129)
Epoch: [1][94/249]	Time 8.663 (9.149)	Data 8.084 (8.344)	Loss 2.7931 (4.1736)	Acc 0.000 (0.128)
Epoch: [1][95/249]	Time 9.146 (9.149)	Data 8.570 (8.346)	Loss 2.1108 (4.1519)	Acc 0.500 (0.132)
Epoch: [1][96/249]	Time 9.106 (9.148)	Data 8.538 (8.348)	Loss 2.3189 (4.1328)	Acc 0.000 (0.130)
Epoch: [1][97/249]	Time 8.471 (9.141)	Data 7.907 (8.343)	Loss 2.7283 (4.1183)	Acc 0.000 (0.129)
Epoch: [1][98/249]	Time 9.196 (9.142)	Data 8.623 (8.346)	Loss 2.7827 (4.1047)	Acc 0.000 (0.128)
Epoch: [1][99/249]	Time 9.208 (9.143)	Data 8.621 (8.349)	Loss 2.3877 (4.0874)	Acc 0.000 (0.126)
Epoch: [1][100/249]	Time 8.967 (9.141)	Data 8.399 (8.350)	Loss 2.5752 (4.0722)	Acc 0.000 (0.125)
Epoch: [1][101/249]	Time 8.517 (9.135)	Data 7.952 (8.346)	Loss 2.2854 (4.0545)	Acc 0.000 (0.124)
Epoch: [1][102/249]	Time 8.791 (9.131)	Data 8.229 (8.344)	Loss 2.2766 (4.0371)	Acc 0.250 (0.125)
Epoch: [1][103/249]	Time 8.590 (9.126)	Data 8.023 (8.341)	Loss 2.2410 (4.0197)	Acc 0.250 (0.126)
Epoch: [1][104/249]	Time 8.989 (9.125)	Data 8.419 (8.342)	Loss 2.3005 (4.0031)	Acc 0.000 (0.125)
Epoch: [1][105/249]	Time 8.702 (9.121)	Data 8.138 (8.340)	Loss 2.7109 (3.9908)	Acc 0.000 (0.124)
Epoch: [1][106/249]	Time 10.471 (9.134)	Data 9.900 (8.355)	Loss 2.6880 (3.9785)	Acc 0.000 (0.123)
Epoch: [1][107/249]	Time 9.127 (9.133)	Data 8.558 (8.357)	Loss 2.1272 (3.9612)	Acc 0.250 (0.124)
Epoch: [1][108/249]	Time 9.333 (9.135)	Data 8.771 (8.361)	Loss 2.4612 (3.9474)	Acc 0.000 (0.123)
Epoch: [1][109/249]	Time 9.733 (9.141)	Data 9.157 (8.368)	Loss 2.5369 (3.9344)	Acc 0.000 (0.122)
Epoch: [1][110/249]	Time 9.216 (9.141)	Data 8.642 (8.370)	Loss 2.4643 (3.9210)	Acc 0.000 (0.120)
Epoch: [1][111/249]	Time 9.500 (9.145)	Data 8.931 (8.375)	Loss 2.3717 (3.9071)	Acc 0.000 (0.119)
Epoch: [1][112/249]	Time 9.087 (9.144)	Data 8.522 (8.377)	Loss 2.2638 (3.8924)	Acc 0.250 (0.121)
Epoch: [1][113/249]	Time 9.106 (9.144)	Data 8.537 (8.378)	Loss 2.4463 (3.8796)	Acc 0.000 (0.119)
Epoch: [1][114/249]	Time 9.670 (9.148)	Data 9.092 (8.384)	Loss 2.0846 (3.8639)	Acc 0.250 (0.121)
Epoch: [1][115/249]	Time 8.969 (9.147)	Data 8.404 (8.385)	Loss 2.4047 (3.8512)	Acc 0.000 (0.120)
Epoch: [1][116/249]	Time 9.237 (9.148)	Data 8.663 (8.387)	Loss 2.3665 (3.8384)	Acc 0.000 (0.119)
Epoch: [1][117/249]	Time 9.125 (9.147)	Data 8.563 (8.389)	Loss 2.5323 (3.8272)	Acc 0.000 (0.118)
Epoch: [1][118/249]	Time 8.908 (9.145)	Data 8.341 (8.388)	Loss 1.9971 (3.8117)	Acc 0.500 (0.121)
Epoch: [1][119/249]	Time 9.376 (9.147)	Data 8.794 (8.392)	Loss 2.4550 (3.8003)	Acc 0.000 (0.120)
Epoch: [1][120/249]	Time 9.320 (9.149)	Data 8.758 (8.395)	Loss 2.2080 (3.7870)	Acc 0.250 (0.121)
Epoch: [1][121/249]	Time 9.486 (9.152)	Data 8.911 (8.399)	Loss 2.3978 (3.7756)	Acc 0.250 (0.122)
Epoch: [1][122/249]	Time 8.807 (9.149)	Data 8.242 (8.398)	Loss 2.2662 (3.7632)	Acc 0.250 (0.123)
Epoch: [1][123/249]	Time 9.011 (9.148)	Data 8.445 (8.398)	Loss 2.2144 (3.7506)	Acc 0.250 (0.124)
Epoch: [1][124/249]	Time 8.534 (9.143)	Data 7.957 (8.394)	Loss 2.3957 (3.7397)	Acc 0.000 (0.123)
Epoch: [1][125/249]	Time 8.441 (9.137)	Data 7.873 (8.390)	Loss 2.4589 (3.7294)	Acc 0.000 (0.122)
Epoch: [1][126/249]	Time 8.813 (9.135)	Data 8.247 (8.389)	Loss 2.1237 (3.7167)	Acc 0.000 (0.121)
Epoch: [1][127/249]	Time 9.306 (9.136)	Data 8.738 (8.392)	Loss 2.6445 (3.7082)	Acc 0.000 (0.120)
Epoch: [1][128/249]	Time 8.952 (9.134)	Data 8.392 (8.392)	Loss 2.4655 (3.6985)	Acc 0.000 (0.119)
Epoch: [1][129/249]	Time 9.083 (9.134)	Data 8.518 (8.393)	Loss 2.4805 (3.6891)	Acc 0.250 (0.120)
Epoch: [1][130/249]	Time 8.748 (9.131)	Data 8.172 (8.391)	Loss 2.3400 (3.6787)	Acc 0.000 (0.119)
Epoch: [1][131/249]	Time 9.429 (9.133)	Data 8.863 (8.395)	Loss 2.4255 (3.6691)	Acc 0.000 (0.118)
Epoch: [1][132/249]	Time 8.985 (9.132)	Data 8.422 (8.395)	Loss 2.3283 (3.6590)	Acc 0.000 (0.117)
Epoch: [1][133/249]	Time 9.110 (9.132)	Data 8.542 (8.396)	Loss 2.3889 (3.6494)	Acc 0.250 (0.118)
Epoch: [1][134/249]	Time 8.584 (9.128)	Data 8.015 (8.393)	Loss 2.2595 (3.6391)	Acc 0.250 (0.119)
Epoch: [1][135/249]	Time 8.689 (9.125)	Data 8.119 (8.391)	Loss 2.4705 (3.6304)	Acc 0.000 (0.119)
Epoch: [1][136/249]	Time 8.643 (9.121)	Data 8.069 (8.389)	Loss 2.6027 (3.6229)	Acc 0.000 (0.118)
Epoch: [1][137/249]	Time 9.580 (9.125)	Data 9.011 (8.393)	Loss 2.2493 (3.6128)	Acc 0.250 (0.119)
Epoch: [1][138/249]	Time 8.718 (9.122)	Data 8.151 (8.392)	Loss 2.5773 (3.6053)	Acc 0.000 (0.118)
Epoch: [1][139/249]	Time 8.758 (9.119)	Data 8.192 (8.390)	Loss 2.4266 (3.5968)	Acc 0.000 (0.117)
Epoch: [1][140/249]	Time 9.187 (9.119)	Data 8.622 (8.392)	Loss 2.5332 (3.5892)	Acc 0.000 (0.116)
Epoch: [1][141/249]	Time 8.772 (9.117)	Data 8.203 (8.390)	Loss 2.1524 (3.5791)	Acc 0.000 (0.115)
Epoch: [1][142/249]	Time 9.186 (9.117)	Data 8.625 (8.392)	Loss 2.3341 (3.5703)	Acc 0.000 (0.114)
Epoch: [1][143/249]	Time 8.684 (9.114)	Data 8.116 (8.390)	Loss 2.1394 (3.5603)	Acc 0.250 (0.115)
Epoch: [1][144/249]	Time 8.712 (9.112)	Data 8.144 (8.388)	Loss 2.2780 (3.5514)	Acc 0.000 (0.115)
Epoch: [1][145/249]	Time 8.902 (9.110)	Data 8.320 (8.388)	Loss 2.2421 (3.5423)	Acc 0.250 (0.116)
Epoch: [1][146/249]	Time 9.332 (9.112)	Data 8.752 (8.391)	Loss 2.1540 (3.5328)	Acc 0.250 (0.116)
Epoch: [1][147/249]	Time 8.788 (9.110)	Data 8.210 (8.389)	Loss 2.3405 (3.5247)	Acc 0.000 (0.116)
Epoch: [1][148/249]	Time 9.637 (9.113)	Data 9.071 (8.394)	Loss 2.3532 (3.5168)	Acc 0.000 (0.115)
Epoch: [1][149/249]	Time 8.923 (9.112)	Data 8.357 (8.394)	Loss 2.2900 (3.5086)	Acc 0.000 (0.114)
Epoch: [1][150/249]	Time 9.146 (9.112)	Data 8.580 (8.395)	Loss 2.3281 (3.5007)	Acc 0.250 (0.115)
Epoch: [1][151/249]	Time 8.845 (9.110)	Data 8.262 (8.394)	Loss 2.3902 (3.4934)	Acc 0.000 (0.114)
Epoch: [1][152/249]	Time 9.081 (9.110)	Data 8.512 (8.395)	Loss 2.4838 (3.4867)	Acc 0.000 (0.113)
Epoch: [1][153/249]	Time 8.759 (9.108)	Data 8.188 (8.393)	Loss 2.2333 (3.4785)	Acc 0.000 (0.113)
Epoch: [1][154/249]	Time 9.337 (9.109)	Data 8.775 (8.396)	Loss 2.3771 (3.4714)	Acc 0.000 (0.112)
Epoch: [1][155/249]	Time 8.861 (9.108)	Data 8.294 (8.395)	Loss 2.4876 (3.4650)	Acc 0.000 (0.111)
Epoch: [1][156/249]	Time 9.022 (9.107)	Data 8.441 (8.396)	Loss 2.4999 (3.4588)	Acc 0.000 (0.111)
Epoch: [1][157/249]	Time 8.698 (9.105)	Data 8.134 (8.394)	Loss 2.3592 (3.4518)	Acc 0.250 (0.111)
Epoch: [1][158/249]	Time 8.712 (9.102)	Data 8.144 (8.392)	Loss 2.7111 (3.4471)	Acc 0.000 (0.111)
Epoch: [1][159/249]	Time 8.905 (9.101)	Data 8.342 (8.392)	Loss 2.4057 (3.4406)	Acc 0.000 (0.110)
Epoch: [1][160/249]	Time 9.255 (9.102)	Data 8.665 (8.394)	Loss 2.3476 (3.4338)	Acc 0.000 (0.109)
Epoch: [1][161/249]	Time 9.263 (9.103)	Data 8.694 (8.396)	Loss 2.2754 (3.4266)	Acc 0.250 (0.110)
Epoch: [1][162/249]	Time 8.872 (9.101)	Data 8.296 (8.395)	Loss 2.2567 (3.4193)	Acc 0.000 (0.110)
Epoch: [1][163/249]	Time 9.142 (9.102)	Data 8.573 (8.396)	Loss 2.5753 (3.4142)	Acc 0.000 (0.109)
Epoch: [1][164/249]	Time 9.706 (9.105)	Data 9.138 (8.401)	Loss 2.2554 (3.4071)	Acc 0.000 (0.108)
Epoch: [1][165/249]	Time 9.017 (9.105)	Data 8.449 (8.401)	Loss 2.3436 (3.4007)	Acc 0.000 (0.108)
Epoch: [1][166/249]	Time 8.790 (9.103)	Data 8.210 (8.400)	Loss 2.3701 (3.3944)	Acc 0.000 (0.107)
Epoch: [1][167/249]	Time 8.859 (9.101)	Data 8.289 (8.399)	Loss 2.2142 (3.3874)	Acc 0.500 (0.109)
Epoch: [1][168/249]	Time 8.578 (9.098)	Data 8.015 (8.397)	Loss 2.4368 (3.3817)	Acc 0.000 (0.109)
Epoch: [1][169/249]	Time 9.037 (9.098)	Data 8.472 (8.397)	Loss 2.5749 (3.3769)	Acc 0.000 (0.108)
Epoch: [1][170/249]	Time 9.175 (9.098)	Data 8.611 (8.398)	Loss 2.2654 (3.3704)	Acc 0.000 (0.107)
Epoch: [1][171/249]	Time 8.829 (9.097)	Data 8.249 (8.398)	Loss 2.1922 (3.3635)	Acc 0.000 (0.107)
Epoch: [1][172/249]	Time 8.734 (9.095)	Data 8.172 (8.396)	Loss 2.2961 (3.3573)	Acc 0.000 (0.106)
Epoch: [1][173/249]	Time 8.929 (9.094)	Data 8.356 (8.396)	Loss 2.2377 (3.3508)	Acc 0.000 (0.105)
Epoch: [1][174/249]	Time 9.100 (9.094)	Data 8.536 (8.397)	Loss 2.3535 (3.3451)	Acc 0.000 (0.105)
Epoch: [1][175/249]	Time 9.162 (9.094)	Data 8.598 (8.398)	Loss 2.3791 (3.3396)	Acc 0.250 (0.106)
Epoch: [1][176/249]	Time 9.289 (9.095)	Data 8.708 (8.400)	Loss 2.2033 (3.3331)	Acc 0.250 (0.107)
Epoch: [1][177/249]	Time 9.174 (9.096)	Data 8.608 (8.401)	Loss 2.3579 (3.3276)	Acc 0.000 (0.106)
Epoch: [1][178/249]	Time 9.308 (9.097)	Data 8.747 (8.403)	Loss 2.1174 (3.3208)	Acc 0.250 (0.107)
Epoch: [1][179/249]	Time 9.287 (9.098)	Data 8.723 (8.405)	Loss 2.3238 (3.3153)	Acc 0.000 (0.106)
Epoch: [1][180/249]	Time 8.768 (9.096)	Data 8.203 (8.404)	Loss 2.3368 (3.3098)	Acc 0.000 (0.106)
Epoch: [1][181/249]	Time 9.198 (9.097)	Data 8.613 (8.405)	Loss 2.1796 (3.3036)	Acc 0.500 (0.108)
Epoch: [1][182/249]	Time 9.065 (9.097)	Data 8.485 (8.405)	Loss 2.2429 (3.2977)	Acc 0.250 (0.109)
Epoch: [1][183/249]	Time 8.634 (9.094)	Data 8.057 (8.403)	Loss 2.0782 (3.2911)	Acc 0.250 (0.109)
Epoch: [1][184/249]	Time 9.480 (9.096)	Data 8.916 (8.406)	Loss 2.3269 (3.2858)	Acc 0.000 (0.109)
Epoch: [1][185/249]	Time 9.322 (9.097)	Data 8.759 (8.408)	Loss 2.3500 (3.2808)	Acc 0.000 (0.108)
Epoch: [1][186/249]	Time 8.941 (9.096)	Data 8.364 (8.408)	Loss 1.9786 (3.2738)	Acc 0.250 (0.109)
Epoch: [1][187/249]	Time 8.751 (9.095)	Data 8.190 (8.407)	Loss 2.0603 (3.2673)	Acc 0.250 (0.110)
Epoch: [1][188/249]	Time 9.301 (9.096)	Data 8.731 (8.408)	Loss 2.5462 (3.2635)	Acc 0.000 (0.109)
Epoch: [1][189/249]	Time 8.922 (9.095)	Data 8.358 (8.408)	Loss 2.4019 (3.2589)	Acc 0.000 (0.108)
Epoch: [1][190/249]	Time 8.789 (9.093)	Data 8.217 (8.407)	Loss 2.1767 (3.2532)	Acc 0.000 (0.108)
Epoch: [1][191/249]	Time 8.857 (9.092)	Data 8.283 (8.406)	Loss 2.8950 (3.2513)	Acc 0.000 (0.107)
Epoch: [1][192/249]	Time 9.154 (9.092)	Data 8.583 (8.407)	Loss 2.5580 (3.2477)	Acc 0.000 (0.107)
Epoch: [1][193/249]	Time 9.503 (9.094)	Data 8.936 (8.410)	Loss 2.7544 (3.2452)	Acc 0.000 (0.106)
Epoch: [1][194/249]	Time 9.510 (9.097)	Data 8.945 (8.413)	Loss 2.3420 (3.2405)	Acc 0.000 (0.106)
Epoch: [1][195/249]	Time 8.721 (9.095)	Data 8.153 (8.411)	Loss 2.1943 (3.2351)	Acc 0.250 (0.106)
Epoch: [1][196/249]	Time 8.544 (9.092)	Data 7.966 (8.409)	Loss 2.3021 (3.2304)	Acc 0.000 (0.106)
Epoch: [1][197/249]	Time 9.155 (9.092)	Data 8.580 (8.410)	Loss 2.3878 (3.2261)	Acc 0.000 (0.105)
Epoch: [1][198/249]	Time 8.901 (9.091)	Data 8.336 (8.410)	Loss 2.2087 (3.2210)	Acc 0.250 (0.106)
Epoch: [1][199/249]	Time 9.055 (9.091)	Data 8.494 (8.410)	Loss 2.7899 (3.2188)	Acc 0.250 (0.107)
Epoch: [1][200/249]	Time 8.770 (9.089)	Data 8.205 (8.409)	Loss 2.5392 (3.2154)	Acc 0.000 (0.106)
Epoch: [1][201/249]	Time 8.753 (9.088)	Data 8.190 (8.408)	Loss 2.4393 (3.2115)	Acc 0.000 (0.106)
Epoch: [1][202/249]	Time 9.120 (9.088)	Data 8.536 (8.409)	Loss 2.8610 (3.2098)	Acc 0.000 (0.105)
Epoch: [1][203/249]	Time 8.962 (9.087)	Data 8.383 (8.408)	Loss 2.4231 (3.2059)	Acc 0.000 (0.105)
Epoch: [1][204/249]	Time 8.621 (9.085)	Data 8.053 (8.407)	Loss 2.2075 (3.2010)	Acc 0.000 (0.104)
Epoch: [1][205/249]	Time 8.690 (9.083)	Data 8.078 (8.405)	Loss 2.3062 (3.1967)	Acc 0.000 (0.104)
Epoch: [1][206/249]	Time 8.692 (9.081)	Data 8.124 (8.404)	Loss 2.3388 (3.1925)	Acc 0.000 (0.103)
Epoch: [1][207/249]	Time 8.876 (9.080)	Data 8.292 (8.403)	Loss 2.4150 (3.1887)	Acc 0.000 (0.103)
Epoch: [1][208/249]	Time 9.017 (9.080)	Data 8.446 (8.403)	Loss 2.2933 (3.1844)	Acc 0.250 (0.103)
Epoch: [1][209/249]	Time 8.969 (9.079)	Data 8.404 (8.403)	Loss 2.1726 (3.1796)	Acc 0.250 (0.104)
Epoch: [1][210/249]	Time 9.181 (9.080)	Data 8.614 (8.404)	Loss 2.1322 (3.1746)	Acc 0.500 (0.106)
Epoch: [1][211/249]	Time 9.356 (9.081)	Data 8.802 (8.406)	Loss 2.4509 (3.1712)	Acc 0.000 (0.105)
Epoch: [1][212/249]	Time 9.627 (9.084)	Data 9.064 (8.409)	Loss 2.2305 (3.1667)	Acc 0.250 (0.106)
Epoch: [1][213/249]	Time 9.221 (9.084)	Data 8.644 (8.410)	Loss 2.2010 (3.1622)	Acc 0.250 (0.107)
Epoch: [1][214/249]	Time 8.638 (9.082)	Data 8.073 (8.409)	Loss 2.4962 (3.1591)	Acc 0.000 (0.106)
Epoch: [1][215/249]	Time 9.236 (9.083)	Data 8.672 (8.410)	Loss 2.3490 (3.1553)	Acc 0.000 (0.106)
Epoch: [1][216/249]	Time 9.306 (9.084)	Data 8.741 (8.412)	Loss 2.4045 (3.1519)	Acc 0.000 (0.105)
Epoch: [1][217/249]	Time 9.079 (9.084)	Data 8.497 (8.412)	Loss 2.0844 (3.1469)	Acc 0.250 (0.106)
Epoch: [1][218/249]	Time 8.895 (9.083)	Data 8.316 (8.412)	Loss 2.2225 (3.1427)	Acc 0.250 (0.107)
Epoch: [1][219/249]	Time 8.635 (9.081)	Data 8.072 (8.410)	Loss 2.7443 (3.1409)	Acc 0.000 (0.106)
Epoch: [1][220/249]	Time 8.366 (9.078)	Data 7.808 (8.407)	Loss 2.1515 (3.1364)	Acc 0.250 (0.107)
Epoch: [1][221/249]	Time 9.415 (9.079)	Data 8.847 (8.409)	Loss 2.3156 (3.1327)	Acc 0.000 (0.106)
Epoch: [1][222/249]	Time 9.068 (9.079)	Data 8.492 (8.410)	Loss 2.2450 (3.1287)	Acc 0.250 (0.107)
Epoch: [1][223/249]	Time 8.969 (9.079)	Data 8.400 (8.410)	Loss 2.0980 (3.1240)	Acc 0.250 (0.108)
Epoch: [1][224/249]	Time 8.584 (9.077)	Data 8.020 (8.408)	Loss 2.4309 (3.1210)	Acc 0.000 (0.107)
Epoch: [1][225/249]	Time 9.418 (9.078)	Data 8.863 (8.410)	Loss 2.0609 (3.1162)	Acc 0.250 (0.108)
Epoch: [1][226/249]	Time 8.728 (9.077)	Data 8.168 (8.409)	Loss 2.5477 (3.1137)	Acc 0.000 (0.107)
Epoch: [1][227/249]	Time 9.322 (9.078)	Data 8.753 (8.410)	Loss 2.3587 (3.1104)	Acc 0.000 (0.107)
Epoch: [1][228/249]	Time 9.079 (9.078)	Data 8.496 (8.411)	Loss 2.7334 (3.1087)	Acc 0.000 (0.106)
Epoch: [1][229/249]	Time 9.215 (9.078)	Data 8.653 (8.412)	Loss 2.5063 (3.1061)	Acc 0.250 (0.107)
Epoch: [1][230/249]	Time 8.731 (9.077)	Data 8.168 (8.411)	Loss 2.3249 (3.1027)	Acc 0.250 (0.108)
Epoch: [1][231/249]	Time 8.651 (9.075)	Data 8.084 (8.409)	Loss 2.3642 (3.0995)	Acc 0.000 (0.107)
Epoch: [1][232/249]	Time 9.706 (9.078)	Data 9.137 (8.412)	Loss 2.3670 (3.0964)	Acc 0.000 (0.107)
Epoch: [1][233/249]	Time 8.881 (9.077)	Data 8.314 (8.412)	Loss 2.3299 (3.0931)	Acc 0.250 (0.107)
Epoch: [1][234/249]	Time 8.907 (9.076)	Data 8.343 (8.412)	Loss 2.3225 (3.0898)	Acc 0.250 (0.108)
Epoch: [1][235/249]	Time 9.052 (9.076)	Data 8.486 (8.412)	Loss 2.1794 (3.0859)	Acc 0.250 (0.109)
Epoch: [1][236/249]	Time 8.745 (9.075)	Data 8.191 (8.411)	Loss 2.4471 (3.0832)	Acc 0.250 (0.109)
Epoch: [1][237/249]	Time 9.217 (9.075)	Data 8.641 (8.412)	Loss 2.2178 (3.0795)	Acc 0.000 (0.109)
Epoch: [1][238/249]	Time 9.009 (9.075)	Data 8.405 (8.412)	Loss 2.4574 (3.0769)	Acc 0.000 (0.108)
Epoch: [1][239/249]	Time 9.276 (9.076)	Data 8.706 (8.413)	Loss 2.4775 (3.0744)	Acc 0.000 (0.108)
Epoch: [1][240/249]	Time 8.828 (9.075)	Data 8.266 (8.413)	Loss 2.3554 (3.0714)	Acc 0.250 (0.108)
Epoch: [1][241/249]	Time 8.506 (9.072)	Data 7.942 (8.411)	Loss 2.5033 (3.0691)	Acc 0.000 (0.108)
Epoch: [1][242/249]	Time 9.223 (9.073)	Data 8.660 (8.412)	Loss 2.4616 (3.0666)	Acc 0.000 (0.107)
Epoch: [1][243/249]	Time 8.951 (9.072)	Data 8.370 (8.412)	Loss 2.3946 (3.0638)	Acc 0.250 (0.108)
Epoch: [1][244/249]	Time 8.589 (9.070)	Data 8.020 (8.410)	Loss 2.5015 (3.0615)	Acc 0.000 (0.108)
Epoch: [1][245/249]	Time 8.619 (9.069)	Data 8.053 (8.409)	Loss 2.2183 (3.0581)	Acc 0.250 (0.108)
Epoch: [1][246/249]	Time 8.811 (9.068)	Data 8.250 (8.408)	Loss 2.3451 (3.0552)	Acc 0.000 (0.108)
Epoch: [1][247/249]	Time 8.686 (9.066)	Data 8.117 (8.407)	Loss 2.3523 (3.0523)	Acc 0.000 (0.107)
Epoch: [1][248/249]	Time 7.392 (9.059)	Data 6.811 (8.400)	Loss 2.3440 (3.0495)	Acc 0.250 (0.108)
Epoch: [1][249/249]	Time 1.579 (9.029)	Data 0.613 (8.369)	Loss 1.9967 (3.0463)	Acc 0.333 (0.109)
validation at epoch 1
Epoch: [1][1/50]	Time 16.685 (16.685)	Data 16.236 (16.236)	Loss 2.2485 (2.2485)	Acc 0.250 (0.250)
Epoch: [1][2/50]	Time 8.656 (12.670)	Data 8.219 (12.228)	Loss 2.2773 (2.2629)	Acc 0.000 (0.125)
Epoch: [1][3/50]	Time 8.653 (11.331)	Data 8.220 (10.892)	Loss 2.4715 (2.3324)	Acc 0.250 (0.167)
Epoch: [1][4/50]	Time 8.206 (10.550)	Data 7.753 (10.107)	Loss 2.2869 (2.3210)	Acc 0.000 (0.125)
Epoch: [1][5/50]	Time 8.418 (10.124)	Data 7.986 (9.683)	Loss 2.5056 (2.3579)	Acc 0.000 (0.100)
Epoch: [1][6/50]	Time 9.044 (9.944)	Data 8.602 (9.503)	Loss 2.2701 (2.3433)	Acc 0.250 (0.125)
Epoch: [1][7/50]	Time 9.111 (9.825)	Data 8.670 (9.384)	Loss 2.5488 (2.3727)	Acc 0.000 (0.107)
Epoch: [1][8/50]	Time 8.686 (9.682)	Data 8.252 (9.242)	Loss 2.1547 (2.3454)	Acc 0.250 (0.125)
Epoch: [1][9/50]	Time 8.805 (9.585)	Data 8.354 (9.144)	Loss 2.6906 (2.3838)	Acc 0.000 (0.111)
Epoch: [1][10/50]	Time 8.476 (9.474)	Data 8.042 (9.034)	Loss 2.1317 (2.3586)	Acc 0.250 (0.125)
Epoch: [1][11/50]	Time 8.737 (9.407)	Data 8.304 (8.967)	Loss 2.4874 (2.3703)	Acc 0.000 (0.114)
Epoch: [1][12/50]	Time 8.699 (9.348)	Data 8.256 (8.908)	Loss 2.4540 (2.3772)	Acc 0.000 (0.104)
Epoch: [1][13/50]	Time 8.185 (9.259)	Data 7.751 (8.819)	Loss 2.2782 (2.3696)	Acc 0.000 (0.096)
Epoch: [1][14/50]	Time 8.641 (9.214)	Data 8.198 (8.775)	Loss 2.4317 (2.3741)	Acc 0.000 (0.089)
Epoch: [1][15/50]	Time 9.175 (9.212)	Data 8.736 (8.772)	Loss 2.4950 (2.3821)	Acc 0.000 (0.083)
Epoch: [1][16/50]	Time 8.777 (9.185)	Data 8.344 (8.745)	Loss 2.3747 (2.3817)	Acc 0.000 (0.078)
Epoch: [1][17/50]	Time 9.046 (9.177)	Data 8.594 (8.736)	Loss 2.2848 (2.3760)	Acc 0.000 (0.074)
Epoch: [1][18/50]	Time 9.021 (9.168)	Data 8.588 (8.728)	Loss 2.6045 (2.3887)	Acc 0.000 (0.069)
Epoch: [1][19/50]	Time 8.731 (9.145)	Data 8.294 (8.705)	Loss 2.2112 (2.3793)	Acc 0.000 (0.066)
Epoch: [1][20/50]	Time 8.667 (9.121)	Data 8.231 (8.682)	Loss 2.5247 (2.3866)	Acc 0.000 (0.062)
Epoch: [1][21/50]	Time 8.540 (9.093)	Data 8.109 (8.654)	Loss 2.1310 (2.3744)	Acc 0.250 (0.071)
Epoch: [1][22/50]	Time 8.191 (9.052)	Data 7.760 (8.614)	Loss 2.5164 (2.3809)	Acc 0.000 (0.068)
Epoch: [1][23/50]	Time 8.328 (9.021)	Data 7.845 (8.580)	Loss 2.1281 (2.3699)	Acc 0.250 (0.076)
Epoch: [1][24/50]	Time 9.247 (9.030)	Data 8.817 (8.590)	Loss 2.4921 (2.3750)	Acc 0.000 (0.073)
Epoch: [1][25/50]	Time 8.965 (9.028)	Data 8.515 (8.587)	Loss 2.3899 (2.3756)	Acc 0.250 (0.080)
Epoch: [1][26/50]	Time 8.287 (8.999)	Data 7.854 (8.559)	Loss 2.1490 (2.3669)	Acc 0.250 (0.087)
Epoch: [1][27/50]	Time 8.870 (8.994)	Data 8.430 (8.554)	Loss 2.2831 (2.3638)	Acc 0.000 (0.083)
Epoch: [1][28/50]	Time 8.716 (8.984)	Data 8.271 (8.544)	Loss 2.4358 (2.3663)	Acc 0.000 (0.080)
Epoch: [1][29/50]	Time 8.552 (8.970)	Data 8.120 (8.529)	Loss 2.1474 (2.3588)	Acc 0.250 (0.086)
Epoch: [1][30/50]	Time 8.244 (8.945)	Data 7.794 (8.505)	Loss 2.7419 (2.3715)	Acc 0.000 (0.083)
Epoch: [1][31/50]	Time 8.239 (8.923)	Data 7.795 (8.482)	Loss 2.1801 (2.3654)	Acc 0.250 (0.089)
Epoch: [1][32/50]	Time 8.228 (8.901)	Data 7.798 (8.461)	Loss 2.2591 (2.3620)	Acc 0.000 (0.086)
Epoch: [1][33/50]	Time 8.415 (8.886)	Data 7.972 (8.446)	Loss 2.2558 (2.3588)	Acc 0.250 (0.091)
Epoch: [1][34/50]	Time 8.821 (8.884)	Data 8.379 (8.444)	Loss 2.5131 (2.3634)	Acc 0.000 (0.088)
Epoch: [1][35/50]	Time 8.744 (8.880)	Data 8.312 (8.440)	Loss 2.0461 (2.3543)	Acc 0.250 (0.093)
Epoch: [1][36/50]	Time 8.379 (8.866)	Data 7.947 (8.426)	Loss 2.3676 (2.3547)	Acc 0.000 (0.090)
Epoch: [1][37/50]	Time 9.019 (8.870)	Data 8.576 (8.430)	Loss 2.1341 (2.3487)	Acc 0.250 (0.095)
Epoch: [1][38/50]	Time 8.940 (8.872)	Data 8.507 (8.432)	Loss 2.4394 (2.3511)	Acc 0.000 (0.092)
Epoch: [1][39/50]	Time 8.572 (8.865)	Data 8.125 (8.425)	Loss 2.1225 (2.3452)	Acc 0.250 (0.096)
Epoch: [1][40/50]	Time 8.790 (8.863)	Data 8.358 (8.423)	Loss 2.3123 (2.3444)	Acc 0.000 (0.094)
Epoch: [1][41/50]	Time 8.644 (8.857)	Data 8.203 (8.418)	Loss 2.1299 (2.3392)	Acc 0.250 (0.098)
Epoch: [1][42/50]	Time 8.536 (8.850)	Data 8.085 (8.410)	Loss 2.5282 (2.3437)	Acc 0.000 (0.095)
Epoch: [1][43/50]	Time 8.305 (8.837)	Data 7.874 (8.397)	Loss 2.1759 (2.3398)	Acc 0.250 (0.099)
Epoch: [1][44/50]	Time 8.607 (8.832)	Data 8.159 (8.392)	Loss 2.3971 (2.3411)	Acc 0.000 (0.097)
Epoch: [1][45/50]	Time 8.811 (8.831)	Data 8.379 (8.391)	Loss 2.4681 (2.3439)	Acc 0.000 (0.094)
Epoch: [1][46/50]	Time 8.540 (8.825)	Data 8.093 (8.385)	Loss 2.1723 (2.3402)	Acc 0.250 (0.098)
Epoch: [1][47/50]	Time 8.995 (8.829)	Data 8.554 (8.389)	Loss 2.4486 (2.3425)	Acc 0.000 (0.096)
Epoch: [1][48/50]	Time 8.899 (8.830)	Data 8.466 (8.390)	Loss 2.1422 (2.3383)	Acc 0.000 (0.094)
Epoch: [1][49/50]	Time 3.340 (8.718)	Data 2.861 (8.277)	Loss 2.2804 (2.3371)	Acc 0.000 (0.092)
Epoch: [1][50/50]	Time 0.397 (8.552)	Data 0.000 (8.112)	Loss 3.3008 (2.3420)	Acc 0.000 (0.091)
train at epoch 2
Epoch: [2][1/249]	Time 18.340 (18.340)	Data 17.724 (17.724)	Loss 2.5967 (2.5967)	Acc 0.000 (0.000)
Epoch: [2][2/249]	Time 9.394 (13.867)	Data 8.827 (13.275)	Loss 2.1754 (2.3861)	Acc 0.000 (0.000)
Epoch: [2][3/249]	Time 8.721 (12.151)	Data 8.149 (11.567)	Loss 2.3143 (2.3622)	Acc 0.250 (0.083)
Epoch: [2][4/249]	Time 8.872 (11.332)	Data 8.312 (10.753)	Loss 2.3434 (2.3575)	Acc 0.250 (0.125)
Epoch: [2][5/249]	Time 8.563 (10.778)	Data 8.008 (10.204)	Loss 2.4014 (2.3663)	Acc 0.000 (0.100)
Epoch: [2][6/249]	Time 9.008 (10.483)	Data 8.444 (9.911)	Loss 2.3424 (2.3623)	Acc 0.000 (0.083)
Epoch: [2][7/249]	Time 9.286 (10.312)	Data 8.705 (9.738)	Loss 2.2459 (2.3457)	Acc 0.250 (0.107)
Epoch: [2][8/249]	Time 9.152 (10.167)	Data 8.587 (9.594)	Loss 1.9242 (2.2930)	Acc 0.250 (0.125)
Epoch: [2][9/249]	Time 8.856 (10.021)	Data 8.293 (9.450)	Loss 2.7436 (2.3430)	Acc 0.000 (0.111)
Epoch: [2][10/249]	Time 8.600 (9.879)	Data 8.038 (9.309)	Loss 1.8532 (2.2941)	Acc 0.500 (0.150)
Epoch: [2][11/249]	Time 8.693 (9.771)	Data 8.125 (9.201)	Loss 2.4063 (2.3043)	Acc 0.000 (0.136)
Epoch: [2][12/249]	Time 9.177 (9.722)	Data 8.604 (9.151)	Loss 2.2820 (2.3024)	Acc 0.000 (0.125)
Epoch: [2][13/249]	Time 9.260 (9.686)	Data 8.693 (9.116)	Loss 2.3473 (2.3059)	Acc 0.250 (0.135)
Epoch: [2][14/249]	Time 8.764 (9.620)	Data 8.200 (9.051)	Loss 2.1909 (2.2977)	Acc 0.000 (0.125)
Epoch: [2][15/249]	Time 8.772 (9.564)	Data 8.207 (8.994)	Loss 1.8698 (2.2691)	Acc 0.250 (0.133)
Epoch: [2][16/249]	Time 8.697 (9.510)	Data 8.137 (8.941)	Loss 2.3091 (2.2716)	Acc 0.250 (0.141)
Epoch: [2][17/249]	Time 8.834 (9.470)	Data 8.255 (8.900)	Loss 2.5988 (2.2909)	Acc 0.000 (0.132)
Epoch: [2][18/249]	Time 9.195 (9.455)	Data 8.632 (8.886)	Loss 2.7014 (2.3137)	Acc 0.000 (0.125)
Epoch: [2][19/249]	Time 9.559 (9.460)	Data 8.981 (8.891)	Loss 2.1771 (2.3065)	Acc 0.000 (0.118)
Epoch: [2][20/249]	Time 8.816 (9.428)	Data 8.254 (8.859)	Loss 2.7738 (2.3299)	Acc 0.000 (0.113)
Epoch: [2][21/249]	Time 8.528 (9.385)	Data 7.967 (8.816)	Loss 2.8514 (2.3547)	Acc 0.000 (0.107)
Epoch: [2][22/249]	Time 8.851 (9.361)	Data 8.281 (8.792)	Loss 2.3312 (2.3536)	Acc 0.000 (0.102)
Epoch: [2][23/249]	Time 8.716 (9.333)	Data 8.150 (8.764)	Loss 2.3386 (2.3530)	Acc 0.000 (0.098)
Epoch: [2][24/249]	Time 8.528 (9.299)	Data 7.958 (8.730)	Loss 2.7447 (2.3693)	Acc 0.000 (0.094)
Epoch: [2][25/249]	Time 8.901 (9.283)	Data 8.336 (8.715)	Loss 2.4408 (2.3722)	Acc 0.000 (0.090)
Epoch: [2][26/249]	Time 8.770 (9.264)	Data 8.207 (8.695)	Loss 2.2784 (2.3685)	Acc 0.250 (0.096)
Epoch: [2][27/249]	Time 9.236 (9.263)	Data 8.677 (8.695)	Loss 2.1410 (2.3601)	Acc 0.500 (0.111)
Epoch: [2][28/249]	Time 9.148 (9.259)	Data 8.568 (8.690)	Loss 2.4845 (2.3646)	Acc 0.000 (0.107)
Epoch: [2][29/249]	Time 8.923 (9.247)	Data 8.365 (8.679)	Loss 2.2555 (2.3608)	Acc 0.250 (0.112)
Epoch: [2][30/249]	Time 8.485 (9.222)	Data 7.918 (8.653)	Loss 2.5063 (2.3657)	Acc 0.000 (0.108)
Epoch: [2][31/249]	Time 8.319 (9.192)	Data 7.759 (8.625)	Loss 2.1668 (2.3592)	Acc 0.250 (0.113)
Epoch: [2][32/249]	Time 8.648 (9.175)	Data 8.086 (8.608)	Loss 2.4025 (2.3606)	Acc 0.000 (0.109)
Epoch: [2][33/249]	Time 8.918 (9.168)	Data 8.344 (8.600)	Loss 2.3856 (2.3614)	Acc 0.000 (0.106)
Epoch: [2][34/249]	Time 8.783 (9.156)	Data 8.218 (8.588)	Loss 2.3754 (2.3618)	Acc 0.000 (0.103)
Epoch: [2][35/249]	Time 8.679 (9.143)	Data 8.112 (8.575)	Loss 2.3605 (2.3617)	Acc 0.250 (0.107)
Epoch: [2][36/249]	Time 9.457 (9.151)	Data 8.894 (8.584)	Loss 2.3679 (2.3619)	Acc 0.000 (0.104)
Epoch: [2][37/249]	Time 8.483 (9.133)	Data 7.920 (8.566)	Loss 2.4878 (2.3653)	Acc 0.000 (0.101)
Epoch: [2][38/249]	Time 8.549 (9.118)	Data 7.971 (8.550)	Loss 2.1776 (2.3604)	Acc 0.000 (0.099)
Epoch: [2][39/249]	Time 9.871 (9.137)	Data 9.305 (8.570)	Loss 2.3971 (2.3613)	Acc 0.000 (0.096)
Epoch: [2][40/249]	Time 9.033 (9.135)	Data 8.462 (8.567)	Loss 2.1456 (2.3559)	Acc 0.250 (0.100)
Epoch: [2][41/249]	Time 8.494 (9.119)	Data 7.931 (8.551)	Loss 2.2610 (2.3536)	Acc 0.250 (0.104)
Epoch: [2][42/249]	Time 8.753 (9.110)	Data 8.196 (8.543)	Loss 2.3610 (2.3538)	Acc 0.000 (0.101)
Epoch: [2][43/249]	Time 8.429 (9.094)	Data 7.866 (8.527)	Loss 2.4623 (2.3563)	Acc 0.250 (0.105)
Epoch: [2][44/249]	Time 8.471 (9.080)	Data 7.902 (8.513)	Loss 2.1345 (2.3513)	Acc 0.250 (0.108)
Epoch: [2][45/249]	Time 8.414 (9.066)	Data 7.849 (8.498)	Loss 2.2755 (2.3496)	Acc 0.250 (0.111)
Epoch: [2][46/249]	Time 8.545 (9.054)	Data 7.979 (8.487)	Loss 2.3846 (2.3503)	Acc 0.000 (0.109)
Epoch: [2][47/249]	Time 8.877 (9.050)	Data 8.311 (8.483)	Loss 2.2323 (2.3478)	Acc 0.250 (0.112)
Epoch: [2][48/249]	Time 8.246 (9.034)	Data 7.679 (8.466)	Loss 2.7518 (2.3562)	Acc 0.000 (0.109)
Epoch: [2][49/249]	Time 9.648 (9.046)	Data 9.068 (8.479)	Loss 2.2037 (2.3531)	Acc 0.250 (0.112)
Epoch: [2][50/249]	Time 8.774 (9.041)	Data 8.206 (8.473)	Loss 2.3217 (2.3525)	Acc 0.000 (0.110)
Epoch: [2][51/249]	Time 9.314 (9.046)	Data 8.742 (8.478)	Loss 2.4661 (2.3547)	Acc 0.000 (0.108)
Epoch: [2][52/249]	Time 8.673 (9.039)	Data 8.105 (8.471)	Loss 2.1788 (2.3513)	Acc 0.250 (0.111)
Epoch: [2][53/249]	Time 8.947 (9.037)	Data 8.386 (8.470)	Loss 2.2293 (2.3490)	Acc 0.000 (0.108)
Epoch: [2][54/249]	Time 9.055 (9.038)	Data 8.472 (8.470)	Loss 2.2486 (2.3472)	Acc 0.250 (0.111)
Epoch: [2][55/249]	Time 8.793 (9.033)	Data 8.222 (8.465)	Loss 1.9000 (2.3390)	Acc 0.250 (0.114)
Epoch: [2][56/249]	Time 8.815 (9.029)	Data 8.245 (8.461)	Loss 2.2942 (2.3382)	Acc 0.000 (0.112)
Epoch: [2][57/249]	Time 8.688 (9.023)	Data 8.125 (8.455)	Loss 2.2937 (2.3375)	Acc 0.250 (0.114)
Epoch: [2][58/249]	Time 9.071 (9.024)	Data 8.505 (8.456)	Loss 2.2969 (2.3368)	Acc 0.000 (0.112)
Epoch: [2][59/249]	Time 9.052 (9.024)	Data 8.482 (8.457)	Loss 2.5680 (2.3407)	Acc 0.000 (0.110)
Epoch: [2][60/249]	Time 8.865 (9.022)	Data 8.282 (8.454)	Loss 2.3282 (2.3405)	Acc 0.000 (0.108)
Epoch: [2][61/249]	Time 9.207 (9.025)	Data 8.585 (8.456)	Loss 2.3742 (2.3410)	Acc 0.000 (0.107)
Epoch: [2][62/249]	Time 9.034 (9.025)	Data 8.470 (8.456)	Loss 2.7664 (2.3479)	Acc 0.000 (0.105)
Epoch: [2][63/249]	Time 9.400 (9.031)	Data 8.838 (8.462)	Loss 2.2832 (2.3469)	Acc 0.000 (0.103)
Epoch: [2][64/249]	Time 9.235 (9.034)	Data 8.670 (8.465)	Loss 2.5549 (2.3501)	Acc 0.000 (0.102)
Epoch: [2][65/249]	Time 8.866 (9.032)	Data 8.291 (8.463)	Loss 2.4019 (2.3509)	Acc 0.000 (0.100)
Epoch: [2][66/249]	Time 9.215 (9.034)	Data 8.647 (8.466)	Loss 2.3909 (2.3515)	Acc 0.000 (0.098)
Epoch: [2][67/249]	Time 9.238 (9.037)	Data 8.660 (8.468)	Loss 2.5655 (2.3547)	Acc 0.000 (0.097)
Epoch: [2][68/249]	Time 8.276 (9.026)	Data 7.709 (8.457)	Loss 2.2160 (2.3527)	Acc 0.000 (0.096)
Epoch: [2][69/249]	Time 9.216 (9.029)	Data 8.648 (8.460)	Loss 2.3797 (2.3531)	Acc 0.250 (0.098)
Epoch: [2][70/249]	Time 8.951 (9.028)	Data 8.374 (8.459)	Loss 2.2877 (2.3521)	Acc 0.000 (0.096)
Epoch: [2][71/249]	Time 9.098 (9.029)	Data 8.538 (8.460)	Loss 2.1623 (2.3495)	Acc 0.250 (0.099)
Epoch: [2][72/249]	Time 8.600 (9.023)	Data 8.030 (8.454)	Loss 2.1543 (2.3467)	Acc 0.000 (0.097)
Epoch: [2][73/249]	Time 8.816 (9.020)	Data 8.250 (8.451)	Loss 2.1250 (2.3437)	Acc 0.250 (0.099)
Epoch: [2][74/249]	Time 8.502 (9.013)	Data 7.940 (8.444)	Loss 2.4471 (2.3451)	Acc 0.000 (0.098)
Epoch: [2][75/249]	Time 8.989 (9.013)	Data 8.414 (8.444)	Loss 2.2466 (2.3438)	Acc 0.000 (0.097)
Epoch: [2][76/249]	Time 9.356 (9.017)	Data 8.791 (8.448)	Loss 2.1842 (2.3417)	Acc 0.000 (0.095)
Epoch: [2][77/249]	Time 9.163 (9.019)	Data 8.601 (8.450)	Loss 2.5209 (2.3440)	Acc 0.000 (0.094)
Epoch: [2][78/249]	Time 9.002 (9.019)	Data 8.417 (8.450)	Loss 2.4023 (2.3448)	Acc 0.000 (0.093)
Epoch: [2][79/249]	Time 8.651 (9.014)	Data 8.088 (8.445)	Loss 2.4338 (2.3459)	Acc 0.250 (0.095)
Epoch: [2][80/249]	Time 9.138 (9.016)	Data 8.564 (8.447)	Loss 2.6289 (2.3494)	Acc 0.000 (0.094)
Epoch: [2][81/249]	Time 9.262 (9.019)	Data 8.690 (8.450)	Loss 2.1182 (2.3466)	Acc 0.000 (0.093)
Epoch: [2][82/249]	Time 8.925 (9.018)	Data 8.364 (8.449)	Loss 2.4537 (2.3479)	Acc 0.000 (0.091)
Epoch: [2][83/249]	Time 8.828 (9.015)	Data 8.258 (8.447)	Loss 2.5974 (2.3509)	Acc 0.000 (0.090)
Epoch: [2][84/249]	Time 8.279 (9.007)	Data 7.709 (8.438)	Loss 2.2223 (2.3494)	Acc 0.000 (0.089)
Epoch: [2][85/249]	Time 8.594 (9.002)	Data 8.018 (8.433)	Loss 2.2960 (2.3487)	Acc 0.000 (0.088)
